//
//  VFR compiler version  2.01 (UEFI 2.4) Developer Build based on Revision: Unknown
//
#line 1 "D:\\uefi_specs_personal_collections\\edk2\\NetworkPkg\\VlanConfigDxe\\VlanConfig.vfr"
#line 1 "d:\\uefi_specs_personal_collections\\csdn\\Build\\OvmfX64\\DEBUG_VS2019\\X64\\NetworkPkg\\VlanConfigDxe\\VlanConfigDxe\\DEBUG\\VlanConfigDxeStrDefs.h"




































extern unsigned char VlanConfigDxeStrings[];




























#line 67 "d:\\uefi_specs_personal_collections\\csdn\\Build\\OvmfX64\\DEBUG_VS2019\\X64\\NetworkPkg\\VlanConfigDxe\\VlanConfigDxe\\DEBUG\\VlanConfigDxeStrDefs.h"

#line 69 "d:\\uefi_specs_personal_collections\\csdn\\Build\\OvmfX64\\DEBUG_VS2019\\X64\\NetworkPkg\\VlanConfigDxe\\VlanConfigDxe\\DEBUG\\VlanConfigDxeStrDefs.h"
#line 1 "D:\\uefi_specs_personal_collections\\edk2\\NetworkPkg\\VlanConfigDxe\\VlanConfig.vfr"








#line 1 "D:\\uefi_specs_personal_collections\\edk2\\NetworkPkg\\VlanConfigDxe\\VlanConfigNvData.h"











#line 1 "D:\\uefi_specs_personal_collections\\edk2\\MdePkg\\Include\\Guid/HiiPlatformSetupFormset.h"



























extern EFI_GUID  gEfiHiiPlatformSetupFormsetGuid;
extern EFI_GUID  gEfiHiiDriverHealthFormsetGuid;
extern EFI_GUID  gEfiHiiUserCredentialFormsetGuid;
extern EFI_GUID  gEfiHiiRestStyleFormsetGuid;

#line 34 "D:\\uefi_specs_personal_collections\\edk2\\MdePkg\\Include\\Guid/HiiPlatformSetupFormset.h"
#line 13 "D:\\uefi_specs_personal_collections\\edk2\\NetworkPkg\\VlanConfigDxe\\VlanConfigNvData.h"
#line 1 "D:\\uefi_specs_personal_collections\\edk2\\NetworkPkg\\Include\\Guid/VlanConfigHii.h"
















extern EFI_GUID  { 0xd79df6b0, 0xef44, 0x43bd, { 0x97, 0x97, 0x43, 0xe9, 0x3b, 0xcf, 0x5f, 0xa8 }};

#line 20 "D:\\uefi_specs_personal_collections\\edk2\\NetworkPkg\\Include\\Guid/VlanConfigHii.h"
#line 14 "D:\\uefi_specs_personal_collections\\edk2\\NetworkPkg\\VlanConfigDxe\\VlanConfigNvData.h"




















typedef struct {
  UINT16    VlanId;
  UINT8     Priority;
  UINT8     VlanList[100];
} VLAN_CONFIGURATION;

#line 41 "D:\\uefi_specs_personal_collections\\edk2\\NetworkPkg\\VlanConfigDxe\\VlanConfigNvData.h"
#line 10 "D:\\uefi_specs_personal_collections\\edk2\\NetworkPkg\\VlanConfigDxe\\VlanConfig.vfr"

formset
>00000000: 0E A7 B0 F6 9D D7 44 EF BD 43 97 97 43 E9 3B CF 5F A8 02 00 03 00 01 71 99 03 93 45 85 04 4B B4 5E 32 EB 83 26 04 0E 
>00000027: 5C 06 00 00 00 00 
>0000002D: 5C 06 00 00 01 00 
  guid      = { 0xd79df6b0, 0xef44, 0x43bd, {0x97, 0x97, 0x43, 0xe9, 0x3b, 0xcf, 0x5f, 0xa8 } },
  title     = STRING_TOKEN(0x0002),
  help      = STRING_TOKEN(0x0003),
  classguid = { 0x93039971, 0x8545, 0x4b04, { 0xb4, 0x5e, 0x32, 0xeb, 0x83, 0x26, 0x4, 0xe } },

  varstore VLAN_CONFIGURATION,
>00000033: 24 21 B0 F6 9D D7 44 EF BD 43 97 97 43 E9 3B CF 5F A8 01 00 68 00 56 6C 61 6E 4E 76 44 61 74 61 00 
    varid = 0x0001,
    name  = VlanNvData,
    guid  = { 0xd79df6b0, 0xef44, 0x43bd, {0x97, 0x97, 0x43, 0xe9, 0x3b, 0xcf, 0x5f, 0xa8 } };

  form formid = 0x0002,
>00000054: 01 86 02 00 04 00 
    title  = STRING_TOKEN(0x0004);

    goto 0x0001,
>0000005A: 0F 0F 12 00 13 00 00 30 00 00 FF FF 04 01 00 
    prompt = STRING_TOKEN (0x0012),
    help   = STRING_TOKEN (0x0013),
    flags  = INTERACTIVE,
    key    = 0x3000;

  endform;
>00000069: 29 02 

  form formid = 0x0001,
>0000006B: 01 86 01 00 04 00 
    title = STRING_TOKEN(0x0004);

    subtitle text = STRING_TOKEN(0x0006);
>00000071: 02 87 06 00 00 00 00 
>00000078: 29 02 

    numeric varid   = VlanNvData.VlanId,
>0000007A: 07 94 07 00 08 00 01 00 01 00 00 00 00 11 00 00 FE 0F 00 00 
            prompt  = STRING_TOKEN(0x0007),
            help    = STRING_TOKEN(0x0008),
            minimum = 0,
            maximum = 4094,
    endnumeric;
>0000008E: 29 02 

    numeric varid   = VlanNvData.Priority,
>00000090: 07 91 09 00 0A 00 02 00 01 00 02 00 00 10 00 07 00 
            prompt  = STRING_TOKEN(0x0009),
            help    = STRING_TOKEN(0x000A),
            minimum = 0,
            maximum = 7,
    endnumeric;
>000000A1: 29 02 

    text
      help   = STRING_TOKEN(0x000C),
      text   = STRING_TOKEN(0x000B),
      flags  = INTERACTIVE,
>000000A3: 0C 8F 0B 00 0C 00 00 10 00 00 FF FF 04 00 00 
      key    = 0x1000;
>000000B2: 29 02 

    subtitle text = STRING_TOKEN(0x0011);
>000000B4: 02 87 11 00 00 00 00 
>000000BB: 29 02 
    subtitle text = STRING_TOKEN(0x000D);
>000000BD: 02 87 0D 00 00 00 00 
>000000C4: 29 02 

    label 0x0001;
>000000C6: 5F 15 35 17 0B 0F A0 87 93 41 B2 66 53 8C 38 AF 48 CE 00 01 00 
    label 0xffff;
>000000DB: 5F 15 35 17 0B 0F A0 87 93 41 B2 66 53 8C 38 AF 48 CE 00 FF FF 

    text
      help   = STRING_TOKEN(0x0010),
      text   = STRING_TOKEN(0x000F),
      flags  = INTERACTIVE,
>000000F0: 0C 8F 0F 00 10 00 00 20 00 00 FF FF 04 00 00 
      key    = 0x2000;
>000000FF: 29 02 

  endform;
>00000101: 29 02 

endformset;
>00000103: 29 02 

//
// All Opcode Record List 
//
>00000000: 0E A7 B0 F6 9D D7 44 EF BD 43 97 97 43 E9 3B CF 5F A8 02 00 03 00 01 71 99 03 93 45 85 04 4B B4 5E 32 EB 83 26 04 0E 
>00000027: 5C 06 00 00 00 00 
>0000002D: 5C 06 00 00 01 00 
>00000033: 24 21 B0 F6 9D D7 44 EF BD 43 97 97 43 E9 3B CF 5F A8 01 00 68 00 56 6C 61 6E 4E 76 44 61 74 61 00 
>00000054: 01 86 02 00 04 00 
>0000005A: 0F 0F 12 00 13 00 00 30 00 00 FF FF 04 01 00 
>00000069: 29 02 
>0000006B: 01 86 01 00 04 00 
>00000071: 02 87 06 00 00 00 00 
>00000078: 29 02 
>0000007A: 07 94 07 00 08 00 01 00 01 00 00 00 00 11 00 00 FE 0F 00 00 
>0000008E: 29 02 
>00000090: 07 91 09 00 0A 00 02 00 01 00 02 00 00 10 00 07 00 
>000000A1: 29 02 
>000000A3: 0C 8F 0B 00 0C 00 00 10 00 00 FF FF 04 00 00 
>000000B2: 29 02 
>000000B4: 02 87 11 00 00 00 00 
>000000BB: 29 02 
>000000BD: 02 87 0D 00 00 00 00 
>000000C4: 29 02 
>000000C6: 5F 15 35 17 0B 0F A0 87 93 41 B2 66 53 8C 38 AF 48 CE 00 01 00 
>000000DB: 5F 15 35 17 0B 0F A0 87 93 41 B2 66 53 8C 38 AF 48 CE 00 FF FF 
>000000F0: 0C 8F 0F 00 10 00 00 20 00 00 FF FF 04 00 00 
>000000FF: 29 02 
>00000101: 29 02 
>00000103: 29 02 

Total Size of all record is 0x00000105


***************************************************************
		mPackAlign = 8
		struct VLAN_CONFIGURATION : mAlign [2] mTotalSize [0x68]

		struct VLAN_CONFIGURATION {
			+00000000[00000000] VlanId <UINT16>
			+00000002[00000002] Priority <UINT8>
			+00000003[00000003] VlanList[100] <UINT8>
		};
---------------------------------------------------------------
		struct EFI_HII_REF : mAlign [16] mTotalSize [0x16]

		struct EFI_HII_REF {
			+00000000[00000000] QuestionId <UINT16>
			+00000002[00000002] FormId <UINT16>
			+00000004[00000004] FormSetGuid <(null)>
			+00000020[00000014] DevicePath <EFI_STRING_ID>
		};
---------------------------------------------------------------
		struct EFI_HII_TIME : mAlign [1] mTotalSize [0x3]

		struct EFI_HII_TIME {
			+00000000[00000000] Hours <UINT8>
			+00000001[00000001] Minutes <UINT8>
			+00000002[00000002] Seconds <UINT8>
		};
---------------------------------------------------------------
		struct EFI_STRING_ID : mAlign [2] mTotalSize [0x2]

		struct EFI_STRING_ID {
		};
---------------------------------------------------------------
		struct EFI_HII_DATE : mAlign [2] mTotalSize [0x4]

		struct EFI_HII_DATE {
			+00000000[00000000] Year <UINT16>
			+00000002[00000002] Month <UINT8>
			+00000003[00000003] Day <UINT8>
		};
---------------------------------------------------------------
		struct BOOLEAN : mAlign [1] mTotalSize [0x1]

		struct BOOLEAN {
		};
---------------------------------------------------------------
		struct UINT8 : mAlign [1] mTotalSize [0x1]

		struct UINT8 {
		};
---------------------------------------------------------------
		struct UINT16 : mAlign [2] mTotalSize [0x2]

		struct UINT16 {
		};
---------------------------------------------------------------
		struct UINT32 : mAlign [4] mTotalSize [0x4]

		struct UINT32 {
		};
---------------------------------------------------------------
		struct UINT64 : mAlign [8] mTotalSize [0x8]

		struct UINT64 {
		};
---------------------------------------------------------------
***************************************************************
