d:/uefi_specs_personal_collections/csdn/Build/OvmfX64/DEBUG_VS2019/X64/StdLib/LibC/Locale/Locale/OUTPUT/__mb_cur_max.obj
d:/uefi_specs_personal_collections/csdn/Build/OvmfX64/DEBUG_VS2019/X64/StdLib/LibC/Locale/Locale/OUTPUT/_def_messages.obj
d:/uefi_specs_personal_collections/csdn/Build/OvmfX64/DEBUG_VS2019/X64/StdLib/LibC/Locale/Locale/OUTPUT/_def_monetary.obj
d:/uefi_specs_personal_collections/csdn/Build/OvmfX64/DEBUG_VS2019/X64/StdLib/LibC/Locale/Locale/OUTPUT/_def_numeric.obj
d:/uefi_specs_personal_collections/csdn/Build/OvmfX64/DEBUG_VS2019/X64/StdLib/LibC/Locale/Locale/OUTPUT/_def_time.obj
d:/uefi_specs_personal_collections/csdn/Build/OvmfX64/DEBUG_VS2019/X64/StdLib/LibC/Locale/Locale/OUTPUT/aliasname.obj
d:/uefi_specs_personal_collections/csdn/Build/OvmfX64/DEBUG_VS2019/X64/StdLib/LibC/Locale/Locale/OUTPUT/ctypeio.obj
d:/uefi_specs_personal_collections/csdn/Build/OvmfX64/DEBUG_VS2019/X64/StdLib/LibC/Locale/Locale/OUTPUT/localeconv.obj
d:/uefi_specs_personal_collections/csdn/Build/OvmfX64/DEBUG_VS2019/X64/StdLib/LibC/Locale/Locale/OUTPUT/nl_langinfo.obj
d:/uefi_specs_personal_collections/csdn/Build/OvmfX64/DEBUG_VS2019/X64/StdLib/LibC/Locale/Locale/OUTPUT/setlocale1.obj
d:/uefi_specs_personal_collections/csdn/Build/OvmfX64/DEBUG_VS2019/X64/StdLib/LibC/Locale/Locale/OUTPUT/setlocale32.obj
d:/uefi_specs_personal_collections/csdn/Build/OvmfX64/DEBUG_VS2019/X64/StdLib/LibC/Locale/Locale/OUTPUT/setlocale.obj
d:/uefi_specs_personal_collections/csdn/Build/OvmfX64/DEBUG_VS2019/X64/StdLib/LibC/Locale/Locale/OUTPUT/wcscoll.obj
d:/uefi_specs_personal_collections/csdn/Build/OvmfX64/DEBUG_VS2019/X64/StdLib/LibC/Locale/Locale/OUTPUT/wcsftime.obj
d:/uefi_specs_personal_collections/csdn/Build/OvmfX64/DEBUG_VS2019/X64/StdLib/LibC/Locale/Locale/OUTPUT/wcstoimax.obj
d:/uefi_specs_personal_collections/csdn/Build/OvmfX64/DEBUG_VS2019/X64/StdLib/LibC/Locale/Locale/OUTPUT/wcstol.obj
d:/uefi_specs_personal_collections/csdn/Build/OvmfX64/DEBUG_VS2019/X64/StdLib/LibC/Locale/Locale/OUTPUT/wcstoll.obj
d:/uefi_specs_personal_collections/csdn/Build/OvmfX64/DEBUG_VS2019/X64/StdLib/LibC/Locale/Locale/OUTPUT/wcstoul.obj
d:/uefi_specs_personal_collections/csdn/Build/OvmfX64/DEBUG_VS2019/X64/StdLib/LibC/Locale/Locale/OUTPUT/wcstoull.obj
d:/uefi_specs_personal_collections/csdn/Build/OvmfX64/DEBUG_VS2019/X64/StdLib/LibC/Locale/Locale/OUTPUT/wcstoumax.obj
d:/uefi_specs_personal_collections/csdn/Build/OvmfX64/DEBUG_VS2019/X64/StdLib/LibC/Locale/Locale/OUTPUT/wcstod.obj
d:/uefi_specs_personal_collections/csdn/Build/OvmfX64/DEBUG_VS2019/X64/StdLib/LibC/Locale/Locale/OUTPUT/wcstof.obj
d:/uefi_specs_personal_collections/csdn/Build/OvmfX64/DEBUG_VS2019/X64/StdLib/LibC/Locale/Locale/OUTPUT/wcstold.obj
d:/uefi_specs_personal_collections/csdn/Build/OvmfX64/DEBUG_VS2019/X64/StdLib/LibC/Locale/Locale/OUTPUT/wcsxfrm.obj
d:/uefi_specs_personal_collections/csdn/Build/OvmfX64/DEBUG_VS2019/X64/StdLib/LibC/Locale/Locale/OUTPUT/multibyte_Utf8.obj
d:/uefi_specs_personal_collections/csdn/Build/OvmfX64/DEBUG_VS2019/X64/StdLib/LibC/Locale/Locale/OUTPUT/iswctype_sb.obj