d:/uefi_specs_personal_collections/csdn/Build/OvmfX64/DEBUG_VS2019/X64/CryptoPkg/Library/BaseCryptLib/BaseCryptLib/OUTPUT/Hash/CryptMd5.obj
d:/uefi_specs_personal_collections/csdn/Build/OvmfX64/DEBUG_VS2019/X64/CryptoPkg/Library/BaseCryptLib/BaseCryptLib/OUTPUT/Hash/CryptSha1.obj
d:/uefi_specs_personal_collections/csdn/Build/OvmfX64/DEBUG_VS2019/X64/CryptoPkg/Library/BaseCryptLib/BaseCryptLib/OUTPUT/Hash/CryptSha256.obj
d:/uefi_specs_personal_collections/csdn/Build/OvmfX64/DEBUG_VS2019/X64/CryptoPkg/Library/BaseCryptLib/BaseCryptLib/OUTPUT/Hash/CryptSha512.obj
d:/uefi_specs_personal_collections/csdn/Build/OvmfX64/DEBUG_VS2019/X64/CryptoPkg/Library/BaseCryptLib/BaseCryptLib/OUTPUT/Hash/CryptSm3.obj
d:/uefi_specs_personal_collections/csdn/Build/OvmfX64/DEBUG_VS2019/X64/CryptoPkg/Library/BaseCryptLib/BaseCryptLib/OUTPUT/Hash/CryptSha3.obj
d:/uefi_specs_personal_collections/csdn/Build/OvmfX64/DEBUG_VS2019/X64/CryptoPkg/Library/BaseCryptLib/BaseCryptLib/OUTPUT/Hash/CryptXkcp.obj
d:/uefi_specs_personal_collections/csdn/Build/OvmfX64/DEBUG_VS2019/X64/CryptoPkg/Library/BaseCryptLib/BaseCryptLib/OUTPUT/Hash/CryptCShake256.obj
d:/uefi_specs_personal_collections/csdn/Build/OvmfX64/DEBUG_VS2019/X64/CryptoPkg/Library/BaseCryptLib/BaseCryptLib/OUTPUT/Hash/CryptParallelHash.obj
d:/uefi_specs_personal_collections/csdn/Build/OvmfX64/DEBUG_VS2019/X64/CryptoPkg/Library/BaseCryptLib/BaseCryptLib/OUTPUT/Hash/CryptDispatchApDxe.obj
d:/uefi_specs_personal_collections/csdn/Build/OvmfX64/DEBUG_VS2019/X64/CryptoPkg/Library/BaseCryptLib/BaseCryptLib/OUTPUT/Hmac/CryptHmac.obj
d:/uefi_specs_personal_collections/csdn/Build/OvmfX64/DEBUG_VS2019/X64/CryptoPkg/Library/BaseCryptLib/BaseCryptLib/OUTPUT/Kdf/CryptHkdf.obj
d:/uefi_specs_personal_collections/csdn/Build/OvmfX64/DEBUG_VS2019/X64/CryptoPkg/Library/BaseCryptLib/BaseCryptLib/OUTPUT/Cipher/CryptAes.obj
d:/uefi_specs_personal_collections/csdn/Build/OvmfX64/DEBUG_VS2019/X64/CryptoPkg/Library/BaseCryptLib/BaseCryptLib/OUTPUT/Cipher/CryptAeadAesGcm.obj
d:/uefi_specs_personal_collections/csdn/Build/OvmfX64/DEBUG_VS2019/X64/CryptoPkg/Library/BaseCryptLib/BaseCryptLib/OUTPUT/Pk/CryptRsaBasic.obj
d:/uefi_specs_personal_collections/csdn/Build/OvmfX64/DEBUG_VS2019/X64/CryptoPkg/Library/BaseCryptLib/BaseCryptLib/OUTPUT/Pk/CryptRsaExt.obj
d:/uefi_specs_personal_collections/csdn/Build/OvmfX64/DEBUG_VS2019/X64/CryptoPkg/Library/BaseCryptLib/BaseCryptLib/OUTPUT/Pk/CryptPkcs1Oaep.obj
d:/uefi_specs_personal_collections/csdn/Build/OvmfX64/DEBUG_VS2019/X64/CryptoPkg/Library/BaseCryptLib/BaseCryptLib/OUTPUT/Pk/CryptPkcs5Pbkdf2.obj
d:/uefi_specs_personal_collections/csdn/Build/OvmfX64/DEBUG_VS2019/X64/CryptoPkg/Library/BaseCryptLib/BaseCryptLib/OUTPUT/Pk/CryptPkcs7Sign.obj
d:/uefi_specs_personal_collections/csdn/Build/OvmfX64/DEBUG_VS2019/X64/CryptoPkg/Library/BaseCryptLib/BaseCryptLib/OUTPUT/Pk/CryptPkcs7VerifyCommon.obj
d:/uefi_specs_personal_collections/csdn/Build/OvmfX64/DEBUG_VS2019/X64/CryptoPkg/Library/BaseCryptLib/BaseCryptLib/OUTPUT/Pk/CryptPkcs7VerifyBase.obj
d:/uefi_specs_personal_collections/csdn/Build/OvmfX64/DEBUG_VS2019/X64/CryptoPkg/Library/BaseCryptLib/BaseCryptLib/OUTPUT/Pk/CryptPkcs7VerifyEku.obj
d:/uefi_specs_personal_collections/csdn/Build/OvmfX64/DEBUG_VS2019/X64/CryptoPkg/Library/BaseCryptLib/BaseCryptLib/OUTPUT/Pk/CryptDh.obj
d:/uefi_specs_personal_collections/csdn/Build/OvmfX64/DEBUG_VS2019/X64/CryptoPkg/Library/BaseCryptLib/BaseCryptLib/OUTPUT/Pk/CryptX509.obj
d:/uefi_specs_personal_collections/csdn/Build/OvmfX64/DEBUG_VS2019/X64/CryptoPkg/Library/BaseCryptLib/BaseCryptLib/OUTPUT/Pk/CryptAuthenticode.obj
d:/uefi_specs_personal_collections/csdn/Build/OvmfX64/DEBUG_VS2019/X64/CryptoPkg/Library/BaseCryptLib/BaseCryptLib/OUTPUT/Pk/CryptTs.obj
d:/uefi_specs_personal_collections/csdn/Build/OvmfX64/DEBUG_VS2019/X64/CryptoPkg/Library/BaseCryptLib/BaseCryptLib/OUTPUT/Pk/CryptRsaPss.obj
d:/uefi_specs_personal_collections/csdn/Build/OvmfX64/DEBUG_VS2019/X64/CryptoPkg/Library/BaseCryptLib/BaseCryptLib/OUTPUT/Pk/CryptRsaPssSign.obj
d:/uefi_specs_personal_collections/csdn/Build/OvmfX64/DEBUG_VS2019/X64/CryptoPkg/Library/BaseCryptLib/BaseCryptLib/OUTPUT/Pk/CryptEc.obj
d:/uefi_specs_personal_collections/csdn/Build/OvmfX64/DEBUG_VS2019/X64/CryptoPkg/Library/BaseCryptLib/BaseCryptLib/OUTPUT/Pem/CryptPem.obj
d:/uefi_specs_personal_collections/csdn/Build/OvmfX64/DEBUG_VS2019/X64/CryptoPkg/Library/BaseCryptLib/BaseCryptLib/OUTPUT/Bn/CryptBn.obj
d:/uefi_specs_personal_collections/csdn/Build/OvmfX64/DEBUG_VS2019/X64/CryptoPkg/Library/BaseCryptLib/BaseCryptLib/OUTPUT/SysCall/CrtWrapper.obj
d:/uefi_specs_personal_collections/csdn/Build/OvmfX64/DEBUG_VS2019/X64/CryptoPkg/Library/BaseCryptLib/BaseCryptLib/OUTPUT/SysCall/TimerWrapper.obj
d:/uefi_specs_personal_collections/csdn/Build/OvmfX64/DEBUG_VS2019/X64/CryptoPkg/Library/BaseCryptLib/BaseCryptLib/OUTPUT/SysCall/BaseMemAllocation.obj
d:/uefi_specs_personal_collections/csdn/Build/OvmfX64/DEBUG_VS2019/X64/CryptoPkg/Library/BaseCryptLib/BaseCryptLib/OUTPUT/Rand/CryptRandTsc.obj