d:/uefi_specs_personal_collections/csdn/Build/OvmfX64/DEBUG_VS2019/X64/CryptoPkg/Library/OpensslLib/OpensslLibCrypto/OUTPUT/OpensslLibConstructor.obj
d:/uefi_specs_personal_collections/csdn/Build/OvmfX64/DEBUG_VS2019/X64/CryptoPkg/Library/OpensslLib/OpensslLibCrypto/OUTPUT/openssl/crypto/aes/aes_cbc.obj
d:/uefi_specs_personal_collections/csdn/Build/OvmfX64/DEBUG_VS2019/X64/CryptoPkg/Library/OpensslLib/OpensslLibCrypto/OUTPUT/openssl/crypto/aes/aes_cfb.obj
d:/uefi_specs_personal_collections/csdn/Build/OvmfX64/DEBUG_VS2019/X64/CryptoPkg/Library/OpensslLib/OpensslLibCrypto/OUTPUT/openssl/crypto/aes/aes_core.obj
d:/uefi_specs_personal_collections/csdn/Build/OvmfX64/DEBUG_VS2019/X64/CryptoPkg/Library/OpensslLib/OpensslLibCrypto/OUTPUT/openssl/crypto/aes/aes_ecb.obj
d:/uefi_specs_personal_collections/csdn/Build/OvmfX64/DEBUG_VS2019/X64/CryptoPkg/Library/OpensslLib/OpensslLibCrypto/OUTPUT/openssl/crypto/aes/aes_ige.obj
d:/uefi_specs_personal_collections/csdn/Build/OvmfX64/DEBUG_VS2019/X64/CryptoPkg/Library/OpensslLib/OpensslLibCrypto/OUTPUT/openssl/crypto/aes/aes_misc.obj
d:/uefi_specs_personal_collections/csdn/Build/OvmfX64/DEBUG_VS2019/X64/CryptoPkg/Library/OpensslLib/OpensslLibCrypto/OUTPUT/openssl/crypto/aes/aes_ofb.obj
d:/uefi_specs_personal_collections/csdn/Build/OvmfX64/DEBUG_VS2019/X64/CryptoPkg/Library/OpensslLib/OpensslLibCrypto/OUTPUT/openssl/crypto/aes/aes_wrap.obj
d:/uefi_specs_personal_collections/csdn/Build/OvmfX64/DEBUG_VS2019/X64/CryptoPkg/Library/OpensslLib/OpensslLibCrypto/OUTPUT/openssl/crypto/asn1/a_bitstr.obj
d:/uefi_specs_personal_collections/csdn/Build/OvmfX64/DEBUG_VS2019/X64/CryptoPkg/Library/OpensslLib/OpensslLibCrypto/OUTPUT/openssl/crypto/asn1/a_d2i_fp.obj
d:/uefi_specs_personal_collections/csdn/Build/OvmfX64/DEBUG_VS2019/X64/CryptoPkg/Library/OpensslLib/OpensslLibCrypto/OUTPUT/openssl/crypto/asn1/a_digest.obj
d:/uefi_specs_personal_collections/csdn/Build/OvmfX64/DEBUG_VS2019/X64/CryptoPkg/Library/OpensslLib/OpensslLibCrypto/OUTPUT/openssl/crypto/asn1/a_dup.obj
d:/uefi_specs_personal_collections/csdn/Build/OvmfX64/DEBUG_VS2019/X64/CryptoPkg/Library/OpensslLib/OpensslLibCrypto/OUTPUT/openssl/crypto/asn1/a_gentm.obj
d:/uefi_specs_personal_collections/csdn/Build/OvmfX64/DEBUG_VS2019/X64/CryptoPkg/Library/OpensslLib/OpensslLibCrypto/OUTPUT/openssl/crypto/asn1/a_i2d_fp.obj
d:/uefi_specs_personal_collections/csdn/Build/OvmfX64/DEBUG_VS2019/X64/CryptoPkg/Library/OpensslLib/OpensslLibCrypto/OUTPUT/openssl/crypto/asn1/a_int.obj
d:/uefi_specs_personal_collections/csdn/Build/OvmfX64/DEBUG_VS2019/X64/CryptoPkg/Library/OpensslLib/OpensslLibCrypto/OUTPUT/openssl/crypto/asn1/a_mbstr.obj
d:/uefi_specs_personal_collections/csdn/Build/OvmfX64/DEBUG_VS2019/X64/CryptoPkg/Library/OpensslLib/OpensslLibCrypto/OUTPUT/openssl/crypto/asn1/a_object.obj
d:/uefi_specs_personal_collections/csdn/Build/OvmfX64/DEBUG_VS2019/X64/CryptoPkg/Library/OpensslLib/OpensslLibCrypto/OUTPUT/openssl/crypto/asn1/a_octet.obj
d:/uefi_specs_personal_collections/csdn/Build/OvmfX64/DEBUG_VS2019/X64/CryptoPkg/Library/OpensslLib/OpensslLibCrypto/OUTPUT/openssl/crypto/asn1/a_print.obj
d:/uefi_specs_personal_collections/csdn/Build/OvmfX64/DEBUG_VS2019/X64/CryptoPkg/Library/OpensslLib/OpensslLibCrypto/OUTPUT/openssl/crypto/asn1/a_sign.obj
d:/uefi_specs_personal_collections/csdn/Build/OvmfX64/DEBUG_VS2019/X64/CryptoPkg/Library/OpensslLib/OpensslLibCrypto/OUTPUT/openssl/crypto/asn1/a_strex.obj
d:/uefi_specs_personal_collections/csdn/Build/OvmfX64/DEBUG_VS2019/X64/CryptoPkg/Library/OpensslLib/OpensslLibCrypto/OUTPUT/openssl/crypto/asn1/a_strnid.obj
d:/uefi_specs_personal_collections/csdn/Build/OvmfX64/DEBUG_VS2019/X64/CryptoPkg/Library/OpensslLib/OpensslLibCrypto/OUTPUT/openssl/crypto/asn1/a_time.obj
d:/uefi_specs_personal_collections/csdn/Build/OvmfX64/DEBUG_VS2019/X64/CryptoPkg/Library/OpensslLib/OpensslLibCrypto/OUTPUT/openssl/crypto/asn1/a_type.obj
d:/uefi_specs_personal_collections/csdn/Build/OvmfX64/DEBUG_VS2019/X64/CryptoPkg/Library/OpensslLib/OpensslLibCrypto/OUTPUT/openssl/crypto/asn1/a_utctm.obj
d:/uefi_specs_personal_collections/csdn/Build/OvmfX64/DEBUG_VS2019/X64/CryptoPkg/Library/OpensslLib/OpensslLibCrypto/OUTPUT/openssl/crypto/asn1/a_utf8.obj
d:/uefi_specs_personal_collections/csdn/Build/OvmfX64/DEBUG_VS2019/X64/CryptoPkg/Library/OpensslLib/OpensslLibCrypto/OUTPUT/openssl/crypto/asn1/a_verify.obj
d:/uefi_specs_personal_collections/csdn/Build/OvmfX64/DEBUG_VS2019/X64/CryptoPkg/Library/OpensslLib/OpensslLibCrypto/OUTPUT/openssl/crypto/asn1/ameth_lib.obj
d:/uefi_specs_personal_collections/csdn/Build/OvmfX64/DEBUG_VS2019/X64/CryptoPkg/Library/OpensslLib/OpensslLibCrypto/OUTPUT/openssl/crypto/asn1/asn1_err.obj
d:/uefi_specs_personal_collections/csdn/Build/OvmfX64/DEBUG_VS2019/X64/CryptoPkg/Library/OpensslLib/OpensslLibCrypto/OUTPUT/openssl/crypto/asn1/asn1_gen.obj
d:/uefi_specs_personal_collections/csdn/Build/OvmfX64/DEBUG_VS2019/X64/CryptoPkg/Library/OpensslLib/OpensslLibCrypto/OUTPUT/openssl/crypto/asn1/asn1_item_list.obj
d:/uefi_specs_personal_collections/csdn/Build/OvmfX64/DEBUG_VS2019/X64/CryptoPkg/Library/OpensslLib/OpensslLibCrypto/OUTPUT/openssl/crypto/asn1/asn1_lib.obj
d:/uefi_specs_personal_collections/csdn/Build/OvmfX64/DEBUG_VS2019/X64/CryptoPkg/Library/OpensslLib/OpensslLibCrypto/OUTPUT/openssl/crypto/asn1/asn1_parse.obj
d:/uefi_specs_personal_collections/csdn/Build/OvmfX64/DEBUG_VS2019/X64/CryptoPkg/Library/OpensslLib/OpensslLibCrypto/OUTPUT/openssl/crypto/asn1/asn_mime.obj
d:/uefi_specs_personal_collections/csdn/Build/OvmfX64/DEBUG_VS2019/X64/CryptoPkg/Library/OpensslLib/OpensslLibCrypto/OUTPUT/openssl/crypto/asn1/asn_moid.obj
d:/uefi_specs_personal_collections/csdn/Build/OvmfX64/DEBUG_VS2019/X64/CryptoPkg/Library/OpensslLib/OpensslLibCrypto/OUTPUT/openssl/crypto/asn1/asn_mstbl.obj
d:/uefi_specs_personal_collections/csdn/Build/OvmfX64/DEBUG_VS2019/X64/CryptoPkg/Library/OpensslLib/OpensslLibCrypto/OUTPUT/openssl/crypto/asn1/asn_pack.obj
d:/uefi_specs_personal_collections/csdn/Build/OvmfX64/DEBUG_VS2019/X64/CryptoPkg/Library/OpensslLib/OpensslLibCrypto/OUTPUT/openssl/crypto/asn1/bio_asn1.obj
d:/uefi_specs_personal_collections/csdn/Build/OvmfX64/DEBUG_VS2019/X64/CryptoPkg/Library/OpensslLib/OpensslLibCrypto/OUTPUT/openssl/crypto/asn1/bio_ndef.obj
d:/uefi_specs_personal_collections/csdn/Build/OvmfX64/DEBUG_VS2019/X64/CryptoPkg/Library/OpensslLib/OpensslLibCrypto/OUTPUT/openssl/crypto/asn1/d2i_param.obj
d:/uefi_specs_personal_collections/csdn/Build/OvmfX64/DEBUG_VS2019/X64/CryptoPkg/Library/OpensslLib/OpensslLibCrypto/OUTPUT/openssl/crypto/asn1/d2i_pr.obj
d:/uefi_specs_personal_collections/csdn/Build/OvmfX64/DEBUG_VS2019/X64/CryptoPkg/Library/OpensslLib/OpensslLibCrypto/OUTPUT/openssl/crypto/asn1/d2i_pu.obj
d:/uefi_specs_personal_collections/csdn/Build/OvmfX64/DEBUG_VS2019/X64/CryptoPkg/Library/OpensslLib/OpensslLibCrypto/OUTPUT/openssl/crypto/asn1/evp_asn1.obj
d:/uefi_specs_personal_collections/csdn/Build/OvmfX64/DEBUG_VS2019/X64/CryptoPkg/Library/OpensslLib/OpensslLibCrypto/OUTPUT/openssl/crypto/asn1/f_int.obj
d:/uefi_specs_personal_collections/csdn/Build/OvmfX64/DEBUG_VS2019/X64/CryptoPkg/Library/OpensslLib/OpensslLibCrypto/OUTPUT/openssl/crypto/asn1/f_string.obj
d:/uefi_specs_personal_collections/csdn/Build/OvmfX64/DEBUG_VS2019/X64/CryptoPkg/Library/OpensslLib/OpensslLibCrypto/OUTPUT/openssl/crypto/asn1/i2d_evp.obj
d:/uefi_specs_personal_collections/csdn/Build/OvmfX64/DEBUG_VS2019/X64/CryptoPkg/Library/OpensslLib/OpensslLibCrypto/OUTPUT/openssl/crypto/asn1/nsseq.obj
d:/uefi_specs_personal_collections/csdn/Build/OvmfX64/DEBUG_VS2019/X64/CryptoPkg/Library/OpensslLib/OpensslLibCrypto/OUTPUT/openssl/crypto/asn1/p5_pbe.obj
d:/uefi_specs_personal_collections/csdn/Build/OvmfX64/DEBUG_VS2019/X64/CryptoPkg/Library/OpensslLib/OpensslLibCrypto/OUTPUT/openssl/crypto/asn1/p5_pbev2.obj
d:/uefi_specs_personal_collections/csdn/Build/OvmfX64/DEBUG_VS2019/X64/CryptoPkg/Library/OpensslLib/OpensslLibCrypto/OUTPUT/openssl/crypto/asn1/p5_scrypt.obj
d:/uefi_specs_personal_collections/csdn/Build/OvmfX64/DEBUG_VS2019/X64/CryptoPkg/Library/OpensslLib/OpensslLibCrypto/OUTPUT/openssl/crypto/asn1/p8_pkey.obj
d:/uefi_specs_personal_collections/csdn/Build/OvmfX64/DEBUG_VS2019/X64/CryptoPkg/Library/OpensslLib/OpensslLibCrypto/OUTPUT/openssl/crypto/asn1/t_bitst.obj
d:/uefi_specs_personal_collections/csdn/Build/OvmfX64/DEBUG_VS2019/X64/CryptoPkg/Library/OpensslLib/OpensslLibCrypto/OUTPUT/openssl/crypto/asn1/t_pkey.obj
d:/uefi_specs_personal_collections/csdn/Build/OvmfX64/DEBUG_VS2019/X64/CryptoPkg/Library/OpensslLib/OpensslLibCrypto/OUTPUT/openssl/crypto/asn1/t_spki.obj
d:/uefi_specs_personal_collections/csdn/Build/OvmfX64/DEBUG_VS2019/X64/CryptoPkg/Library/OpensslLib/OpensslLibCrypto/OUTPUT/openssl/crypto/asn1/tasn_dec.obj
d:/uefi_specs_personal_collections/csdn/Build/OvmfX64/DEBUG_VS2019/X64/CryptoPkg/Library/OpensslLib/OpensslLibCrypto/OUTPUT/openssl/crypto/asn1/tasn_enc.obj
d:/uefi_specs_personal_collections/csdn/Build/OvmfX64/DEBUG_VS2019/X64/CryptoPkg/Library/OpensslLib/OpensslLibCrypto/OUTPUT/openssl/crypto/asn1/tasn_fre.obj
d:/uefi_specs_personal_collections/csdn/Build/OvmfX64/DEBUG_VS2019/X64/CryptoPkg/Library/OpensslLib/OpensslLibCrypto/OUTPUT/openssl/crypto/asn1/tasn_new.obj
d:/uefi_specs_personal_collections/csdn/Build/OvmfX64/DEBUG_VS2019/X64/CryptoPkg/Library/OpensslLib/OpensslLibCrypto/OUTPUT/openssl/crypto/asn1/tasn_prn.obj
d:/uefi_specs_personal_collections/csdn/Build/OvmfX64/DEBUG_VS2019/X64/CryptoPkg/Library/OpensslLib/OpensslLibCrypto/OUTPUT/openssl/crypto/asn1/tasn_scn.obj
d:/uefi_specs_personal_collections/csdn/Build/OvmfX64/DEBUG_VS2019/X64/CryptoPkg/Library/OpensslLib/OpensslLibCrypto/OUTPUT/openssl/crypto/asn1/tasn_typ.obj
d:/uefi_specs_personal_collections/csdn/Build/OvmfX64/DEBUG_VS2019/X64/CryptoPkg/Library/OpensslLib/OpensslLibCrypto/OUTPUT/openssl/crypto/asn1/tasn_utl.obj
d:/uefi_specs_personal_collections/csdn/Build/OvmfX64/DEBUG_VS2019/X64/CryptoPkg/Library/OpensslLib/OpensslLibCrypto/OUTPUT/openssl/crypto/asn1/x_algor.obj
d:/uefi_specs_personal_collections/csdn/Build/OvmfX64/DEBUG_VS2019/X64/CryptoPkg/Library/OpensslLib/OpensslLibCrypto/OUTPUT/openssl/crypto/asn1/x_bignum.obj
d:/uefi_specs_personal_collections/csdn/Build/OvmfX64/DEBUG_VS2019/X64/CryptoPkg/Library/OpensslLib/OpensslLibCrypto/OUTPUT/openssl/crypto/asn1/x_info.obj
d:/uefi_specs_personal_collections/csdn/Build/OvmfX64/DEBUG_VS2019/X64/CryptoPkg/Library/OpensslLib/OpensslLibCrypto/OUTPUT/openssl/crypto/asn1/x_int64.obj
d:/uefi_specs_personal_collections/csdn/Build/OvmfX64/DEBUG_VS2019/X64/CryptoPkg/Library/OpensslLib/OpensslLibCrypto/OUTPUT/openssl/crypto/asn1/x_long.obj
d:/uefi_specs_personal_collections/csdn/Build/OvmfX64/DEBUG_VS2019/X64/CryptoPkg/Library/OpensslLib/OpensslLibCrypto/OUTPUT/openssl/crypto/asn1/x_pkey.obj
d:/uefi_specs_personal_collections/csdn/Build/OvmfX64/DEBUG_VS2019/X64/CryptoPkg/Library/OpensslLib/OpensslLibCrypto/OUTPUT/openssl/crypto/asn1/x_sig.obj
d:/uefi_specs_personal_collections/csdn/Build/OvmfX64/DEBUG_VS2019/X64/CryptoPkg/Library/OpensslLib/OpensslLibCrypto/OUTPUT/openssl/crypto/asn1/x_spki.obj
d:/uefi_specs_personal_collections/csdn/Build/OvmfX64/DEBUG_VS2019/X64/CryptoPkg/Library/OpensslLib/OpensslLibCrypto/OUTPUT/openssl/crypto/asn1/x_val.obj
d:/uefi_specs_personal_collections/csdn/Build/OvmfX64/DEBUG_VS2019/X64/CryptoPkg/Library/OpensslLib/OpensslLibCrypto/OUTPUT/openssl/crypto/async/arch/async_null.obj
d:/uefi_specs_personal_collections/csdn/Build/OvmfX64/DEBUG_VS2019/X64/CryptoPkg/Library/OpensslLib/OpensslLibCrypto/OUTPUT/openssl/crypto/async/arch/async_posix.obj
d:/uefi_specs_personal_collections/csdn/Build/OvmfX64/DEBUG_VS2019/X64/CryptoPkg/Library/OpensslLib/OpensslLibCrypto/OUTPUT/openssl/crypto/async/arch/async_win.obj
d:/uefi_specs_personal_collections/csdn/Build/OvmfX64/DEBUG_VS2019/X64/CryptoPkg/Library/OpensslLib/OpensslLibCrypto/OUTPUT/openssl/crypto/async/async.obj
d:/uefi_specs_personal_collections/csdn/Build/OvmfX64/DEBUG_VS2019/X64/CryptoPkg/Library/OpensslLib/OpensslLibCrypto/OUTPUT/openssl/crypto/async/async_err.obj
d:/uefi_specs_personal_collections/csdn/Build/OvmfX64/DEBUG_VS2019/X64/CryptoPkg/Library/OpensslLib/OpensslLibCrypto/OUTPUT/openssl/crypto/async/async_wait.obj
d:/uefi_specs_personal_collections/csdn/Build/OvmfX64/DEBUG_VS2019/X64/CryptoPkg/Library/OpensslLib/OpensslLibCrypto/OUTPUT/openssl/crypto/bio/bf_buff.obj
d:/uefi_specs_personal_collections/csdn/Build/OvmfX64/DEBUG_VS2019/X64/CryptoPkg/Library/OpensslLib/OpensslLibCrypto/OUTPUT/openssl/crypto/bio/bf_lbuf.obj
d:/uefi_specs_personal_collections/csdn/Build/OvmfX64/DEBUG_VS2019/X64/CryptoPkg/Library/OpensslLib/OpensslLibCrypto/OUTPUT/openssl/crypto/bio/bf_nbio.obj
d:/uefi_specs_personal_collections/csdn/Build/OvmfX64/DEBUG_VS2019/X64/CryptoPkg/Library/OpensslLib/OpensslLibCrypto/OUTPUT/openssl/crypto/bio/bf_null.obj
d:/uefi_specs_personal_collections/csdn/Build/OvmfX64/DEBUG_VS2019/X64/CryptoPkg/Library/OpensslLib/OpensslLibCrypto/OUTPUT/openssl/crypto/bio/bf_prefix.obj
d:/uefi_specs_personal_collections/csdn/Build/OvmfX64/DEBUG_VS2019/X64/CryptoPkg/Library/OpensslLib/OpensslLibCrypto/OUTPUT/openssl/crypto/bio/bf_readbuff.obj
d:/uefi_specs_personal_collections/csdn/Build/OvmfX64/DEBUG_VS2019/X64/CryptoPkg/Library/OpensslLib/OpensslLibCrypto/OUTPUT/openssl/crypto/bio/bio_addr.obj
d:/uefi_specs_personal_collections/csdn/Build/OvmfX64/DEBUG_VS2019/X64/CryptoPkg/Library/OpensslLib/OpensslLibCrypto/OUTPUT/openssl/crypto/bio/bio_cb.obj
d:/uefi_specs_personal_collections/csdn/Build/OvmfX64/DEBUG_VS2019/X64/CryptoPkg/Library/OpensslLib/OpensslLibCrypto/OUTPUT/openssl/crypto/bio/bio_dump.obj
d:/uefi_specs_personal_collections/csdn/Build/OvmfX64/DEBUG_VS2019/X64/CryptoPkg/Library/OpensslLib/OpensslLibCrypto/OUTPUT/openssl/crypto/bio/bio_err.obj
d:/uefi_specs_personal_collections/csdn/Build/OvmfX64/DEBUG_VS2019/X64/CryptoPkg/Library/OpensslLib/OpensslLibCrypto/OUTPUT/openssl/crypto/bio/bio_lib.obj
d:/uefi_specs_personal_collections/csdn/Build/OvmfX64/DEBUG_VS2019/X64/CryptoPkg/Library/OpensslLib/OpensslLibCrypto/OUTPUT/openssl/crypto/bio/bio_meth.obj
d:/uefi_specs_personal_collections/csdn/Build/OvmfX64/DEBUG_VS2019/X64/CryptoPkg/Library/OpensslLib/OpensslLibCrypto/OUTPUT/openssl/crypto/bio/bio_print.obj
d:/uefi_specs_personal_collections/csdn/Build/OvmfX64/DEBUG_VS2019/X64/CryptoPkg/Library/OpensslLib/OpensslLibCrypto/OUTPUT/openssl/crypto/bio/bio_sock.obj
d:/uefi_specs_personal_collections/csdn/Build/OvmfX64/DEBUG_VS2019/X64/CryptoPkg/Library/OpensslLib/OpensslLibCrypto/OUTPUT/openssl/crypto/bio/bio_sock2.obj
d:/uefi_specs_personal_collections/csdn/Build/OvmfX64/DEBUG_VS2019/X64/CryptoPkg/Library/OpensslLib/OpensslLibCrypto/OUTPUT/openssl/crypto/bio/bss_acpt.obj
d:/uefi_specs_personal_collections/csdn/Build/OvmfX64/DEBUG_VS2019/X64/CryptoPkg/Library/OpensslLib/OpensslLibCrypto/OUTPUT/openssl/crypto/bio/bss_bio.obj
d:/uefi_specs_personal_collections/csdn/Build/OvmfX64/DEBUG_VS2019/X64/CryptoPkg/Library/OpensslLib/OpensslLibCrypto/OUTPUT/openssl/crypto/bio/bss_conn.obj
d:/uefi_specs_personal_collections/csdn/Build/OvmfX64/DEBUG_VS2019/X64/CryptoPkg/Library/OpensslLib/OpensslLibCrypto/OUTPUT/openssl/crypto/bio/bss_core.obj
d:/uefi_specs_personal_collections/csdn/Build/OvmfX64/DEBUG_VS2019/X64/CryptoPkg/Library/OpensslLib/OpensslLibCrypto/OUTPUT/openssl/crypto/bio/bss_dgram.obj
d:/uefi_specs_personal_collections/csdn/Build/OvmfX64/DEBUG_VS2019/X64/CryptoPkg/Library/OpensslLib/OpensslLibCrypto/OUTPUT/openssl/crypto/bio/bss_fd.obj
d:/uefi_specs_personal_collections/csdn/Build/OvmfX64/DEBUG_VS2019/X64/CryptoPkg/Library/OpensslLib/OpensslLibCrypto/OUTPUT/openssl/crypto/bio/bss_file.obj
d:/uefi_specs_personal_collections/csdn/Build/OvmfX64/DEBUG_VS2019/X64/CryptoPkg/Library/OpensslLib/OpensslLibCrypto/OUTPUT/openssl/crypto/bio/bss_log.obj
d:/uefi_specs_personal_collections/csdn/Build/OvmfX64/DEBUG_VS2019/X64/CryptoPkg/Library/OpensslLib/OpensslLibCrypto/OUTPUT/openssl/crypto/bio/bss_mem.obj
d:/uefi_specs_personal_collections/csdn/Build/OvmfX64/DEBUG_VS2019/X64/CryptoPkg/Library/OpensslLib/OpensslLibCrypto/OUTPUT/openssl/crypto/bio/bss_null.obj
d:/uefi_specs_personal_collections/csdn/Build/OvmfX64/DEBUG_VS2019/X64/CryptoPkg/Library/OpensslLib/OpensslLibCrypto/OUTPUT/openssl/crypto/bio/bss_sock.obj
d:/uefi_specs_personal_collections/csdn/Build/OvmfX64/DEBUG_VS2019/X64/CryptoPkg/Library/OpensslLib/OpensslLibCrypto/OUTPUT/openssl/crypto/bio/ossl_core_bio.obj
d:/uefi_specs_personal_collections/csdn/Build/OvmfX64/DEBUG_VS2019/X64/CryptoPkg/Library/OpensslLib/OpensslLibCrypto/OUTPUT/openssl/crypto/bn/bn_add.obj
d:/uefi_specs_personal_collections/csdn/Build/OvmfX64/DEBUG_VS2019/X64/CryptoPkg/Library/OpensslLib/OpensslLibCrypto/OUTPUT/openssl/crypto/bn/bn_asm.obj
d:/uefi_specs_personal_collections/csdn/Build/OvmfX64/DEBUG_VS2019/X64/CryptoPkg/Library/OpensslLib/OpensslLibCrypto/OUTPUT/openssl/crypto/bn/bn_blind.obj
d:/uefi_specs_personal_collections/csdn/Build/OvmfX64/DEBUG_VS2019/X64/CryptoPkg/Library/OpensslLib/OpensslLibCrypto/OUTPUT/openssl/crypto/bn/bn_const.obj
d:/uefi_specs_personal_collections/csdn/Build/OvmfX64/DEBUG_VS2019/X64/CryptoPkg/Library/OpensslLib/OpensslLibCrypto/OUTPUT/openssl/crypto/bn/bn_conv.obj
d:/uefi_specs_personal_collections/csdn/Build/OvmfX64/DEBUG_VS2019/X64/CryptoPkg/Library/OpensslLib/OpensslLibCrypto/OUTPUT/openssl/crypto/bn/bn_ctx.obj
d:/uefi_specs_personal_collections/csdn/Build/OvmfX64/DEBUG_VS2019/X64/CryptoPkg/Library/OpensslLib/OpensslLibCrypto/OUTPUT/openssl/crypto/bn/bn_dh.obj
d:/uefi_specs_personal_collections/csdn/Build/OvmfX64/DEBUG_VS2019/X64/CryptoPkg/Library/OpensslLib/OpensslLibCrypto/OUTPUT/openssl/crypto/bn/bn_div.obj
d:/uefi_specs_personal_collections/csdn/Build/OvmfX64/DEBUG_VS2019/X64/CryptoPkg/Library/OpensslLib/OpensslLibCrypto/OUTPUT/openssl/crypto/bn/bn_err.obj
d:/uefi_specs_personal_collections/csdn/Build/OvmfX64/DEBUG_VS2019/X64/CryptoPkg/Library/OpensslLib/OpensslLibCrypto/OUTPUT/openssl/crypto/bn/bn_exp.obj
d:/uefi_specs_personal_collections/csdn/Build/OvmfX64/DEBUG_VS2019/X64/CryptoPkg/Library/OpensslLib/OpensslLibCrypto/OUTPUT/openssl/crypto/bn/bn_exp2.obj
d:/uefi_specs_personal_collections/csdn/Build/OvmfX64/DEBUG_VS2019/X64/CryptoPkg/Library/OpensslLib/OpensslLibCrypto/OUTPUT/openssl/crypto/bn/bn_gcd.obj
d:/uefi_specs_personal_collections/csdn/Build/OvmfX64/DEBUG_VS2019/X64/CryptoPkg/Library/OpensslLib/OpensslLibCrypto/OUTPUT/openssl/crypto/bn/bn_gf2m.obj
d:/uefi_specs_personal_collections/csdn/Build/OvmfX64/DEBUG_VS2019/X64/CryptoPkg/Library/OpensslLib/OpensslLibCrypto/OUTPUT/openssl/crypto/bn/bn_intern.obj
d:/uefi_specs_personal_collections/csdn/Build/OvmfX64/DEBUG_VS2019/X64/CryptoPkg/Library/OpensslLib/OpensslLibCrypto/OUTPUT/openssl/crypto/bn/bn_kron.obj
d:/uefi_specs_personal_collections/csdn/Build/OvmfX64/DEBUG_VS2019/X64/CryptoPkg/Library/OpensslLib/OpensslLibCrypto/OUTPUT/openssl/crypto/bn/bn_lib.obj
d:/uefi_specs_personal_collections/csdn/Build/OvmfX64/DEBUG_VS2019/X64/CryptoPkg/Library/OpensslLib/OpensslLibCrypto/OUTPUT/openssl/crypto/bn/bn_mod.obj
d:/uefi_specs_personal_collections/csdn/Build/OvmfX64/DEBUG_VS2019/X64/CryptoPkg/Library/OpensslLib/OpensslLibCrypto/OUTPUT/openssl/crypto/bn/bn_mont.obj
d:/uefi_specs_personal_collections/csdn/Build/OvmfX64/DEBUG_VS2019/X64/CryptoPkg/Library/OpensslLib/OpensslLibCrypto/OUTPUT/openssl/crypto/bn/bn_mpi.obj
d:/uefi_specs_personal_collections/csdn/Build/OvmfX64/DEBUG_VS2019/X64/CryptoPkg/Library/OpensslLib/OpensslLibCrypto/OUTPUT/openssl/crypto/bn/bn_mul.obj
d:/uefi_specs_personal_collections/csdn/Build/OvmfX64/DEBUG_VS2019/X64/CryptoPkg/Library/OpensslLib/OpensslLibCrypto/OUTPUT/openssl/crypto/bn/bn_nist.obj
d:/uefi_specs_personal_collections/csdn/Build/OvmfX64/DEBUG_VS2019/X64/CryptoPkg/Library/OpensslLib/OpensslLibCrypto/OUTPUT/openssl/crypto/bn/bn_prime.obj
d:/uefi_specs_personal_collections/csdn/Build/OvmfX64/DEBUG_VS2019/X64/CryptoPkg/Library/OpensslLib/OpensslLibCrypto/OUTPUT/openssl/crypto/bn/bn_print.obj
d:/uefi_specs_personal_collections/csdn/Build/OvmfX64/DEBUG_VS2019/X64/CryptoPkg/Library/OpensslLib/OpensslLibCrypto/OUTPUT/openssl/crypto/bn/bn_rand.obj
d:/uefi_specs_personal_collections/csdn/Build/OvmfX64/DEBUG_VS2019/X64/CryptoPkg/Library/OpensslLib/OpensslLibCrypto/OUTPUT/openssl/crypto/bn/bn_recp.obj
d:/uefi_specs_personal_collections/csdn/Build/OvmfX64/DEBUG_VS2019/X64/CryptoPkg/Library/OpensslLib/OpensslLibCrypto/OUTPUT/openssl/crypto/bn/bn_rsa_fips186_4.obj
d:/uefi_specs_personal_collections/csdn/Build/OvmfX64/DEBUG_VS2019/X64/CryptoPkg/Library/OpensslLib/OpensslLibCrypto/OUTPUT/openssl/crypto/bn/bn_shift.obj
d:/uefi_specs_personal_collections/csdn/Build/OvmfX64/DEBUG_VS2019/X64/CryptoPkg/Library/OpensslLib/OpensslLibCrypto/OUTPUT/openssl/crypto/bn/bn_sqr.obj
d:/uefi_specs_personal_collections/csdn/Build/OvmfX64/DEBUG_VS2019/X64/CryptoPkg/Library/OpensslLib/OpensslLibCrypto/OUTPUT/openssl/crypto/bn/bn_sqrt.obj
d:/uefi_specs_personal_collections/csdn/Build/OvmfX64/DEBUG_VS2019/X64/CryptoPkg/Library/OpensslLib/OpensslLibCrypto/OUTPUT/openssl/crypto/bn/bn_srp.obj
d:/uefi_specs_personal_collections/csdn/Build/OvmfX64/DEBUG_VS2019/X64/CryptoPkg/Library/OpensslLib/OpensslLibCrypto/OUTPUT/openssl/crypto/bn/bn_word.obj
d:/uefi_specs_personal_collections/csdn/Build/OvmfX64/DEBUG_VS2019/X64/CryptoPkg/Library/OpensslLib/OpensslLibCrypto/OUTPUT/openssl/crypto/bn/bn_x931p.obj
d:/uefi_specs_personal_collections/csdn/Build/OvmfX64/DEBUG_VS2019/X64/CryptoPkg/Library/OpensslLib/OpensslLibCrypto/OUTPUT/openssl/crypto/buffer/buf_err.obj
d:/uefi_specs_personal_collections/csdn/Build/OvmfX64/DEBUG_VS2019/X64/CryptoPkg/Library/OpensslLib/OpensslLibCrypto/OUTPUT/openssl/crypto/buffer/buffer.obj
d:/uefi_specs_personal_collections/csdn/Build/OvmfX64/DEBUG_VS2019/X64/CryptoPkg/Library/OpensslLib/OpensslLibCrypto/OUTPUT/openssl/crypto/comp/c_zlib.obj
d:/uefi_specs_personal_collections/csdn/Build/OvmfX64/DEBUG_VS2019/X64/CryptoPkg/Library/OpensslLib/OpensslLibCrypto/OUTPUT/openssl/crypto/comp/comp_err.obj
d:/uefi_specs_personal_collections/csdn/Build/OvmfX64/DEBUG_VS2019/X64/CryptoPkg/Library/OpensslLib/OpensslLibCrypto/OUTPUT/openssl/crypto/comp/comp_lib.obj
d:/uefi_specs_personal_collections/csdn/Build/OvmfX64/DEBUG_VS2019/X64/CryptoPkg/Library/OpensslLib/OpensslLibCrypto/OUTPUT/openssl/crypto/conf/conf_api.obj
d:/uefi_specs_personal_collections/csdn/Build/OvmfX64/DEBUG_VS2019/X64/CryptoPkg/Library/OpensslLib/OpensslLibCrypto/OUTPUT/openssl/crypto/conf/conf_def.obj
d:/uefi_specs_personal_collections/csdn/Build/OvmfX64/DEBUG_VS2019/X64/CryptoPkg/Library/OpensslLib/OpensslLibCrypto/OUTPUT/openssl/crypto/conf/conf_err.obj
d:/uefi_specs_personal_collections/csdn/Build/OvmfX64/DEBUG_VS2019/X64/CryptoPkg/Library/OpensslLib/OpensslLibCrypto/OUTPUT/openssl/crypto/conf/conf_lib.obj
d:/uefi_specs_personal_collections/csdn/Build/OvmfX64/DEBUG_VS2019/X64/CryptoPkg/Library/OpensslLib/OpensslLibCrypto/OUTPUT/openssl/crypto/conf/conf_mall.obj
d:/uefi_specs_personal_collections/csdn/Build/OvmfX64/DEBUG_VS2019/X64/CryptoPkg/Library/OpensslLib/OpensslLibCrypto/OUTPUT/openssl/crypto/conf/conf_mod.obj
d:/uefi_specs_personal_collections/csdn/Build/OvmfX64/DEBUG_VS2019/X64/CryptoPkg/Library/OpensslLib/OpensslLibCrypto/OUTPUT/openssl/crypto/conf/conf_sap.obj
d:/uefi_specs_personal_collections/csdn/Build/OvmfX64/DEBUG_VS2019/X64/CryptoPkg/Library/OpensslLib/OpensslLibCrypto/OUTPUT/openssl/crypto/conf/conf_ssl.obj
d:/uefi_specs_personal_collections/csdn/Build/OvmfX64/DEBUG_VS2019/X64/CryptoPkg/Library/OpensslLib/OpensslLibCrypto/OUTPUT/openssl/crypto/dh/dh_ameth.obj
d:/uefi_specs_personal_collections/csdn/Build/OvmfX64/DEBUG_VS2019/X64/CryptoPkg/Library/OpensslLib/OpensslLibCrypto/OUTPUT/openssl/crypto/dh/dh_asn1.obj
d:/uefi_specs_personal_collections/csdn/Build/OvmfX64/DEBUG_VS2019/X64/CryptoPkg/Library/OpensslLib/OpensslLibCrypto/OUTPUT/openssl/crypto/dh/dh_backend.obj
d:/uefi_specs_personal_collections/csdn/Build/OvmfX64/DEBUG_VS2019/X64/CryptoPkg/Library/OpensslLib/OpensslLibCrypto/OUTPUT/openssl/crypto/dh/dh_check.obj
d:/uefi_specs_personal_collections/csdn/Build/OvmfX64/DEBUG_VS2019/X64/CryptoPkg/Library/OpensslLib/OpensslLibCrypto/OUTPUT/openssl/crypto/dh/dh_err.obj
d:/uefi_specs_personal_collections/csdn/Build/OvmfX64/DEBUG_VS2019/X64/CryptoPkg/Library/OpensslLib/OpensslLibCrypto/OUTPUT/openssl/crypto/dh/dh_gen.obj
d:/uefi_specs_personal_collections/csdn/Build/OvmfX64/DEBUG_VS2019/X64/CryptoPkg/Library/OpensslLib/OpensslLibCrypto/OUTPUT/openssl/crypto/dh/dh_group_params.obj
d:/uefi_specs_personal_collections/csdn/Build/OvmfX64/DEBUG_VS2019/X64/CryptoPkg/Library/OpensslLib/OpensslLibCrypto/OUTPUT/openssl/crypto/dh/dh_kdf.obj
d:/uefi_specs_personal_collections/csdn/Build/OvmfX64/DEBUG_VS2019/X64/CryptoPkg/Library/OpensslLib/OpensslLibCrypto/OUTPUT/openssl/crypto/dh/dh_key.obj
d:/uefi_specs_personal_collections/csdn/Build/OvmfX64/DEBUG_VS2019/X64/CryptoPkg/Library/OpensslLib/OpensslLibCrypto/OUTPUT/openssl/crypto/dh/dh_lib.obj
d:/uefi_specs_personal_collections/csdn/Build/OvmfX64/DEBUG_VS2019/X64/CryptoPkg/Library/OpensslLib/OpensslLibCrypto/OUTPUT/openssl/crypto/dh/dh_meth.obj
d:/uefi_specs_personal_collections/csdn/Build/OvmfX64/DEBUG_VS2019/X64/CryptoPkg/Library/OpensslLib/OpensslLibCrypto/OUTPUT/openssl/crypto/dh/dh_pmeth.obj
d:/uefi_specs_personal_collections/csdn/Build/OvmfX64/DEBUG_VS2019/X64/CryptoPkg/Library/OpensslLib/OpensslLibCrypto/OUTPUT/openssl/crypto/dh/dh_prn.obj
d:/uefi_specs_personal_collections/csdn/Build/OvmfX64/DEBUG_VS2019/X64/CryptoPkg/Library/OpensslLib/OpensslLibCrypto/OUTPUT/openssl/crypto/dh/dh_rfc5114.obj
d:/uefi_specs_personal_collections/csdn/Build/OvmfX64/DEBUG_VS2019/X64/CryptoPkg/Library/OpensslLib/OpensslLibCrypto/OUTPUT/openssl/crypto/dso/dso_dl.obj
d:/uefi_specs_personal_collections/csdn/Build/OvmfX64/DEBUG_VS2019/X64/CryptoPkg/Library/OpensslLib/OpensslLibCrypto/OUTPUT/openssl/crypto/dso/dso_dlfcn.obj
d:/uefi_specs_personal_collections/csdn/Build/OvmfX64/DEBUG_VS2019/X64/CryptoPkg/Library/OpensslLib/OpensslLibCrypto/OUTPUT/openssl/crypto/dso/dso_err.obj
d:/uefi_specs_personal_collections/csdn/Build/OvmfX64/DEBUG_VS2019/X64/CryptoPkg/Library/OpensslLib/OpensslLibCrypto/OUTPUT/openssl/crypto/dso/dso_lib.obj
d:/uefi_specs_personal_collections/csdn/Build/OvmfX64/DEBUG_VS2019/X64/CryptoPkg/Library/OpensslLib/OpensslLibCrypto/OUTPUT/openssl/crypto/dso/dso_openssl.obj
d:/uefi_specs_personal_collections/csdn/Build/OvmfX64/DEBUG_VS2019/X64/CryptoPkg/Library/OpensslLib/OpensslLibCrypto/OUTPUT/openssl/crypto/dso/dso_vms.obj
d:/uefi_specs_personal_collections/csdn/Build/OvmfX64/DEBUG_VS2019/X64/CryptoPkg/Library/OpensslLib/OpensslLibCrypto/OUTPUT/openssl/crypto/dso/dso_win32.obj
d:/uefi_specs_personal_collections/csdn/Build/OvmfX64/DEBUG_VS2019/X64/CryptoPkg/Library/OpensslLib/OpensslLibCrypto/OUTPUT/openssl/crypto/encode_decode/decoder_err.obj
d:/uefi_specs_personal_collections/csdn/Build/OvmfX64/DEBUG_VS2019/X64/CryptoPkg/Library/OpensslLib/OpensslLibCrypto/OUTPUT/openssl/crypto/encode_decode/decoder_lib.obj
d:/uefi_specs_personal_collections/csdn/Build/OvmfX64/DEBUG_VS2019/X64/CryptoPkg/Library/OpensslLib/OpensslLibCrypto/OUTPUT/openssl/crypto/encode_decode/decoder_meth.obj
d:/uefi_specs_personal_collections/csdn/Build/OvmfX64/DEBUG_VS2019/X64/CryptoPkg/Library/OpensslLib/OpensslLibCrypto/OUTPUT/openssl/crypto/encode_decode/decoder_pkey.obj
d:/uefi_specs_personal_collections/csdn/Build/OvmfX64/DEBUG_VS2019/X64/CryptoPkg/Library/OpensslLib/OpensslLibCrypto/OUTPUT/openssl/crypto/err/err.obj
d:/uefi_specs_personal_collections/csdn/Build/OvmfX64/DEBUG_VS2019/X64/CryptoPkg/Library/OpensslLib/OpensslLibCrypto/OUTPUT/openssl/crypto/err/err_all.obj
d:/uefi_specs_personal_collections/csdn/Build/OvmfX64/DEBUG_VS2019/X64/CryptoPkg/Library/OpensslLib/OpensslLibCrypto/OUTPUT/openssl/crypto/err/err_all_legacy.obj
d:/uefi_specs_personal_collections/csdn/Build/OvmfX64/DEBUG_VS2019/X64/CryptoPkg/Library/OpensslLib/OpensslLibCrypto/OUTPUT/openssl/crypto/err/err_blocks.obj
d:/uefi_specs_personal_collections/csdn/Build/OvmfX64/DEBUG_VS2019/X64/CryptoPkg/Library/OpensslLib/OpensslLibCrypto/OUTPUT/openssl/crypto/err/err_prn.obj
d:/uefi_specs_personal_collections/csdn/Build/OvmfX64/DEBUG_VS2019/X64/CryptoPkg/Library/OpensslLib/OpensslLibCrypto/OUTPUT/openssl/crypto/ess/ess_asn1.obj
d:/uefi_specs_personal_collections/csdn/Build/OvmfX64/DEBUG_VS2019/X64/CryptoPkg/Library/OpensslLib/OpensslLibCrypto/OUTPUT/openssl/crypto/ess/ess_err.obj
d:/uefi_specs_personal_collections/csdn/Build/OvmfX64/DEBUG_VS2019/X64/CryptoPkg/Library/OpensslLib/OpensslLibCrypto/OUTPUT/openssl/crypto/ess/ess_lib.obj
d:/uefi_specs_personal_collections/csdn/Build/OvmfX64/DEBUG_VS2019/X64/CryptoPkg/Library/OpensslLib/OpensslLibCrypto/OUTPUT/openssl/crypto/evp/asymcipher.obj
d:/uefi_specs_personal_collections/csdn/Build/OvmfX64/DEBUG_VS2019/X64/CryptoPkg/Library/OpensslLib/OpensslLibCrypto/OUTPUT/openssl/crypto/evp/bio_b64.obj
d:/uefi_specs_personal_collections/csdn/Build/OvmfX64/DEBUG_VS2019/X64/CryptoPkg/Library/OpensslLib/OpensslLibCrypto/OUTPUT/openssl/crypto/evp/bio_enc.obj
d:/uefi_specs_personal_collections/csdn/Build/OvmfX64/DEBUG_VS2019/X64/CryptoPkg/Library/OpensslLib/OpensslLibCrypto/OUTPUT/openssl/crypto/evp/bio_md.obj
d:/uefi_specs_personal_collections/csdn/Build/OvmfX64/DEBUG_VS2019/X64/CryptoPkg/Library/OpensslLib/OpensslLibCrypto/OUTPUT/openssl/crypto/evp/bio_ok.obj
d:/uefi_specs_personal_collections/csdn/Build/OvmfX64/DEBUG_VS2019/X64/CryptoPkg/Library/OpensslLib/OpensslLibCrypto/OUTPUT/openssl/crypto/evp/c_allc.obj
d:/uefi_specs_personal_collections/csdn/Build/OvmfX64/DEBUG_VS2019/X64/CryptoPkg/Library/OpensslLib/OpensslLibCrypto/OUTPUT/openssl/crypto/evp/c_alld.obj
d:/uefi_specs_personal_collections/csdn/Build/OvmfX64/DEBUG_VS2019/X64/CryptoPkg/Library/OpensslLib/OpensslLibCrypto/OUTPUT/openssl/crypto/evp/cmeth_lib.obj
d:/uefi_specs_personal_collections/csdn/Build/OvmfX64/DEBUG_VS2019/X64/CryptoPkg/Library/OpensslLib/OpensslLibCrypto/OUTPUT/openssl/crypto/evp/ctrl_params_translate.obj
d:/uefi_specs_personal_collections/csdn/Build/OvmfX64/DEBUG_VS2019/X64/CryptoPkg/Library/OpensslLib/OpensslLibCrypto/OUTPUT/openssl/crypto/evp/dh_ctrl.obj
d:/uefi_specs_personal_collections/csdn/Build/OvmfX64/DEBUG_VS2019/X64/CryptoPkg/Library/OpensslLib/OpensslLibCrypto/OUTPUT/openssl/crypto/evp/dh_support.obj
d:/uefi_specs_personal_collections/csdn/Build/OvmfX64/DEBUG_VS2019/X64/CryptoPkg/Library/OpensslLib/OpensslLibCrypto/OUTPUT/openssl/crypto/evp/digest.obj
d:/uefi_specs_personal_collections/csdn/Build/OvmfX64/DEBUG_VS2019/X64/CryptoPkg/Library/OpensslLib/OpensslLibCrypto/OUTPUT/openssl/crypto/evp/dsa_ctrl.obj
d:/uefi_specs_personal_collections/csdn/Build/OvmfX64/DEBUG_VS2019/X64/CryptoPkg/Library/OpensslLib/OpensslLibCrypto/OUTPUT/openssl/crypto/evp/e_aes.obj
d:/uefi_specs_personal_collections/csdn/Build/OvmfX64/DEBUG_VS2019/X64/CryptoPkg/Library/OpensslLib/OpensslLibCrypto/OUTPUT/openssl/crypto/evp/e_aes_cbc_hmac_sha1.obj
d:/uefi_specs_personal_collections/csdn/Build/OvmfX64/DEBUG_VS2019/X64/CryptoPkg/Library/OpensslLib/OpensslLibCrypto/OUTPUT/openssl/crypto/evp/e_aes_cbc_hmac_sha256.obj
d:/uefi_specs_personal_collections/csdn/Build/OvmfX64/DEBUG_VS2019/X64/CryptoPkg/Library/OpensslLib/OpensslLibCrypto/OUTPUT/openssl/crypto/evp/e_aria.obj
d:/uefi_specs_personal_collections/csdn/Build/OvmfX64/DEBUG_VS2019/X64/CryptoPkg/Library/OpensslLib/OpensslLibCrypto/OUTPUT/openssl/crypto/evp/e_bf.obj
d:/uefi_specs_personal_collections/csdn/Build/OvmfX64/DEBUG_VS2019/X64/CryptoPkg/Library/OpensslLib/OpensslLibCrypto/OUTPUT/openssl/crypto/evp/e_cast.obj
d:/uefi_specs_personal_collections/csdn/Build/OvmfX64/DEBUG_VS2019/X64/CryptoPkg/Library/OpensslLib/OpensslLibCrypto/OUTPUT/openssl/crypto/evp/e_chacha20_poly1305.obj
d:/uefi_specs_personal_collections/csdn/Build/OvmfX64/DEBUG_VS2019/X64/CryptoPkg/Library/OpensslLib/OpensslLibCrypto/OUTPUT/openssl/crypto/evp/e_des.obj
d:/uefi_specs_personal_collections/csdn/Build/OvmfX64/DEBUG_VS2019/X64/CryptoPkg/Library/OpensslLib/OpensslLibCrypto/OUTPUT/openssl/crypto/evp/e_des3.obj
d:/uefi_specs_personal_collections/csdn/Build/OvmfX64/DEBUG_VS2019/X64/CryptoPkg/Library/OpensslLib/OpensslLibCrypto/OUTPUT/openssl/crypto/evp/e_idea.obj
d:/uefi_specs_personal_collections/csdn/Build/OvmfX64/DEBUG_VS2019/X64/CryptoPkg/Library/OpensslLib/OpensslLibCrypto/OUTPUT/openssl/crypto/evp/e_null.obj
d:/uefi_specs_personal_collections/csdn/Build/OvmfX64/DEBUG_VS2019/X64/CryptoPkg/Library/OpensslLib/OpensslLibCrypto/OUTPUT/openssl/crypto/evp/e_rc2.obj
d:/uefi_specs_personal_collections/csdn/Build/OvmfX64/DEBUG_VS2019/X64/CryptoPkg/Library/OpensslLib/OpensslLibCrypto/OUTPUT/openssl/crypto/evp/e_rc4.obj
d:/uefi_specs_personal_collections/csdn/Build/OvmfX64/DEBUG_VS2019/X64/CryptoPkg/Library/OpensslLib/OpensslLibCrypto/OUTPUT/openssl/crypto/evp/e_rc4_hmac_md5.obj
d:/uefi_specs_personal_collections/csdn/Build/OvmfX64/DEBUG_VS2019/X64/CryptoPkg/Library/OpensslLib/OpensslLibCrypto/OUTPUT/openssl/crypto/evp/e_rc5.obj
d:/uefi_specs_personal_collections/csdn/Build/OvmfX64/DEBUG_VS2019/X64/CryptoPkg/Library/OpensslLib/OpensslLibCrypto/OUTPUT/openssl/crypto/evp/e_sm4.obj
d:/uefi_specs_personal_collections/csdn/Build/OvmfX64/DEBUG_VS2019/X64/CryptoPkg/Library/OpensslLib/OpensslLibCrypto/OUTPUT/openssl/crypto/evp/e_xcbc_d.obj
d:/uefi_specs_personal_collections/csdn/Build/OvmfX64/DEBUG_VS2019/X64/CryptoPkg/Library/OpensslLib/OpensslLibCrypto/OUTPUT/openssl/crypto/evp/ec_ctrl.obj
d:/uefi_specs_personal_collections/csdn/Build/OvmfX64/DEBUG_VS2019/X64/CryptoPkg/Library/OpensslLib/OpensslLibCrypto/OUTPUT/openssl/crypto/evp/ec_support.obj
d:/uefi_specs_personal_collections/csdn/Build/OvmfX64/DEBUG_VS2019/X64/CryptoPkg/Library/OpensslLib/OpensslLibCrypto/OUTPUT/openssl/crypto/evp/encode.obj
d:/uefi_specs_personal_collections/csdn/Build/OvmfX64/DEBUG_VS2019/X64/CryptoPkg/Library/OpensslLib/OpensslLibCrypto/OUTPUT/openssl/crypto/evp/evp_cnf.obj
d:/uefi_specs_personal_collections/csdn/Build/OvmfX64/DEBUG_VS2019/X64/CryptoPkg/Library/OpensslLib/OpensslLibCrypto/OUTPUT/openssl/crypto/evp/evp_enc.obj
d:/uefi_specs_personal_collections/csdn/Build/OvmfX64/DEBUG_VS2019/X64/CryptoPkg/Library/OpensslLib/OpensslLibCrypto/OUTPUT/openssl/crypto/evp/evp_err.obj
d:/uefi_specs_personal_collections/csdn/Build/OvmfX64/DEBUG_VS2019/X64/CryptoPkg/Library/OpensslLib/OpensslLibCrypto/OUTPUT/openssl/crypto/evp/evp_fetch.obj
d:/uefi_specs_personal_collections/csdn/Build/OvmfX64/DEBUG_VS2019/X64/CryptoPkg/Library/OpensslLib/OpensslLibCrypto/OUTPUT/openssl/crypto/evp/evp_key.obj
d:/uefi_specs_personal_collections/csdn/Build/OvmfX64/DEBUG_VS2019/X64/CryptoPkg/Library/OpensslLib/OpensslLibCrypto/OUTPUT/openssl/crypto/evp/evp_lib.obj
d:/uefi_specs_personal_collections/csdn/Build/OvmfX64/DEBUG_VS2019/X64/CryptoPkg/Library/OpensslLib/OpensslLibCrypto/OUTPUT/openssl/crypto/evp/evp_pbe.obj
d:/uefi_specs_personal_collections/csdn/Build/OvmfX64/DEBUG_VS2019/X64/CryptoPkg/Library/OpensslLib/OpensslLibCrypto/OUTPUT/openssl/crypto/evp/evp_pkey.obj
d:/uefi_specs_personal_collections/csdn/Build/OvmfX64/DEBUG_VS2019/X64/CryptoPkg/Library/OpensslLib/OpensslLibCrypto/OUTPUT/openssl/crypto/evp/evp_rand.obj
d:/uefi_specs_personal_collections/csdn/Build/OvmfX64/DEBUG_VS2019/X64/CryptoPkg/Library/OpensslLib/OpensslLibCrypto/OUTPUT/openssl/crypto/evp/evp_utils.obj
d:/uefi_specs_personal_collections/csdn/Build/OvmfX64/DEBUG_VS2019/X64/CryptoPkg/Library/OpensslLib/OpensslLibCrypto/OUTPUT/openssl/crypto/evp/exchange.obj
d:/uefi_specs_personal_collections/csdn/Build/OvmfX64/DEBUG_VS2019/X64/CryptoPkg/Library/OpensslLib/OpensslLibCrypto/OUTPUT/openssl/crypto/evp/kdf_lib.obj
d:/uefi_specs_personal_collections/csdn/Build/OvmfX64/DEBUG_VS2019/X64/CryptoPkg/Library/OpensslLib/OpensslLibCrypto/OUTPUT/openssl/crypto/evp/kdf_meth.obj
d:/uefi_specs_personal_collections/csdn/Build/OvmfX64/DEBUG_VS2019/X64/CryptoPkg/Library/OpensslLib/OpensslLibCrypto/OUTPUT/openssl/crypto/evp/kem.obj
d:/uefi_specs_personal_collections/csdn/Build/OvmfX64/DEBUG_VS2019/X64/CryptoPkg/Library/OpensslLib/OpensslLibCrypto/OUTPUT/openssl/crypto/evp/keymgmt_lib.obj
d:/uefi_specs_personal_collections/csdn/Build/OvmfX64/DEBUG_VS2019/X64/CryptoPkg/Library/OpensslLib/OpensslLibCrypto/OUTPUT/openssl/crypto/evp/keymgmt_meth.obj
d:/uefi_specs_personal_collections/csdn/Build/OvmfX64/DEBUG_VS2019/X64/CryptoPkg/Library/OpensslLib/OpensslLibCrypto/OUTPUT/openssl/crypto/evp/legacy_md5.obj
d:/uefi_specs_personal_collections/csdn/Build/OvmfX64/DEBUG_VS2019/X64/CryptoPkg/Library/OpensslLib/OpensslLibCrypto/OUTPUT/openssl/crypto/evp/legacy_md5_sha1.obj
d:/uefi_specs_personal_collections/csdn/Build/OvmfX64/DEBUG_VS2019/X64/CryptoPkg/Library/OpensslLib/OpensslLibCrypto/OUTPUT/openssl/crypto/evp/legacy_sha.obj
d:/uefi_specs_personal_collections/csdn/Build/OvmfX64/DEBUG_VS2019/X64/CryptoPkg/Library/OpensslLib/OpensslLibCrypto/OUTPUT/openssl/crypto/evp/m_null.obj
d:/uefi_specs_personal_collections/csdn/Build/OvmfX64/DEBUG_VS2019/X64/CryptoPkg/Library/OpensslLib/OpensslLibCrypto/OUTPUT/openssl/crypto/evp/m_sigver.obj
d:/uefi_specs_personal_collections/csdn/Build/OvmfX64/DEBUG_VS2019/X64/CryptoPkg/Library/OpensslLib/OpensslLibCrypto/OUTPUT/openssl/crypto/evp/mac_lib.obj
d:/uefi_specs_personal_collections/csdn/Build/OvmfX64/DEBUG_VS2019/X64/CryptoPkg/Library/OpensslLib/OpensslLibCrypto/OUTPUT/openssl/crypto/evp/mac_meth.obj
d:/uefi_specs_personal_collections/csdn/Build/OvmfX64/DEBUG_VS2019/X64/CryptoPkg/Library/OpensslLib/OpensslLibCrypto/OUTPUT/openssl/crypto/evp/names.obj
d:/uefi_specs_personal_collections/csdn/Build/OvmfX64/DEBUG_VS2019/X64/CryptoPkg/Library/OpensslLib/OpensslLibCrypto/OUTPUT/openssl/crypto/evp/p5_crpt.obj
d:/uefi_specs_personal_collections/csdn/Build/OvmfX64/DEBUG_VS2019/X64/CryptoPkg/Library/OpensslLib/OpensslLibCrypto/OUTPUT/openssl/crypto/evp/p5_crpt2.obj
d:/uefi_specs_personal_collections/csdn/Build/OvmfX64/DEBUG_VS2019/X64/CryptoPkg/Library/OpensslLib/OpensslLibCrypto/OUTPUT/openssl/crypto/evp/p_dec.obj
d:/uefi_specs_personal_collections/csdn/Build/OvmfX64/DEBUG_VS2019/X64/CryptoPkg/Library/OpensslLib/OpensslLibCrypto/OUTPUT/openssl/crypto/evp/p_enc.obj
d:/uefi_specs_personal_collections/csdn/Build/OvmfX64/DEBUG_VS2019/X64/CryptoPkg/Library/OpensslLib/OpensslLibCrypto/OUTPUT/openssl/crypto/evp/p_legacy.obj
d:/uefi_specs_personal_collections/csdn/Build/OvmfX64/DEBUG_VS2019/X64/CryptoPkg/Library/OpensslLib/OpensslLibCrypto/OUTPUT/openssl/crypto/evp/p_lib.obj
d:/uefi_specs_personal_collections/csdn/Build/OvmfX64/DEBUG_VS2019/X64/CryptoPkg/Library/OpensslLib/OpensslLibCrypto/OUTPUT/openssl/crypto/evp/p_open.obj
d:/uefi_specs_personal_collections/csdn/Build/OvmfX64/DEBUG_VS2019/X64/CryptoPkg/Library/OpensslLib/OpensslLibCrypto/OUTPUT/openssl/crypto/evp/p_seal.obj
d:/uefi_specs_personal_collections/csdn/Build/OvmfX64/DEBUG_VS2019/X64/CryptoPkg/Library/OpensslLib/OpensslLibCrypto/OUTPUT/openssl/crypto/evp/p_sign.obj
d:/uefi_specs_personal_collections/csdn/Build/OvmfX64/DEBUG_VS2019/X64/CryptoPkg/Library/OpensslLib/OpensslLibCrypto/OUTPUT/openssl/crypto/evp/p_verify.obj
d:/uefi_specs_personal_collections/csdn/Build/OvmfX64/DEBUG_VS2019/X64/CryptoPkg/Library/OpensslLib/OpensslLibCrypto/OUTPUT/openssl/crypto/evp/pbe_scrypt.obj
d:/uefi_specs_personal_collections/csdn/Build/OvmfX64/DEBUG_VS2019/X64/CryptoPkg/Library/OpensslLib/OpensslLibCrypto/OUTPUT/openssl/crypto/evp/pmeth_check.obj
d:/uefi_specs_personal_collections/csdn/Build/OvmfX64/DEBUG_VS2019/X64/CryptoPkg/Library/OpensslLib/OpensslLibCrypto/OUTPUT/openssl/crypto/evp/pmeth_gn.obj
d:/uefi_specs_personal_collections/csdn/Build/OvmfX64/DEBUG_VS2019/X64/CryptoPkg/Library/OpensslLib/OpensslLibCrypto/OUTPUT/openssl/crypto/evp/pmeth_lib.obj
d:/uefi_specs_personal_collections/csdn/Build/OvmfX64/DEBUG_VS2019/X64/CryptoPkg/Library/OpensslLib/OpensslLibCrypto/OUTPUT/openssl/crypto/evp/signature.obj
d:/uefi_specs_personal_collections/csdn/Build/OvmfX64/DEBUG_VS2019/X64/CryptoPkg/Library/OpensslLib/OpensslLibCrypto/OUTPUT/openssl/crypto/ffc/ffc_backend.obj
d:/uefi_specs_personal_collections/csdn/Build/OvmfX64/DEBUG_VS2019/X64/CryptoPkg/Library/OpensslLib/OpensslLibCrypto/OUTPUT/openssl/crypto/ffc/ffc_dh.obj
d:/uefi_specs_personal_collections/csdn/Build/OvmfX64/DEBUG_VS2019/X64/CryptoPkg/Library/OpensslLib/OpensslLibCrypto/OUTPUT/openssl/crypto/ffc/ffc_key_generate.obj
d:/uefi_specs_personal_collections/csdn/Build/OvmfX64/DEBUG_VS2019/X64/CryptoPkg/Library/OpensslLib/OpensslLibCrypto/OUTPUT/openssl/crypto/ffc/ffc_key_validate.obj
d:/uefi_specs_personal_collections/csdn/Build/OvmfX64/DEBUG_VS2019/X64/CryptoPkg/Library/OpensslLib/OpensslLibCrypto/OUTPUT/openssl/crypto/ffc/ffc_params.obj
d:/uefi_specs_personal_collections/csdn/Build/OvmfX64/DEBUG_VS2019/X64/CryptoPkg/Library/OpensslLib/OpensslLibCrypto/OUTPUT/openssl/crypto/ffc/ffc_params_generate.obj
d:/uefi_specs_personal_collections/csdn/Build/OvmfX64/DEBUG_VS2019/X64/CryptoPkg/Library/OpensslLib/OpensslLibCrypto/OUTPUT/openssl/crypto/ffc/ffc_params_validate.obj
d:/uefi_specs_personal_collections/csdn/Build/OvmfX64/DEBUG_VS2019/X64/CryptoPkg/Library/OpensslLib/OpensslLibCrypto/OUTPUT/openssl/crypto/hmac/hmac.obj
d:/uefi_specs_personal_collections/csdn/Build/OvmfX64/DEBUG_VS2019/X64/CryptoPkg/Library/OpensslLib/OpensslLibCrypto/OUTPUT/openssl/crypto/http/http_client.obj
d:/uefi_specs_personal_collections/csdn/Build/OvmfX64/DEBUG_VS2019/X64/CryptoPkg/Library/OpensslLib/OpensslLibCrypto/OUTPUT/openssl/crypto/http/http_err.obj
d:/uefi_specs_personal_collections/csdn/Build/OvmfX64/DEBUG_VS2019/X64/CryptoPkg/Library/OpensslLib/OpensslLibCrypto/OUTPUT/openssl/crypto/http/http_lib.obj
d:/uefi_specs_personal_collections/csdn/Build/OvmfX64/DEBUG_VS2019/X64/CryptoPkg/Library/OpensslLib/OpensslLibCrypto/OUTPUT/openssl/crypto/kdf/kdf_err.obj
d:/uefi_specs_personal_collections/csdn/Build/OvmfX64/DEBUG_VS2019/X64/CryptoPkg/Library/OpensslLib/OpensslLibCrypto/OUTPUT/openssl/crypto/lhash/lh_stats.obj
d:/uefi_specs_personal_collections/csdn/Build/OvmfX64/DEBUG_VS2019/X64/CryptoPkg/Library/OpensslLib/OpensslLibCrypto/OUTPUT/openssl/crypto/lhash/lhash.obj
d:/uefi_specs_personal_collections/csdn/Build/OvmfX64/DEBUG_VS2019/X64/CryptoPkg/Library/OpensslLib/OpensslLibCrypto/OUTPUT/openssl/crypto/asn1_dsa.obj
d:/uefi_specs_personal_collections/csdn/Build/OvmfX64/DEBUG_VS2019/X64/CryptoPkg/Library/OpensslLib/OpensslLibCrypto/OUTPUT/openssl/crypto/bsearch.obj
d:/uefi_specs_personal_collections/csdn/Build/OvmfX64/DEBUG_VS2019/X64/CryptoPkg/Library/OpensslLib/OpensslLibCrypto/OUTPUT/openssl/crypto/context.obj
d:/uefi_specs_personal_collections/csdn/Build/OvmfX64/DEBUG_VS2019/X64/CryptoPkg/Library/OpensslLib/OpensslLibCrypto/OUTPUT/openssl/crypto/core_algorithm.obj
d:/uefi_specs_personal_collections/csdn/Build/OvmfX64/DEBUG_VS2019/X64/CryptoPkg/Library/OpensslLib/OpensslLibCrypto/OUTPUT/openssl/crypto/core_fetch.obj
d:/uefi_specs_personal_collections/csdn/Build/OvmfX64/DEBUG_VS2019/X64/CryptoPkg/Library/OpensslLib/OpensslLibCrypto/OUTPUT/openssl/crypto/core_namemap.obj
d:/uefi_specs_personal_collections/csdn/Build/OvmfX64/DEBUG_VS2019/X64/CryptoPkg/Library/OpensslLib/OpensslLibCrypto/OUTPUT/openssl/crypto/cpt_err.obj
d:/uefi_specs_personal_collections/csdn/Build/OvmfX64/DEBUG_VS2019/X64/CryptoPkg/Library/OpensslLib/OpensslLibCrypto/OUTPUT/openssl/crypto/cpuid.obj
d:/uefi_specs_personal_collections/csdn/Build/OvmfX64/DEBUG_VS2019/X64/CryptoPkg/Library/OpensslLib/OpensslLibCrypto/OUTPUT/openssl/crypto/cryptlib.obj
d:/uefi_specs_personal_collections/csdn/Build/OvmfX64/DEBUG_VS2019/X64/CryptoPkg/Library/OpensslLib/OpensslLibCrypto/OUTPUT/openssl/crypto/ctype.obj
d:/uefi_specs_personal_collections/csdn/Build/OvmfX64/DEBUG_VS2019/X64/CryptoPkg/Library/OpensslLib/OpensslLibCrypto/OUTPUT/openssl/crypto/cversion.obj
d:/uefi_specs_personal_collections/csdn/Build/OvmfX64/DEBUG_VS2019/X64/CryptoPkg/Library/OpensslLib/OpensslLibCrypto/OUTPUT/openssl/crypto/der_writer.obj
d:/uefi_specs_personal_collections/csdn/Build/OvmfX64/DEBUG_VS2019/X64/CryptoPkg/Library/OpensslLib/OpensslLibCrypto/OUTPUT/openssl/crypto/ebcdic.obj
d:/uefi_specs_personal_collections/csdn/Build/OvmfX64/DEBUG_VS2019/X64/CryptoPkg/Library/OpensslLib/OpensslLibCrypto/OUTPUT/openssl/crypto/ex_data.obj
d:/uefi_specs_personal_collections/csdn/Build/OvmfX64/DEBUG_VS2019/X64/CryptoPkg/Library/OpensslLib/OpensslLibCrypto/OUTPUT/openssl/crypto/getenv.obj
d:/uefi_specs_personal_collections/csdn/Build/OvmfX64/DEBUG_VS2019/X64/CryptoPkg/Library/OpensslLib/OpensslLibCrypto/OUTPUT/openssl/crypto/info.obj
d:/uefi_specs_personal_collections/csdn/Build/OvmfX64/DEBUG_VS2019/X64/CryptoPkg/Library/OpensslLib/OpensslLibCrypto/OUTPUT/openssl/crypto/init.obj
d:/uefi_specs_personal_collections/csdn/Build/OvmfX64/DEBUG_VS2019/X64/CryptoPkg/Library/OpensslLib/OpensslLibCrypto/OUTPUT/openssl/crypto/initthread.obj
d:/uefi_specs_personal_collections/csdn/Build/OvmfX64/DEBUG_VS2019/X64/CryptoPkg/Library/OpensslLib/OpensslLibCrypto/OUTPUT/openssl/crypto/mem.obj
d:/uefi_specs_personal_collections/csdn/Build/OvmfX64/DEBUG_VS2019/X64/CryptoPkg/Library/OpensslLib/OpensslLibCrypto/OUTPUT/openssl/crypto/mem_clr.obj
d:/uefi_specs_personal_collections/csdn/Build/OvmfX64/DEBUG_VS2019/X64/CryptoPkg/Library/OpensslLib/OpensslLibCrypto/OUTPUT/openssl/crypto/mem_sec.obj
d:/uefi_specs_personal_collections/csdn/Build/OvmfX64/DEBUG_VS2019/X64/CryptoPkg/Library/OpensslLib/OpensslLibCrypto/OUTPUT/openssl/crypto/o_dir.obj
d:/uefi_specs_personal_collections/csdn/Build/OvmfX64/DEBUG_VS2019/X64/CryptoPkg/Library/OpensslLib/OpensslLibCrypto/OUTPUT/openssl/crypto/o_fopen.obj
d:/uefi_specs_personal_collections/csdn/Build/OvmfX64/DEBUG_VS2019/X64/CryptoPkg/Library/OpensslLib/OpensslLibCrypto/OUTPUT/openssl/crypto/o_init.obj
d:/uefi_specs_personal_collections/csdn/Build/OvmfX64/DEBUG_VS2019/X64/CryptoPkg/Library/OpensslLib/OpensslLibCrypto/OUTPUT/openssl/crypto/o_str.obj
d:/uefi_specs_personal_collections/csdn/Build/OvmfX64/DEBUG_VS2019/X64/CryptoPkg/Library/OpensslLib/OpensslLibCrypto/OUTPUT/openssl/crypto/o_time.obj
d:/uefi_specs_personal_collections/csdn/Build/OvmfX64/DEBUG_VS2019/X64/CryptoPkg/Library/OpensslLib/OpensslLibCrypto/OUTPUT/openssl/crypto/packet.obj
d:/uefi_specs_personal_collections/csdn/Build/OvmfX64/DEBUG_VS2019/X64/CryptoPkg/Library/OpensslLib/OpensslLibCrypto/OUTPUT/openssl/crypto/param_build.obj
d:/uefi_specs_personal_collections/csdn/Build/OvmfX64/DEBUG_VS2019/X64/CryptoPkg/Library/OpensslLib/OpensslLibCrypto/OUTPUT/openssl/crypto/param_build_set.obj
d:/uefi_specs_personal_collections/csdn/Build/OvmfX64/DEBUG_VS2019/X64/CryptoPkg/Library/OpensslLib/OpensslLibCrypto/OUTPUT/openssl/crypto/params.obj
d:/uefi_specs_personal_collections/csdn/Build/OvmfX64/DEBUG_VS2019/X64/CryptoPkg/Library/OpensslLib/OpensslLibCrypto/OUTPUT/openssl/crypto/params_dup.obj
d:/uefi_specs_personal_collections/csdn/Build/OvmfX64/DEBUG_VS2019/X64/CryptoPkg/Library/OpensslLib/OpensslLibCrypto/OUTPUT/openssl/crypto/params_from_text.obj
d:/uefi_specs_personal_collections/csdn/Build/OvmfX64/DEBUG_VS2019/X64/CryptoPkg/Library/OpensslLib/OpensslLibCrypto/OUTPUT/openssl/crypto/passphrase.obj
d:/uefi_specs_personal_collections/csdn/Build/OvmfX64/DEBUG_VS2019/X64/CryptoPkg/Library/OpensslLib/OpensslLibCrypto/OUTPUT/openssl/crypto/provider.obj
d:/uefi_specs_personal_collections/csdn/Build/OvmfX64/DEBUG_VS2019/X64/CryptoPkg/Library/OpensslLib/OpensslLibCrypto/OUTPUT/openssl/crypto/provider_child.obj
d:/uefi_specs_personal_collections/csdn/Build/OvmfX64/DEBUG_VS2019/X64/CryptoPkg/Library/OpensslLib/OpensslLibCrypto/OUTPUT/openssl/crypto/provider_conf.obj
d:/uefi_specs_personal_collections/csdn/Build/OvmfX64/DEBUG_VS2019/X64/CryptoPkg/Library/OpensslLib/OpensslLibCrypto/OUTPUT/openssl/crypto/provider_core.obj
d:/uefi_specs_personal_collections/csdn/Build/OvmfX64/DEBUG_VS2019/X64/CryptoPkg/Library/OpensslLib/OpensslLibCrypto/OUTPUT/openssl/crypto/punycode.obj
d:/uefi_specs_personal_collections/csdn/Build/OvmfX64/DEBUG_VS2019/X64/CryptoPkg/Library/OpensslLib/OpensslLibCrypto/OUTPUT/openssl/crypto/self_test_core.obj
d:/uefi_specs_personal_collections/csdn/Build/OvmfX64/DEBUG_VS2019/X64/CryptoPkg/Library/OpensslLib/OpensslLibCrypto/OUTPUT/openssl/crypto/sparse_array.obj
d:/uefi_specs_personal_collections/csdn/Build/OvmfX64/DEBUG_VS2019/X64/CryptoPkg/Library/OpensslLib/OpensslLibCrypto/OUTPUT/openssl/crypto/threads_lib.obj
d:/uefi_specs_personal_collections/csdn/Build/OvmfX64/DEBUG_VS2019/X64/CryptoPkg/Library/OpensslLib/OpensslLibCrypto/OUTPUT/openssl/crypto/threads_none.obj
d:/uefi_specs_personal_collections/csdn/Build/OvmfX64/DEBUG_VS2019/X64/CryptoPkg/Library/OpensslLib/OpensslLibCrypto/OUTPUT/openssl/crypto/threads_pthread.obj
d:/uefi_specs_personal_collections/csdn/Build/OvmfX64/DEBUG_VS2019/X64/CryptoPkg/Library/OpensslLib/OpensslLibCrypto/OUTPUT/openssl/crypto/threads_win.obj
d:/uefi_specs_personal_collections/csdn/Build/OvmfX64/DEBUG_VS2019/X64/CryptoPkg/Library/OpensslLib/OpensslLibCrypto/OUTPUT/openssl/crypto/trace.obj
d:/uefi_specs_personal_collections/csdn/Build/OvmfX64/DEBUG_VS2019/X64/CryptoPkg/Library/OpensslLib/OpensslLibCrypto/OUTPUT/openssl/crypto/uid.obj
d:/uefi_specs_personal_collections/csdn/Build/OvmfX64/DEBUG_VS2019/X64/CryptoPkg/Library/OpensslLib/OpensslLibCrypto/OUTPUT/openssl/crypto/md5/md5_dgst.obj
d:/uefi_specs_personal_collections/csdn/Build/OvmfX64/DEBUG_VS2019/X64/CryptoPkg/Library/OpensslLib/OpensslLibCrypto/OUTPUT/openssl/crypto/md5/md5_one.obj
d:/uefi_specs_personal_collections/csdn/Build/OvmfX64/DEBUG_VS2019/X64/CryptoPkg/Library/OpensslLib/OpensslLibCrypto/OUTPUT/openssl/crypto/md5/md5_sha1.obj
d:/uefi_specs_personal_collections/csdn/Build/OvmfX64/DEBUG_VS2019/X64/CryptoPkg/Library/OpensslLib/OpensslLibCrypto/OUTPUT/openssl/crypto/modes/cbc128.obj
d:/uefi_specs_personal_collections/csdn/Build/OvmfX64/DEBUG_VS2019/X64/CryptoPkg/Library/OpensslLib/OpensslLibCrypto/OUTPUT/openssl/crypto/modes/ccm128.obj
d:/uefi_specs_personal_collections/csdn/Build/OvmfX64/DEBUG_VS2019/X64/CryptoPkg/Library/OpensslLib/OpensslLibCrypto/OUTPUT/openssl/crypto/modes/cfb128.obj
d:/uefi_specs_personal_collections/csdn/Build/OvmfX64/DEBUG_VS2019/X64/CryptoPkg/Library/OpensslLib/OpensslLibCrypto/OUTPUT/openssl/crypto/modes/ctr128.obj
d:/uefi_specs_personal_collections/csdn/Build/OvmfX64/DEBUG_VS2019/X64/CryptoPkg/Library/OpensslLib/OpensslLibCrypto/OUTPUT/openssl/crypto/modes/cts128.obj
d:/uefi_specs_personal_collections/csdn/Build/OvmfX64/DEBUG_VS2019/X64/CryptoPkg/Library/OpensslLib/OpensslLibCrypto/OUTPUT/openssl/crypto/modes/gcm128.obj
d:/uefi_specs_personal_collections/csdn/Build/OvmfX64/DEBUG_VS2019/X64/CryptoPkg/Library/OpensslLib/OpensslLibCrypto/OUTPUT/openssl/crypto/modes/ocb128.obj
d:/uefi_specs_personal_collections/csdn/Build/OvmfX64/DEBUG_VS2019/X64/CryptoPkg/Library/OpensslLib/OpensslLibCrypto/OUTPUT/openssl/crypto/modes/ofb128.obj
d:/uefi_specs_personal_collections/csdn/Build/OvmfX64/DEBUG_VS2019/X64/CryptoPkg/Library/OpensslLib/OpensslLibCrypto/OUTPUT/openssl/crypto/modes/siv128.obj
d:/uefi_specs_personal_collections/csdn/Build/OvmfX64/DEBUG_VS2019/X64/CryptoPkg/Library/OpensslLib/OpensslLibCrypto/OUTPUT/openssl/crypto/modes/wrap128.obj
d:/uefi_specs_personal_collections/csdn/Build/OvmfX64/DEBUG_VS2019/X64/CryptoPkg/Library/OpensslLib/OpensslLibCrypto/OUTPUT/openssl/crypto/modes/xts128.obj
d:/uefi_specs_personal_collections/csdn/Build/OvmfX64/DEBUG_VS2019/X64/CryptoPkg/Library/OpensslLib/OpensslLibCrypto/OUTPUT/openssl/crypto/objects/o_names.obj
d:/uefi_specs_personal_collections/csdn/Build/OvmfX64/DEBUG_VS2019/X64/CryptoPkg/Library/OpensslLib/OpensslLibCrypto/OUTPUT/openssl/crypto/objects/obj_dat.obj
d:/uefi_specs_personal_collections/csdn/Build/OvmfX64/DEBUG_VS2019/X64/CryptoPkg/Library/OpensslLib/OpensslLibCrypto/OUTPUT/openssl/crypto/objects/obj_err.obj
d:/uefi_specs_personal_collections/csdn/Build/OvmfX64/DEBUG_VS2019/X64/CryptoPkg/Library/OpensslLib/OpensslLibCrypto/OUTPUT/openssl/crypto/objects/obj_lib.obj
d:/uefi_specs_personal_collections/csdn/Build/OvmfX64/DEBUG_VS2019/X64/CryptoPkg/Library/OpensslLib/OpensslLibCrypto/OUTPUT/openssl/crypto/objects/obj_xref.obj
d:/uefi_specs_personal_collections/csdn/Build/OvmfX64/DEBUG_VS2019/X64/CryptoPkg/Library/OpensslLib/OpensslLibCrypto/OUTPUT/openssl/crypto/pem/pem_all.obj
d:/uefi_specs_personal_collections/csdn/Build/OvmfX64/DEBUG_VS2019/X64/CryptoPkg/Library/OpensslLib/OpensslLibCrypto/OUTPUT/openssl/crypto/pem/pem_err.obj
d:/uefi_specs_personal_collections/csdn/Build/OvmfX64/DEBUG_VS2019/X64/CryptoPkg/Library/OpensslLib/OpensslLibCrypto/OUTPUT/openssl/crypto/pem/pem_info.obj
d:/uefi_specs_personal_collections/csdn/Build/OvmfX64/DEBUG_VS2019/X64/CryptoPkg/Library/OpensslLib/OpensslLibCrypto/OUTPUT/openssl/crypto/pem/pem_lib.obj
d:/uefi_specs_personal_collections/csdn/Build/OvmfX64/DEBUG_VS2019/X64/CryptoPkg/Library/OpensslLib/OpensslLibCrypto/OUTPUT/openssl/crypto/pem/pem_oth.obj
d:/uefi_specs_personal_collections/csdn/Build/OvmfX64/DEBUG_VS2019/X64/CryptoPkg/Library/OpensslLib/OpensslLibCrypto/OUTPUT/openssl/crypto/pem/pem_pk8.obj
d:/uefi_specs_personal_collections/csdn/Build/OvmfX64/DEBUG_VS2019/X64/CryptoPkg/Library/OpensslLib/OpensslLibCrypto/OUTPUT/openssl/crypto/pem/pem_pkey.obj
d:/uefi_specs_personal_collections/csdn/Build/OvmfX64/DEBUG_VS2019/X64/CryptoPkg/Library/OpensslLib/OpensslLibCrypto/OUTPUT/openssl/crypto/pem/pem_sign.obj
d:/uefi_specs_personal_collections/csdn/Build/OvmfX64/DEBUG_VS2019/X64/CryptoPkg/Library/OpensslLib/OpensslLibCrypto/OUTPUT/openssl/crypto/pem/pem_x509.obj
d:/uefi_specs_personal_collections/csdn/Build/OvmfX64/DEBUG_VS2019/X64/CryptoPkg/Library/OpensslLib/OpensslLibCrypto/OUTPUT/openssl/crypto/pem/pem_xaux.obj
d:/uefi_specs_personal_collections/csdn/Build/OvmfX64/DEBUG_VS2019/X64/CryptoPkg/Library/OpensslLib/OpensslLibCrypto/OUTPUT/openssl/crypto/pem/pvkfmt.obj
d:/uefi_specs_personal_collections/csdn/Build/OvmfX64/DEBUG_VS2019/X64/CryptoPkg/Library/OpensslLib/OpensslLibCrypto/OUTPUT/openssl/crypto/pkcs7/bio_pk7.obj
d:/uefi_specs_personal_collections/csdn/Build/OvmfX64/DEBUG_VS2019/X64/CryptoPkg/Library/OpensslLib/OpensslLibCrypto/OUTPUT/openssl/crypto/pkcs7/pk7_asn1.obj
d:/uefi_specs_personal_collections/csdn/Build/OvmfX64/DEBUG_VS2019/X64/CryptoPkg/Library/OpensslLib/OpensslLibCrypto/OUTPUT/openssl/crypto/pkcs7/pk7_attr.obj
d:/uefi_specs_personal_collections/csdn/Build/OvmfX64/DEBUG_VS2019/X64/CryptoPkg/Library/OpensslLib/OpensslLibCrypto/OUTPUT/openssl/crypto/pkcs7/pk7_doit.obj
d:/uefi_specs_personal_collections/csdn/Build/OvmfX64/DEBUG_VS2019/X64/CryptoPkg/Library/OpensslLib/OpensslLibCrypto/OUTPUT/openssl/crypto/pkcs7/pk7_lib.obj
d:/uefi_specs_personal_collections/csdn/Build/OvmfX64/DEBUG_VS2019/X64/CryptoPkg/Library/OpensslLib/OpensslLibCrypto/OUTPUT/openssl/crypto/pkcs7/pk7_mime.obj
d:/uefi_specs_personal_collections/csdn/Build/OvmfX64/DEBUG_VS2019/X64/CryptoPkg/Library/OpensslLib/OpensslLibCrypto/OUTPUT/openssl/crypto/pkcs7/pk7_smime.obj
d:/uefi_specs_personal_collections/csdn/Build/OvmfX64/DEBUG_VS2019/X64/CryptoPkg/Library/OpensslLib/OpensslLibCrypto/OUTPUT/openssl/crypto/pkcs7/pkcs7err.obj
d:/uefi_specs_personal_collections/csdn/Build/OvmfX64/DEBUG_VS2019/X64/CryptoPkg/Library/OpensslLib/OpensslLibCrypto/OUTPUT/openssl/crypto/property/defn_cache.obj
d:/uefi_specs_personal_collections/csdn/Build/OvmfX64/DEBUG_VS2019/X64/CryptoPkg/Library/OpensslLib/OpensslLibCrypto/OUTPUT/openssl/crypto/property/property.obj
d:/uefi_specs_personal_collections/csdn/Build/OvmfX64/DEBUG_VS2019/X64/CryptoPkg/Library/OpensslLib/OpensslLibCrypto/OUTPUT/openssl/crypto/property/property_err.obj
d:/uefi_specs_personal_collections/csdn/Build/OvmfX64/DEBUG_VS2019/X64/CryptoPkg/Library/OpensslLib/OpensslLibCrypto/OUTPUT/openssl/crypto/property/property_parse.obj
d:/uefi_specs_personal_collections/csdn/Build/OvmfX64/DEBUG_VS2019/X64/CryptoPkg/Library/OpensslLib/OpensslLibCrypto/OUTPUT/openssl/crypto/property/property_query.obj
d:/uefi_specs_personal_collections/csdn/Build/OvmfX64/DEBUG_VS2019/X64/CryptoPkg/Library/OpensslLib/OpensslLibCrypto/OUTPUT/openssl/crypto/property/property_string.obj
d:/uefi_specs_personal_collections/csdn/Build/OvmfX64/DEBUG_VS2019/X64/CryptoPkg/Library/OpensslLib/OpensslLibCrypto/OUTPUT/openssl/crypto/rand/prov_seed.obj
d:/uefi_specs_personal_collections/csdn/Build/OvmfX64/DEBUG_VS2019/X64/CryptoPkg/Library/OpensslLib/OpensslLibCrypto/OUTPUT/openssl/crypto/rand/rand_deprecated.obj
d:/uefi_specs_personal_collections/csdn/Build/OvmfX64/DEBUG_VS2019/X64/CryptoPkg/Library/OpensslLib/OpensslLibCrypto/OUTPUT/openssl/crypto/rand/rand_err.obj
d:/uefi_specs_personal_collections/csdn/Build/OvmfX64/DEBUG_VS2019/X64/CryptoPkg/Library/OpensslLib/OpensslLibCrypto/OUTPUT/openssl/crypto/rand/rand_lib.obj
d:/uefi_specs_personal_collections/csdn/Build/OvmfX64/DEBUG_VS2019/X64/CryptoPkg/Library/OpensslLib/OpensslLibCrypto/OUTPUT/openssl/crypto/rand/rand_meth.obj
d:/uefi_specs_personal_collections/csdn/Build/OvmfX64/DEBUG_VS2019/X64/CryptoPkg/Library/OpensslLib/OpensslLibCrypto/OUTPUT/openssl/crypto/rand/rand_pool.obj
d:/uefi_specs_personal_collections/csdn/Build/OvmfX64/DEBUG_VS2019/X64/CryptoPkg/Library/OpensslLib/OpensslLibCrypto/OUTPUT/openssl/crypto/rsa/rsa_ameth.obj
d:/uefi_specs_personal_collections/csdn/Build/OvmfX64/DEBUG_VS2019/X64/CryptoPkg/Library/OpensslLib/OpensslLibCrypto/OUTPUT/openssl/crypto/rsa/rsa_asn1.obj
d:/uefi_specs_personal_collections/csdn/Build/OvmfX64/DEBUG_VS2019/X64/CryptoPkg/Library/OpensslLib/OpensslLibCrypto/OUTPUT/openssl/crypto/rsa/rsa_backend.obj
d:/uefi_specs_personal_collections/csdn/Build/OvmfX64/DEBUG_VS2019/X64/CryptoPkg/Library/OpensslLib/OpensslLibCrypto/OUTPUT/openssl/crypto/rsa/rsa_chk.obj
d:/uefi_specs_personal_collections/csdn/Build/OvmfX64/DEBUG_VS2019/X64/CryptoPkg/Library/OpensslLib/OpensslLibCrypto/OUTPUT/openssl/crypto/rsa/rsa_crpt.obj
d:/uefi_specs_personal_collections/csdn/Build/OvmfX64/DEBUG_VS2019/X64/CryptoPkg/Library/OpensslLib/OpensslLibCrypto/OUTPUT/openssl/crypto/rsa/rsa_err.obj
d:/uefi_specs_personal_collections/csdn/Build/OvmfX64/DEBUG_VS2019/X64/CryptoPkg/Library/OpensslLib/OpensslLibCrypto/OUTPUT/openssl/crypto/rsa/rsa_gen.obj
d:/uefi_specs_personal_collections/csdn/Build/OvmfX64/DEBUG_VS2019/X64/CryptoPkg/Library/OpensslLib/OpensslLibCrypto/OUTPUT/openssl/crypto/rsa/rsa_lib.obj
d:/uefi_specs_personal_collections/csdn/Build/OvmfX64/DEBUG_VS2019/X64/CryptoPkg/Library/OpensslLib/OpensslLibCrypto/OUTPUT/openssl/crypto/rsa/rsa_meth.obj
d:/uefi_specs_personal_collections/csdn/Build/OvmfX64/DEBUG_VS2019/X64/CryptoPkg/Library/OpensslLib/OpensslLibCrypto/OUTPUT/openssl/crypto/rsa/rsa_mp.obj
d:/uefi_specs_personal_collections/csdn/Build/OvmfX64/DEBUG_VS2019/X64/CryptoPkg/Library/OpensslLib/OpensslLibCrypto/OUTPUT/openssl/crypto/rsa/rsa_mp_names.obj
d:/uefi_specs_personal_collections/csdn/Build/OvmfX64/DEBUG_VS2019/X64/CryptoPkg/Library/OpensslLib/OpensslLibCrypto/OUTPUT/openssl/crypto/rsa/rsa_none.obj
d:/uefi_specs_personal_collections/csdn/Build/OvmfX64/DEBUG_VS2019/X64/CryptoPkg/Library/OpensslLib/OpensslLibCrypto/OUTPUT/openssl/crypto/rsa/rsa_oaep.obj
d:/uefi_specs_personal_collections/csdn/Build/OvmfX64/DEBUG_VS2019/X64/CryptoPkg/Library/OpensslLib/OpensslLibCrypto/OUTPUT/openssl/crypto/rsa/rsa_ossl.obj
d:/uefi_specs_personal_collections/csdn/Build/OvmfX64/DEBUG_VS2019/X64/CryptoPkg/Library/OpensslLib/OpensslLibCrypto/OUTPUT/openssl/crypto/rsa/rsa_pk1.obj
d:/uefi_specs_personal_collections/csdn/Build/OvmfX64/DEBUG_VS2019/X64/CryptoPkg/Library/OpensslLib/OpensslLibCrypto/OUTPUT/openssl/crypto/rsa/rsa_pmeth.obj
d:/uefi_specs_personal_collections/csdn/Build/OvmfX64/DEBUG_VS2019/X64/CryptoPkg/Library/OpensslLib/OpensslLibCrypto/OUTPUT/openssl/crypto/rsa/rsa_prn.obj
d:/uefi_specs_personal_collections/csdn/Build/OvmfX64/DEBUG_VS2019/X64/CryptoPkg/Library/OpensslLib/OpensslLibCrypto/OUTPUT/openssl/crypto/rsa/rsa_pss.obj
d:/uefi_specs_personal_collections/csdn/Build/OvmfX64/DEBUG_VS2019/X64/CryptoPkg/Library/OpensslLib/OpensslLibCrypto/OUTPUT/openssl/crypto/rsa/rsa_saos.obj
d:/uefi_specs_personal_collections/csdn/Build/OvmfX64/DEBUG_VS2019/X64/CryptoPkg/Library/OpensslLib/OpensslLibCrypto/OUTPUT/openssl/crypto/rsa/rsa_schemes.obj
d:/uefi_specs_personal_collections/csdn/Build/OvmfX64/DEBUG_VS2019/X64/CryptoPkg/Library/OpensslLib/OpensslLibCrypto/OUTPUT/openssl/crypto/rsa/rsa_sign.obj
d:/uefi_specs_personal_collections/csdn/Build/OvmfX64/DEBUG_VS2019/X64/CryptoPkg/Library/OpensslLib/OpensslLibCrypto/OUTPUT/openssl/crypto/rsa/rsa_sp800_56b_check.obj
d:/uefi_specs_personal_collections/csdn/Build/OvmfX64/DEBUG_VS2019/X64/CryptoPkg/Library/OpensslLib/OpensslLibCrypto/OUTPUT/openssl/crypto/rsa/rsa_sp800_56b_gen.obj
d:/uefi_specs_personal_collections/csdn/Build/OvmfX64/DEBUG_VS2019/X64/CryptoPkg/Library/OpensslLib/OpensslLibCrypto/OUTPUT/openssl/crypto/rsa/rsa_x931.obj
d:/uefi_specs_personal_collections/csdn/Build/OvmfX64/DEBUG_VS2019/X64/CryptoPkg/Library/OpensslLib/OpensslLibCrypto/OUTPUT/openssl/crypto/rsa/rsa_x931g.obj
d:/uefi_specs_personal_collections/csdn/Build/OvmfX64/DEBUG_VS2019/X64/CryptoPkg/Library/OpensslLib/OpensslLibCrypto/OUTPUT/openssl/crypto/sha/keccak1600.obj
d:/uefi_specs_personal_collections/csdn/Build/OvmfX64/DEBUG_VS2019/X64/CryptoPkg/Library/OpensslLib/OpensslLibCrypto/OUTPUT/openssl/crypto/sha/sha1_one.obj
d:/uefi_specs_personal_collections/csdn/Build/OvmfX64/DEBUG_VS2019/X64/CryptoPkg/Library/OpensslLib/OpensslLibCrypto/OUTPUT/openssl/crypto/sha/sha1dgst.obj
d:/uefi_specs_personal_collections/csdn/Build/OvmfX64/DEBUG_VS2019/X64/CryptoPkg/Library/OpensslLib/OpensslLibCrypto/OUTPUT/openssl/crypto/sha/sha256.obj
d:/uefi_specs_personal_collections/csdn/Build/OvmfX64/DEBUG_VS2019/X64/CryptoPkg/Library/OpensslLib/OpensslLibCrypto/OUTPUT/openssl/crypto/sha/sha3.obj
d:/uefi_specs_personal_collections/csdn/Build/OvmfX64/DEBUG_VS2019/X64/CryptoPkg/Library/OpensslLib/OpensslLibCrypto/OUTPUT/openssl/crypto/sha/sha512.obj
d:/uefi_specs_personal_collections/csdn/Build/OvmfX64/DEBUG_VS2019/X64/CryptoPkg/Library/OpensslLib/OpensslLibCrypto/OUTPUT/openssl/crypto/sm3/legacy_sm3.obj
d:/uefi_specs_personal_collections/csdn/Build/OvmfX64/DEBUG_VS2019/X64/CryptoPkg/Library/OpensslLib/OpensslLibCrypto/OUTPUT/openssl/crypto/sm3/sm3.obj
d:/uefi_specs_personal_collections/csdn/Build/OvmfX64/DEBUG_VS2019/X64/CryptoPkg/Library/OpensslLib/OpensslLibCrypto/OUTPUT/openssl/crypto/stack/stack.obj
d:/uefi_specs_personal_collections/csdn/Build/OvmfX64/DEBUG_VS2019/X64/CryptoPkg/Library/OpensslLib/OpensslLibCrypto/OUTPUT/openssl/crypto/txt_db/txt_db.obj
d:/uefi_specs_personal_collections/csdn/Build/OvmfX64/DEBUG_VS2019/X64/CryptoPkg/Library/OpensslLib/OpensslLibCrypto/OUTPUT/openssl/crypto/ui/ui_err.obj
d:/uefi_specs_personal_collections/csdn/Build/OvmfX64/DEBUG_VS2019/X64/CryptoPkg/Library/OpensslLib/OpensslLibCrypto/OUTPUT/openssl/crypto/ui/ui_lib.obj
d:/uefi_specs_personal_collections/csdn/Build/OvmfX64/DEBUG_VS2019/X64/CryptoPkg/Library/OpensslLib/OpensslLibCrypto/OUTPUT/openssl/crypto/ui/ui_null.obj
d:/uefi_specs_personal_collections/csdn/Build/OvmfX64/DEBUG_VS2019/X64/CryptoPkg/Library/OpensslLib/OpensslLibCrypto/OUTPUT/openssl/crypto/ui/ui_openssl.obj
d:/uefi_specs_personal_collections/csdn/Build/OvmfX64/DEBUG_VS2019/X64/CryptoPkg/Library/OpensslLib/OpensslLibCrypto/OUTPUT/openssl/crypto/ui/ui_util.obj
d:/uefi_specs_personal_collections/csdn/Build/OvmfX64/DEBUG_VS2019/X64/CryptoPkg/Library/OpensslLib/OpensslLibCrypto/OUTPUT/openssl/crypto/x509/by_dir.obj
d:/uefi_specs_personal_collections/csdn/Build/OvmfX64/DEBUG_VS2019/X64/CryptoPkg/Library/OpensslLib/OpensslLibCrypto/OUTPUT/openssl/crypto/x509/by_file.obj
d:/uefi_specs_personal_collections/csdn/Build/OvmfX64/DEBUG_VS2019/X64/CryptoPkg/Library/OpensslLib/OpensslLibCrypto/OUTPUT/openssl/crypto/x509/by_store.obj
d:/uefi_specs_personal_collections/csdn/Build/OvmfX64/DEBUG_VS2019/X64/CryptoPkg/Library/OpensslLib/OpensslLibCrypto/OUTPUT/openssl/crypto/x509/pcy_cache.obj
d:/uefi_specs_personal_collections/csdn/Build/OvmfX64/DEBUG_VS2019/X64/CryptoPkg/Library/OpensslLib/OpensslLibCrypto/OUTPUT/openssl/crypto/x509/pcy_data.obj
d:/uefi_specs_personal_collections/csdn/Build/OvmfX64/DEBUG_VS2019/X64/CryptoPkg/Library/OpensslLib/OpensslLibCrypto/OUTPUT/openssl/crypto/x509/pcy_lib.obj
d:/uefi_specs_personal_collections/csdn/Build/OvmfX64/DEBUG_VS2019/X64/CryptoPkg/Library/OpensslLib/OpensslLibCrypto/OUTPUT/openssl/crypto/x509/pcy_map.obj
d:/uefi_specs_personal_collections/csdn/Build/OvmfX64/DEBUG_VS2019/X64/CryptoPkg/Library/OpensslLib/OpensslLibCrypto/OUTPUT/openssl/crypto/x509/pcy_node.obj
d:/uefi_specs_personal_collections/csdn/Build/OvmfX64/DEBUG_VS2019/X64/CryptoPkg/Library/OpensslLib/OpensslLibCrypto/OUTPUT/openssl/crypto/x509/pcy_tree.obj
d:/uefi_specs_personal_collections/csdn/Build/OvmfX64/DEBUG_VS2019/X64/CryptoPkg/Library/OpensslLib/OpensslLibCrypto/OUTPUT/openssl/crypto/x509/t_crl.obj
d:/uefi_specs_personal_collections/csdn/Build/OvmfX64/DEBUG_VS2019/X64/CryptoPkg/Library/OpensslLib/OpensslLibCrypto/OUTPUT/openssl/crypto/x509/t_req.obj
d:/uefi_specs_personal_collections/csdn/Build/OvmfX64/DEBUG_VS2019/X64/CryptoPkg/Library/OpensslLib/OpensslLibCrypto/OUTPUT/openssl/crypto/x509/t_x509.obj
d:/uefi_specs_personal_collections/csdn/Build/OvmfX64/DEBUG_VS2019/X64/CryptoPkg/Library/OpensslLib/OpensslLibCrypto/OUTPUT/openssl/crypto/x509/v3_addr.obj
d:/uefi_specs_personal_collections/csdn/Build/OvmfX64/DEBUG_VS2019/X64/CryptoPkg/Library/OpensslLib/OpensslLibCrypto/OUTPUT/openssl/crypto/x509/v3_admis.obj
d:/uefi_specs_personal_collections/csdn/Build/OvmfX64/DEBUG_VS2019/X64/CryptoPkg/Library/OpensslLib/OpensslLibCrypto/OUTPUT/openssl/crypto/x509/v3_akeya.obj
d:/uefi_specs_personal_collections/csdn/Build/OvmfX64/DEBUG_VS2019/X64/CryptoPkg/Library/OpensslLib/OpensslLibCrypto/OUTPUT/openssl/crypto/x509/v3_akid.obj
d:/uefi_specs_personal_collections/csdn/Build/OvmfX64/DEBUG_VS2019/X64/CryptoPkg/Library/OpensslLib/OpensslLibCrypto/OUTPUT/openssl/crypto/x509/v3_asid.obj
d:/uefi_specs_personal_collections/csdn/Build/OvmfX64/DEBUG_VS2019/X64/CryptoPkg/Library/OpensslLib/OpensslLibCrypto/OUTPUT/openssl/crypto/x509/v3_bcons.obj
d:/uefi_specs_personal_collections/csdn/Build/OvmfX64/DEBUG_VS2019/X64/CryptoPkg/Library/OpensslLib/OpensslLibCrypto/OUTPUT/openssl/crypto/x509/v3_bitst.obj
d:/uefi_specs_personal_collections/csdn/Build/OvmfX64/DEBUG_VS2019/X64/CryptoPkg/Library/OpensslLib/OpensslLibCrypto/OUTPUT/openssl/crypto/x509/v3_conf.obj
d:/uefi_specs_personal_collections/csdn/Build/OvmfX64/DEBUG_VS2019/X64/CryptoPkg/Library/OpensslLib/OpensslLibCrypto/OUTPUT/openssl/crypto/x509/v3_cpols.obj
d:/uefi_specs_personal_collections/csdn/Build/OvmfX64/DEBUG_VS2019/X64/CryptoPkg/Library/OpensslLib/OpensslLibCrypto/OUTPUT/openssl/crypto/x509/v3_crld.obj
d:/uefi_specs_personal_collections/csdn/Build/OvmfX64/DEBUG_VS2019/X64/CryptoPkg/Library/OpensslLib/OpensslLibCrypto/OUTPUT/openssl/crypto/x509/v3_enum.obj
d:/uefi_specs_personal_collections/csdn/Build/OvmfX64/DEBUG_VS2019/X64/CryptoPkg/Library/OpensslLib/OpensslLibCrypto/OUTPUT/openssl/crypto/x509/v3_extku.obj
d:/uefi_specs_personal_collections/csdn/Build/OvmfX64/DEBUG_VS2019/X64/CryptoPkg/Library/OpensslLib/OpensslLibCrypto/OUTPUT/openssl/crypto/x509/v3_genn.obj
d:/uefi_specs_personal_collections/csdn/Build/OvmfX64/DEBUG_VS2019/X64/CryptoPkg/Library/OpensslLib/OpensslLibCrypto/OUTPUT/openssl/crypto/x509/v3_ia5.obj
d:/uefi_specs_personal_collections/csdn/Build/OvmfX64/DEBUG_VS2019/X64/CryptoPkg/Library/OpensslLib/OpensslLibCrypto/OUTPUT/openssl/crypto/x509/v3_info.obj
d:/uefi_specs_personal_collections/csdn/Build/OvmfX64/DEBUG_VS2019/X64/CryptoPkg/Library/OpensslLib/OpensslLibCrypto/OUTPUT/openssl/crypto/x509/v3_int.obj
d:/uefi_specs_personal_collections/csdn/Build/OvmfX64/DEBUG_VS2019/X64/CryptoPkg/Library/OpensslLib/OpensslLibCrypto/OUTPUT/openssl/crypto/x509/v3_ist.obj
d:/uefi_specs_personal_collections/csdn/Build/OvmfX64/DEBUG_VS2019/X64/CryptoPkg/Library/OpensslLib/OpensslLibCrypto/OUTPUT/openssl/crypto/x509/v3_lib.obj
d:/uefi_specs_personal_collections/csdn/Build/OvmfX64/DEBUG_VS2019/X64/CryptoPkg/Library/OpensslLib/OpensslLibCrypto/OUTPUT/openssl/crypto/x509/v3_ncons.obj
d:/uefi_specs_personal_collections/csdn/Build/OvmfX64/DEBUG_VS2019/X64/CryptoPkg/Library/OpensslLib/OpensslLibCrypto/OUTPUT/openssl/crypto/x509/v3_pci.obj
d:/uefi_specs_personal_collections/csdn/Build/OvmfX64/DEBUG_VS2019/X64/CryptoPkg/Library/OpensslLib/OpensslLibCrypto/OUTPUT/openssl/crypto/x509/v3_pcia.obj
d:/uefi_specs_personal_collections/csdn/Build/OvmfX64/DEBUG_VS2019/X64/CryptoPkg/Library/OpensslLib/OpensslLibCrypto/OUTPUT/openssl/crypto/x509/v3_pcons.obj
d:/uefi_specs_personal_collections/csdn/Build/OvmfX64/DEBUG_VS2019/X64/CryptoPkg/Library/OpensslLib/OpensslLibCrypto/OUTPUT/openssl/crypto/x509/v3_pku.obj
d:/uefi_specs_personal_collections/csdn/Build/OvmfX64/DEBUG_VS2019/X64/CryptoPkg/Library/OpensslLib/OpensslLibCrypto/OUTPUT/openssl/crypto/x509/v3_pmaps.obj
d:/uefi_specs_personal_collections/csdn/Build/OvmfX64/DEBUG_VS2019/X64/CryptoPkg/Library/OpensslLib/OpensslLibCrypto/OUTPUT/openssl/crypto/x509/v3_prn.obj
d:/uefi_specs_personal_collections/csdn/Build/OvmfX64/DEBUG_VS2019/X64/CryptoPkg/Library/OpensslLib/OpensslLibCrypto/OUTPUT/openssl/crypto/x509/v3_purp.obj
d:/uefi_specs_personal_collections/csdn/Build/OvmfX64/DEBUG_VS2019/X64/CryptoPkg/Library/OpensslLib/OpensslLibCrypto/OUTPUT/openssl/crypto/x509/v3_san.obj
d:/uefi_specs_personal_collections/csdn/Build/OvmfX64/DEBUG_VS2019/X64/CryptoPkg/Library/OpensslLib/OpensslLibCrypto/OUTPUT/openssl/crypto/x509/v3_skid.obj
d:/uefi_specs_personal_collections/csdn/Build/OvmfX64/DEBUG_VS2019/X64/CryptoPkg/Library/OpensslLib/OpensslLibCrypto/OUTPUT/openssl/crypto/x509/v3_sxnet.obj
d:/uefi_specs_personal_collections/csdn/Build/OvmfX64/DEBUG_VS2019/X64/CryptoPkg/Library/OpensslLib/OpensslLibCrypto/OUTPUT/openssl/crypto/x509/v3_tlsf.obj
d:/uefi_specs_personal_collections/csdn/Build/OvmfX64/DEBUG_VS2019/X64/CryptoPkg/Library/OpensslLib/OpensslLibCrypto/OUTPUT/openssl/crypto/x509/v3_utf8.obj
d:/uefi_specs_personal_collections/csdn/Build/OvmfX64/DEBUG_VS2019/X64/CryptoPkg/Library/OpensslLib/OpensslLibCrypto/OUTPUT/openssl/crypto/x509/v3_utl.obj
d:/uefi_specs_personal_collections/csdn/Build/OvmfX64/DEBUG_VS2019/X64/CryptoPkg/Library/OpensslLib/OpensslLibCrypto/OUTPUT/openssl/crypto/x509/v3err.obj
d:/uefi_specs_personal_collections/csdn/Build/OvmfX64/DEBUG_VS2019/X64/CryptoPkg/Library/OpensslLib/OpensslLibCrypto/OUTPUT/openssl/crypto/x509/x509_att.obj
d:/uefi_specs_personal_collections/csdn/Build/OvmfX64/DEBUG_VS2019/X64/CryptoPkg/Library/OpensslLib/OpensslLibCrypto/OUTPUT/openssl/crypto/x509/x509_cmp.obj
d:/uefi_specs_personal_collections/csdn/Build/OvmfX64/DEBUG_VS2019/X64/CryptoPkg/Library/OpensslLib/OpensslLibCrypto/OUTPUT/openssl/crypto/x509/x509_d2.obj
d:/uefi_specs_personal_collections/csdn/Build/OvmfX64/DEBUG_VS2019/X64/CryptoPkg/Library/OpensslLib/OpensslLibCrypto/OUTPUT/openssl/crypto/x509/x509_def.obj
d:/uefi_specs_personal_collections/csdn/Build/OvmfX64/DEBUG_VS2019/X64/CryptoPkg/Library/OpensslLib/OpensslLibCrypto/OUTPUT/openssl/crypto/x509/x509_err.obj
d:/uefi_specs_personal_collections/csdn/Build/OvmfX64/DEBUG_VS2019/X64/CryptoPkg/Library/OpensslLib/OpensslLibCrypto/OUTPUT/openssl/crypto/x509/x509_ext.obj
d:/uefi_specs_personal_collections/csdn/Build/OvmfX64/DEBUG_VS2019/X64/CryptoPkg/Library/OpensslLib/OpensslLibCrypto/OUTPUT/openssl/crypto/x509/x509_lu.obj
d:/uefi_specs_personal_collections/csdn/Build/OvmfX64/DEBUG_VS2019/X64/CryptoPkg/Library/OpensslLib/OpensslLibCrypto/OUTPUT/openssl/crypto/x509/x509_meth.obj
d:/uefi_specs_personal_collections/csdn/Build/OvmfX64/DEBUG_VS2019/X64/CryptoPkg/Library/OpensslLib/OpensslLibCrypto/OUTPUT/openssl/crypto/x509/x509_obj.obj
d:/uefi_specs_personal_collections/csdn/Build/OvmfX64/DEBUG_VS2019/X64/CryptoPkg/Library/OpensslLib/OpensslLibCrypto/OUTPUT/openssl/crypto/x509/x509_r2x.obj
d:/uefi_specs_personal_collections/csdn/Build/OvmfX64/DEBUG_VS2019/X64/CryptoPkg/Library/OpensslLib/OpensslLibCrypto/OUTPUT/openssl/crypto/x509/x509_req.obj
d:/uefi_specs_personal_collections/csdn/Build/OvmfX64/DEBUG_VS2019/X64/CryptoPkg/Library/OpensslLib/OpensslLibCrypto/OUTPUT/openssl/crypto/x509/x509_set.obj
d:/uefi_specs_personal_collections/csdn/Build/OvmfX64/DEBUG_VS2019/X64/CryptoPkg/Library/OpensslLib/OpensslLibCrypto/OUTPUT/openssl/crypto/x509/x509_trust.obj
d:/uefi_specs_personal_collections/csdn/Build/OvmfX64/DEBUG_VS2019/X64/CryptoPkg/Library/OpensslLib/OpensslLibCrypto/OUTPUT/openssl/crypto/x509/x509_txt.obj
d:/uefi_specs_personal_collections/csdn/Build/OvmfX64/DEBUG_VS2019/X64/CryptoPkg/Library/OpensslLib/OpensslLibCrypto/OUTPUT/openssl/crypto/x509/x509_v3.obj
d:/uefi_specs_personal_collections/csdn/Build/OvmfX64/DEBUG_VS2019/X64/CryptoPkg/Library/OpensslLib/OpensslLibCrypto/OUTPUT/openssl/crypto/x509/x509_vfy.obj
d:/uefi_specs_personal_collections/csdn/Build/OvmfX64/DEBUG_VS2019/X64/CryptoPkg/Library/OpensslLib/OpensslLibCrypto/OUTPUT/openssl/crypto/x509/x509_vpm.obj
d:/uefi_specs_personal_collections/csdn/Build/OvmfX64/DEBUG_VS2019/X64/CryptoPkg/Library/OpensslLib/OpensslLibCrypto/OUTPUT/openssl/crypto/x509/x509cset.obj
d:/uefi_specs_personal_collections/csdn/Build/OvmfX64/DEBUG_VS2019/X64/CryptoPkg/Library/OpensslLib/OpensslLibCrypto/OUTPUT/openssl/crypto/x509/x509name.obj
d:/uefi_specs_personal_collections/csdn/Build/OvmfX64/DEBUG_VS2019/X64/CryptoPkg/Library/OpensslLib/OpensslLibCrypto/OUTPUT/openssl/crypto/x509/x509rset.obj
d:/uefi_specs_personal_collections/csdn/Build/OvmfX64/DEBUG_VS2019/X64/CryptoPkg/Library/OpensslLib/OpensslLibCrypto/OUTPUT/openssl/crypto/x509/x509spki.obj
d:/uefi_specs_personal_collections/csdn/Build/OvmfX64/DEBUG_VS2019/X64/CryptoPkg/Library/OpensslLib/OpensslLibCrypto/OUTPUT/openssl/crypto/x509/x509type.obj
d:/uefi_specs_personal_collections/csdn/Build/OvmfX64/DEBUG_VS2019/X64/CryptoPkg/Library/OpensslLib/OpensslLibCrypto/OUTPUT/openssl/crypto/x509/x_all.obj
d:/uefi_specs_personal_collections/csdn/Build/OvmfX64/DEBUG_VS2019/X64/CryptoPkg/Library/OpensslLib/OpensslLibCrypto/OUTPUT/openssl/crypto/x509/x_attrib.obj
d:/uefi_specs_personal_collections/csdn/Build/OvmfX64/DEBUG_VS2019/X64/CryptoPkg/Library/OpensslLib/OpensslLibCrypto/OUTPUT/openssl/crypto/x509/x_crl.obj
d:/uefi_specs_personal_collections/csdn/Build/OvmfX64/DEBUG_VS2019/X64/CryptoPkg/Library/OpensslLib/OpensslLibCrypto/OUTPUT/openssl/crypto/x509/x_exten.obj
d:/uefi_specs_personal_collections/csdn/Build/OvmfX64/DEBUG_VS2019/X64/CryptoPkg/Library/OpensslLib/OpensslLibCrypto/OUTPUT/openssl/crypto/x509/x_name.obj
d:/uefi_specs_personal_collections/csdn/Build/OvmfX64/DEBUG_VS2019/X64/CryptoPkg/Library/OpensslLib/OpensslLibCrypto/OUTPUT/openssl/crypto/x509/x_pubkey.obj
d:/uefi_specs_personal_collections/csdn/Build/OvmfX64/DEBUG_VS2019/X64/CryptoPkg/Library/OpensslLib/OpensslLibCrypto/OUTPUT/openssl/crypto/x509/x_req.obj
d:/uefi_specs_personal_collections/csdn/Build/OvmfX64/DEBUG_VS2019/X64/CryptoPkg/Library/OpensslLib/OpensslLibCrypto/OUTPUT/openssl/crypto/x509/x_x509.obj
d:/uefi_specs_personal_collections/csdn/Build/OvmfX64/DEBUG_VS2019/X64/CryptoPkg/Library/OpensslLib/OpensslLibCrypto/OUTPUT/openssl/crypto/x509/x_x509a.obj
d:/uefi_specs_personal_collections/csdn/Build/OvmfX64/DEBUG_VS2019/X64/CryptoPkg/Library/OpensslLib/OpensslLibCrypto/OUTPUT/openssl/providers/nullprov.obj
d:/uefi_specs_personal_collections/csdn/Build/OvmfX64/DEBUG_VS2019/X64/CryptoPkg/Library/OpensslLib/OpensslLibCrypto/OUTPUT/openssl/providers/prov_running.obj
d:/uefi_specs_personal_collections/csdn/Build/OvmfX64/DEBUG_VS2019/X64/CryptoPkg/Library/OpensslLib/OpensslLibCrypto/OUTPUT/openssl/providers/common/der/der_rsa_sig.obj
d:/uefi_specs_personal_collections/csdn/Build/OvmfX64/DEBUG_VS2019/X64/CryptoPkg/Library/OpensslLib/OpensslLibCrypto/OUTPUT/openssl/providers/common/bio_prov.obj
d:/uefi_specs_personal_collections/csdn/Build/OvmfX64/DEBUG_VS2019/X64/CryptoPkg/Library/OpensslLib/OpensslLibCrypto/OUTPUT/openssl/providers/common/capabilities.obj
d:/uefi_specs_personal_collections/csdn/Build/OvmfX64/DEBUG_VS2019/X64/CryptoPkg/Library/OpensslLib/OpensslLibCrypto/OUTPUT/openssl/providers/common/digest_to_nid.obj
d:/uefi_specs_personal_collections/csdn/Build/OvmfX64/DEBUG_VS2019/X64/CryptoPkg/Library/OpensslLib/OpensslLibCrypto/OUTPUT/openssl/providers/common/provider_seeding.obj
d:/uefi_specs_personal_collections/csdn/Build/OvmfX64/DEBUG_VS2019/X64/CryptoPkg/Library/OpensslLib/OpensslLibCrypto/OUTPUT/openssl/providers/common/provider_util.obj
d:/uefi_specs_personal_collections/csdn/Build/OvmfX64/DEBUG_VS2019/X64/CryptoPkg/Library/OpensslLib/OpensslLibCrypto/OUTPUT/openssl/providers/common/securitycheck.obj
d:/uefi_specs_personal_collections/csdn/Build/OvmfX64/DEBUG_VS2019/X64/CryptoPkg/Library/OpensslLib/OpensslLibCrypto/OUTPUT/openssl/providers/common/securitycheck_default.obj
d:/uefi_specs_personal_collections/csdn/Build/OvmfX64/DEBUG_VS2019/X64/CryptoPkg/Library/OpensslLib/OpensslLibCrypto/OUTPUT/openssl/providers/implementations/asymciphers/rsa_enc.obj
d:/uefi_specs_personal_collections/csdn/Build/OvmfX64/DEBUG_VS2019/X64/CryptoPkg/Library/OpensslLib/OpensslLibCrypto/OUTPUT/openssl/providers/implementations/ciphers/cipher_aes.obj
d:/uefi_specs_personal_collections/csdn/Build/OvmfX64/DEBUG_VS2019/X64/CryptoPkg/Library/OpensslLib/OpensslLibCrypto/OUTPUT/openssl/providers/implementations/ciphers/cipher_aes_cbc_hmac_sha.obj
d:/uefi_specs_personal_collections/csdn/Build/OvmfX64/DEBUG_VS2019/X64/CryptoPkg/Library/OpensslLib/OpensslLibCrypto/OUTPUT/openssl/providers/implementations/ciphers/cipher_aes_cbc_hmac_sha1_hw.obj
d:/uefi_specs_personal_collections/csdn/Build/OvmfX64/DEBUG_VS2019/X64/CryptoPkg/Library/OpensslLib/OpensslLibCrypto/OUTPUT/openssl/providers/implementations/ciphers/cipher_aes_cbc_hmac_sha256_hw.obj
d:/uefi_specs_personal_collections/csdn/Build/OvmfX64/DEBUG_VS2019/X64/CryptoPkg/Library/OpensslLib/OpensslLibCrypto/OUTPUT/openssl/providers/implementations/ciphers/cipher_aes_ccm.obj
d:/uefi_specs_personal_collections/csdn/Build/OvmfX64/DEBUG_VS2019/X64/CryptoPkg/Library/OpensslLib/OpensslLibCrypto/OUTPUT/openssl/providers/implementations/ciphers/cipher_aes_ccm_hw.obj
d:/uefi_specs_personal_collections/csdn/Build/OvmfX64/DEBUG_VS2019/X64/CryptoPkg/Library/OpensslLib/OpensslLibCrypto/OUTPUT/openssl/providers/implementations/ciphers/cipher_aes_gcm.obj
d:/uefi_specs_personal_collections/csdn/Build/OvmfX64/DEBUG_VS2019/X64/CryptoPkg/Library/OpensslLib/OpensslLibCrypto/OUTPUT/openssl/providers/implementations/ciphers/cipher_aes_gcm_hw.obj
d:/uefi_specs_personal_collections/csdn/Build/OvmfX64/DEBUG_VS2019/X64/CryptoPkg/Library/OpensslLib/OpensslLibCrypto/OUTPUT/openssl/providers/implementations/ciphers/cipher_aes_hw.obj
d:/uefi_specs_personal_collections/csdn/Build/OvmfX64/DEBUG_VS2019/X64/CryptoPkg/Library/OpensslLib/OpensslLibCrypto/OUTPUT/openssl/providers/implementations/ciphers/cipher_aes_wrp.obj
d:/uefi_specs_personal_collections/csdn/Build/OvmfX64/DEBUG_VS2019/X64/CryptoPkg/Library/OpensslLib/OpensslLibCrypto/OUTPUT/openssl/providers/implementations/ciphers/cipher_aes_xts.obj
d:/uefi_specs_personal_collections/csdn/Build/OvmfX64/DEBUG_VS2019/X64/CryptoPkg/Library/OpensslLib/OpensslLibCrypto/OUTPUT/openssl/providers/implementations/ciphers/cipher_aes_xts_fips.obj
d:/uefi_specs_personal_collections/csdn/Build/OvmfX64/DEBUG_VS2019/X64/CryptoPkg/Library/OpensslLib/OpensslLibCrypto/OUTPUT/openssl/providers/implementations/ciphers/cipher_aes_xts_hw.obj
d:/uefi_specs_personal_collections/csdn/Build/OvmfX64/DEBUG_VS2019/X64/CryptoPkg/Library/OpensslLib/OpensslLibCrypto/OUTPUT/openssl/providers/implementations/ciphers/cipher_cts.obj
d:/uefi_specs_personal_collections/csdn/Build/OvmfX64/DEBUG_VS2019/X64/CryptoPkg/Library/OpensslLib/OpensslLibCrypto/OUTPUT/openssl/providers/implementations/ciphers/cipher_null.obj
d:/uefi_specs_personal_collections/csdn/Build/OvmfX64/DEBUG_VS2019/X64/CryptoPkg/Library/OpensslLib/OpensslLibCrypto/OUTPUT/openssl/providers/implementations/digests/md5_prov.obj
d:/uefi_specs_personal_collections/csdn/Build/OvmfX64/DEBUG_VS2019/X64/CryptoPkg/Library/OpensslLib/OpensslLibCrypto/OUTPUT/openssl/providers/implementations/digests/md5_sha1_prov.obj
d:/uefi_specs_personal_collections/csdn/Build/OvmfX64/DEBUG_VS2019/X64/CryptoPkg/Library/OpensslLib/OpensslLibCrypto/OUTPUT/openssl/providers/implementations/digests/null_prov.obj
d:/uefi_specs_personal_collections/csdn/Build/OvmfX64/DEBUG_VS2019/X64/CryptoPkg/Library/OpensslLib/OpensslLibCrypto/OUTPUT/openssl/providers/implementations/digests/sha2_prov.obj
d:/uefi_specs_personal_collections/csdn/Build/OvmfX64/DEBUG_VS2019/X64/CryptoPkg/Library/OpensslLib/OpensslLibCrypto/OUTPUT/openssl/providers/implementations/digests/sha3_prov.obj
d:/uefi_specs_personal_collections/csdn/Build/OvmfX64/DEBUG_VS2019/X64/CryptoPkg/Library/OpensslLib/OpensslLibCrypto/OUTPUT/openssl/providers/implementations/digests/sm3_prov.obj
d:/uefi_specs_personal_collections/csdn/Build/OvmfX64/DEBUG_VS2019/X64/CryptoPkg/Library/OpensslLib/OpensslLibCrypto/OUTPUT/openssl/providers/implementations/encode_decode/decode_der2key.obj
d:/uefi_specs_personal_collections/csdn/Build/OvmfX64/DEBUG_VS2019/X64/CryptoPkg/Library/OpensslLib/OpensslLibCrypto/OUTPUT/openssl/providers/implementations/encode_decode/decode_epki2pki.obj
d:/uefi_specs_personal_collections/csdn/Build/OvmfX64/DEBUG_VS2019/X64/CryptoPkg/Library/OpensslLib/OpensslLibCrypto/OUTPUT/openssl/providers/implementations/encode_decode/decode_msblob2key.obj
d:/uefi_specs_personal_collections/csdn/Build/OvmfX64/DEBUG_VS2019/X64/CryptoPkg/Library/OpensslLib/OpensslLibCrypto/OUTPUT/openssl/providers/implementations/encode_decode/decode_pem2der.obj
d:/uefi_specs_personal_collections/csdn/Build/OvmfX64/DEBUG_VS2019/X64/CryptoPkg/Library/OpensslLib/OpensslLibCrypto/OUTPUT/openssl/providers/implementations/encode_decode/decode_pvk2key.obj
d:/uefi_specs_personal_collections/csdn/Build/OvmfX64/DEBUG_VS2019/X64/CryptoPkg/Library/OpensslLib/OpensslLibCrypto/OUTPUT/openssl/providers/implementations/encode_decode/decode_spki2typespki.obj
d:/uefi_specs_personal_collections/csdn/Build/OvmfX64/DEBUG_VS2019/X64/CryptoPkg/Library/OpensslLib/OpensslLibCrypto/OUTPUT/openssl/providers/implementations/encode_decode/endecoder_common.obj
d:/uefi_specs_personal_collections/csdn/Build/OvmfX64/DEBUG_VS2019/X64/CryptoPkg/Library/OpensslLib/OpensslLibCrypto/OUTPUT/openssl/providers/implementations/exchange/dh_exch.obj
d:/uefi_specs_personal_collections/csdn/Build/OvmfX64/DEBUG_VS2019/X64/CryptoPkg/Library/OpensslLib/OpensslLibCrypto/OUTPUT/openssl/providers/implementations/exchange/kdf_exch.obj
d:/uefi_specs_personal_collections/csdn/Build/OvmfX64/DEBUG_VS2019/X64/CryptoPkg/Library/OpensslLib/OpensslLibCrypto/OUTPUT/openssl/providers/implementations/kdfs/hkdf.obj
d:/uefi_specs_personal_collections/csdn/Build/OvmfX64/DEBUG_VS2019/X64/CryptoPkg/Library/OpensslLib/OpensslLibCrypto/OUTPUT/openssl/providers/implementations/kdfs/kbkdf.obj
d:/uefi_specs_personal_collections/csdn/Build/OvmfX64/DEBUG_VS2019/X64/CryptoPkg/Library/OpensslLib/OpensslLibCrypto/OUTPUT/openssl/providers/implementations/kdfs/krb5kdf.obj
d:/uefi_specs_personal_collections/csdn/Build/OvmfX64/DEBUG_VS2019/X64/CryptoPkg/Library/OpensslLib/OpensslLibCrypto/OUTPUT/openssl/providers/implementations/kdfs/pbkdf2.obj
d:/uefi_specs_personal_collections/csdn/Build/OvmfX64/DEBUG_VS2019/X64/CryptoPkg/Library/OpensslLib/OpensslLibCrypto/OUTPUT/openssl/providers/implementations/kdfs/pbkdf2_fips.obj
d:/uefi_specs_personal_collections/csdn/Build/OvmfX64/DEBUG_VS2019/X64/CryptoPkg/Library/OpensslLib/OpensslLibCrypto/OUTPUT/openssl/providers/implementations/kdfs/pkcs12kdf.obj
d:/uefi_specs_personal_collections/csdn/Build/OvmfX64/DEBUG_VS2019/X64/CryptoPkg/Library/OpensslLib/OpensslLibCrypto/OUTPUT/openssl/providers/implementations/kdfs/scrypt.obj
d:/uefi_specs_personal_collections/csdn/Build/OvmfX64/DEBUG_VS2019/X64/CryptoPkg/Library/OpensslLib/OpensslLibCrypto/OUTPUT/openssl/providers/implementations/kdfs/sshkdf.obj
d:/uefi_specs_personal_collections/csdn/Build/OvmfX64/DEBUG_VS2019/X64/CryptoPkg/Library/OpensslLib/OpensslLibCrypto/OUTPUT/openssl/providers/implementations/kdfs/sskdf.obj
d:/uefi_specs_personal_collections/csdn/Build/OvmfX64/DEBUG_VS2019/X64/CryptoPkg/Library/OpensslLib/OpensslLibCrypto/OUTPUT/openssl/providers/implementations/kdfs/tls1_prf.obj
d:/uefi_specs_personal_collections/csdn/Build/OvmfX64/DEBUG_VS2019/X64/CryptoPkg/Library/OpensslLib/OpensslLibCrypto/OUTPUT/openssl/providers/implementations/kdfs/x942kdf.obj
d:/uefi_specs_personal_collections/csdn/Build/OvmfX64/DEBUG_VS2019/X64/CryptoPkg/Library/OpensslLib/OpensslLibCrypto/OUTPUT/openssl/providers/implementations/kem/rsa_kem.obj
d:/uefi_specs_personal_collections/csdn/Build/OvmfX64/DEBUG_VS2019/X64/CryptoPkg/Library/OpensslLib/OpensslLibCrypto/OUTPUT/openssl/providers/implementations/keymgmt/dh_kmgmt.obj
d:/uefi_specs_personal_collections/csdn/Build/OvmfX64/DEBUG_VS2019/X64/CryptoPkg/Library/OpensslLib/OpensslLibCrypto/OUTPUT/openssl/providers/implementations/keymgmt/kdf_legacy_kmgmt.obj
d:/uefi_specs_personal_collections/csdn/Build/OvmfX64/DEBUG_VS2019/X64/CryptoPkg/Library/OpensslLib/OpensslLibCrypto/OUTPUT/openssl/providers/implementations/keymgmt/mac_legacy_kmgmt.obj
d:/uefi_specs_personal_collections/csdn/Build/OvmfX64/DEBUG_VS2019/X64/CryptoPkg/Library/OpensslLib/OpensslLibCrypto/OUTPUT/openssl/providers/implementations/keymgmt/rsa_kmgmt.obj
d:/uefi_specs_personal_collections/csdn/Build/OvmfX64/DEBUG_VS2019/X64/CryptoPkg/Library/OpensslLib/OpensslLibCrypto/OUTPUT/openssl/providers/implementations/macs/gmac_prov.obj
d:/uefi_specs_personal_collections/csdn/Build/OvmfX64/DEBUG_VS2019/X64/CryptoPkg/Library/OpensslLib/OpensslLibCrypto/OUTPUT/openssl/providers/implementations/macs/hmac_prov.obj
d:/uefi_specs_personal_collections/csdn/Build/OvmfX64/DEBUG_VS2019/X64/CryptoPkg/Library/OpensslLib/OpensslLibCrypto/OUTPUT/openssl/providers/implementations/macs/kmac_prov.obj
d:/uefi_specs_personal_collections/csdn/Build/OvmfX64/DEBUG_VS2019/X64/CryptoPkg/Library/OpensslLib/OpensslLibCrypto/OUTPUT/openssl/providers/implementations/rands/crngt.obj
d:/uefi_specs_personal_collections/csdn/Build/OvmfX64/DEBUG_VS2019/X64/CryptoPkg/Library/OpensslLib/OpensslLibCrypto/OUTPUT/openssl/providers/implementations/rands/drbg.obj
d:/uefi_specs_personal_collections/csdn/Build/OvmfX64/DEBUG_VS2019/X64/CryptoPkg/Library/OpensslLib/OpensslLibCrypto/OUTPUT/openssl/providers/implementations/rands/drbg_ctr.obj
d:/uefi_specs_personal_collections/csdn/Build/OvmfX64/DEBUG_VS2019/X64/CryptoPkg/Library/OpensslLib/OpensslLibCrypto/OUTPUT/openssl/providers/implementations/rands/drbg_hash.obj
d:/uefi_specs_personal_collections/csdn/Build/OvmfX64/DEBUG_VS2019/X64/CryptoPkg/Library/OpensslLib/OpensslLibCrypto/OUTPUT/openssl/providers/implementations/rands/drbg_hmac.obj
d:/uefi_specs_personal_collections/csdn/Build/OvmfX64/DEBUG_VS2019/X64/CryptoPkg/Library/OpensslLib/OpensslLibCrypto/OUTPUT/openssl/providers/implementations/rands/seed_src.obj
d:/uefi_specs_personal_collections/csdn/Build/OvmfX64/DEBUG_VS2019/X64/CryptoPkg/Library/OpensslLib/OpensslLibCrypto/OUTPUT/openssl/providers/implementations/rands/test_rng.obj
d:/uefi_specs_personal_collections/csdn/Build/OvmfX64/DEBUG_VS2019/X64/CryptoPkg/Library/OpensslLib/OpensslLibCrypto/OUTPUT/openssl/providers/implementations/rands/seeding/rand_cpu_x86.obj
d:/uefi_specs_personal_collections/csdn/Build/OvmfX64/DEBUG_VS2019/X64/CryptoPkg/Library/OpensslLib/OpensslLibCrypto/OUTPUT/openssl/providers/implementations/rands/seeding/rand_tsc.obj
d:/uefi_specs_personal_collections/csdn/Build/OvmfX64/DEBUG_VS2019/X64/CryptoPkg/Library/OpensslLib/OpensslLibCrypto/OUTPUT/openssl/providers/implementations/rands/seeding/rand_unix.obj
d:/uefi_specs_personal_collections/csdn/Build/OvmfX64/DEBUG_VS2019/X64/CryptoPkg/Library/OpensslLib/OpensslLibCrypto/OUTPUT/openssl/providers/implementations/rands/seeding/rand_win.obj
d:/uefi_specs_personal_collections/csdn/Build/OvmfX64/DEBUG_VS2019/X64/CryptoPkg/Library/OpensslLib/OpensslLibCrypto/OUTPUT/openssl/providers/implementations/signature/mac_legacy_sig.obj
d:/uefi_specs_personal_collections/csdn/Build/OvmfX64/DEBUG_VS2019/X64/CryptoPkg/Library/OpensslLib/OpensslLibCrypto/OUTPUT/openssl/providers/implementations/signature/rsa_sig.obj
d:/uefi_specs_personal_collections/csdn/Build/OvmfX64/DEBUG_VS2019/X64/CryptoPkg/Library/OpensslLib/OpensslLibCrypto/OUTPUT/openssl/ssl/s3_cbc.obj
d:/uefi_specs_personal_collections/csdn/Build/OvmfX64/DEBUG_VS2019/X64/CryptoPkg/Library/OpensslLib/OpensslLibCrypto/OUTPUT/openssl/providers/common/der/der_rsa_key.obj
d:/uefi_specs_personal_collections/csdn/Build/OvmfX64/DEBUG_VS2019/X64/CryptoPkg/Library/OpensslLib/OpensslLibCrypto/OUTPUT/openssl/providers/common/provider_ctx.obj
d:/uefi_specs_personal_collections/csdn/Build/OvmfX64/DEBUG_VS2019/X64/CryptoPkg/Library/OpensslLib/OpensslLibCrypto/OUTPUT/openssl/providers/common/provider_err.obj
d:/uefi_specs_personal_collections/csdn/Build/OvmfX64/DEBUG_VS2019/X64/CryptoPkg/Library/OpensslLib/OpensslLibCrypto/OUTPUT/openssl/providers/implementations/ciphers/ciphercommon.obj
d:/uefi_specs_personal_collections/csdn/Build/OvmfX64/DEBUG_VS2019/X64/CryptoPkg/Library/OpensslLib/OpensslLibCrypto/OUTPUT/openssl/providers/implementations/ciphers/ciphercommon_block.obj
d:/uefi_specs_personal_collections/csdn/Build/OvmfX64/DEBUG_VS2019/X64/CryptoPkg/Library/OpensslLib/OpensslLibCrypto/OUTPUT/openssl/providers/implementations/ciphers/ciphercommon_ccm.obj
d:/uefi_specs_personal_collections/csdn/Build/OvmfX64/DEBUG_VS2019/X64/CryptoPkg/Library/OpensslLib/OpensslLibCrypto/OUTPUT/openssl/providers/implementations/ciphers/ciphercommon_ccm_hw.obj
d:/uefi_specs_personal_collections/csdn/Build/OvmfX64/DEBUG_VS2019/X64/CryptoPkg/Library/OpensslLib/OpensslLibCrypto/OUTPUT/openssl/providers/implementations/ciphers/ciphercommon_gcm.obj
d:/uefi_specs_personal_collections/csdn/Build/OvmfX64/DEBUG_VS2019/X64/CryptoPkg/Library/OpensslLib/OpensslLibCrypto/OUTPUT/openssl/providers/implementations/ciphers/ciphercommon_gcm_hw.obj
d:/uefi_specs_personal_collections/csdn/Build/OvmfX64/DEBUG_VS2019/X64/CryptoPkg/Library/OpensslLib/OpensslLibCrypto/OUTPUT/openssl/providers/implementations/ciphers/ciphercommon_hw.obj
d:/uefi_specs_personal_collections/csdn/Build/OvmfX64/DEBUG_VS2019/X64/CryptoPkg/Library/OpensslLib/OpensslLibCrypto/OUTPUT/openssl/providers/implementations/digests/digestcommon.obj
d:/uefi_specs_personal_collections/csdn/Build/OvmfX64/DEBUG_VS2019/X64/CryptoPkg/Library/OpensslLib/OpensslLibCrypto/OUTPUT/openssl/ssl/record/tls_pad.obj
d:/uefi_specs_personal_collections/csdn/Build/OvmfX64/DEBUG_VS2019/X64/CryptoPkg/Library/OpensslLib/OpensslLibCrypto/OUTPUT/OpensslGen/providers/common/der/der_digests_gen.obj
d:/uefi_specs_personal_collections/csdn/Build/OvmfX64/DEBUG_VS2019/X64/CryptoPkg/Library/OpensslLib/OpensslLibCrypto/OUTPUT/OpensslGen/providers/common/der/der_rsa_gen.obj
d:/uefi_specs_personal_collections/csdn/Build/OvmfX64/DEBUG_VS2019/X64/CryptoPkg/Library/OpensslLib/OpensslLibCrypto/OUTPUT/OpensslGen/providers/common/der/der_wrap_gen.obj
d:/uefi_specs_personal_collections/csdn/Build/OvmfX64/DEBUG_VS2019/X64/CryptoPkg/Library/OpensslLib/OpensslLibCrypto/OUTPUT/buildinf.obj
d:/uefi_specs_personal_collections/csdn/Build/OvmfX64/DEBUG_VS2019/X64/CryptoPkg/Library/OpensslLib/OpensslLibCrypto/OUTPUT/OpensslStub/ossl_store.obj
d:/uefi_specs_personal_collections/csdn/Build/OvmfX64/DEBUG_VS2019/X64/CryptoPkg/Library/OpensslLib/OpensslLibCrypto/OUTPUT/OpensslStub/rand_pool.obj
d:/uefi_specs_personal_collections/csdn/Build/OvmfX64/DEBUG_VS2019/X64/CryptoPkg/Library/OpensslLib/OpensslLibCrypto/OUTPUT/OpensslStub/SslNull.obj
d:/uefi_specs_personal_collections/csdn/Build/OvmfX64/DEBUG_VS2019/X64/CryptoPkg/Library/OpensslLib/OpensslLibCrypto/OUTPUT/OpensslStub/EcSm2Null.obj
d:/uefi_specs_personal_collections/csdn/Build/OvmfX64/DEBUG_VS2019/X64/CryptoPkg/Library/OpensslLib/OpensslLibCrypto/OUTPUT/OpensslStub/uefiprov.obj
d:/uefi_specs_personal_collections/csdn/Build/OvmfX64/DEBUG_VS2019/X64/CryptoPkg/Library/OpensslLib/OpensslLibCrypto/OUTPUT/OpensslStub/EncoderNull.obj
d:/uefi_specs_personal_collections/csdn/Build/OvmfX64/DEBUG_VS2019/X64/CryptoPkg/Library/OpensslLib/OpensslLibCrypto/OUTPUT/OpensslStub/Pkcs12Null.obj