d:/uefi_specs_personal_collections/csdn/Build/OvmfX64/DEBUG_VS2019/X64/AppPkg/Applications/Sockets/RawIp4Tx/RawIp4Tx/OUTPUT/RawIp4Tx.lib
d:/uefi_specs_personal_collections/csdn/Build/OvmfX64/DEBUG_VS2019/X64/StdLib/LibC/Signal/Signal/OUTPUT/LibSignal.lib
d:/uefi_specs_personal_collections/csdn/Build/OvmfX64/DEBUG_VS2019/X64/StdLib/LibC/gdtoa/gdtoa/OUTPUT/LibGdtoa.lib
d:/uefi_specs_personal_collections/csdn/Build/OvmfX64/DEBUG_VS2019/X64/StdLib/LibC/Ctype/Ctype/OUTPUT/LibCtype.lib
d:/uefi_specs_personal_collections/csdn/Build/OvmfX64/DEBUG_VS2019/X64/StdLib/PosixLib/Gen/LibGen/OUTPUT/LibGen.lib
d:/uefi_specs_personal_collections/csdn/Build/OvmfX64/DEBUG_VS2019/X64/StdLib/LibC/Time/Time/OUTPUT/LibTime.lib
d:/uefi_specs_personal_collections/csdn/Build/OvmfX64/DEBUG_VS2019/X64/StdLib/LibC/Locale/Locale/OUTPUT/LibLocale.lib
d:/uefi_specs_personal_collections/csdn/Build/OvmfX64/DEBUG_VS2019/X64/StdLib/LibC/Uefi/Devices/daUtility/OUTPUT/DevUtility.lib
d:/uefi_specs_personal_collections/csdn/Build/OvmfX64/DEBUG_VS2019/X64/StdLib/LibC/Uefi/Uefi/OUTPUT/LibUefi.lib
d:/uefi_specs_personal_collections/csdn/Build/OvmfX64/DEBUG_VS2019/X64/StdLib/LibC/String/String/OUTPUT/LibString.lib
d:/uefi_specs_personal_collections/csdn/Build/OvmfX64/DEBUG_VS2019/X64/StdLib/LibC/Stdio/Stdio/OUTPUT/LibStdio.lib
d:/uefi_specs_personal_collections/csdn/Build/OvmfX64/DEBUG_VS2019/X64/StdLib/LibC/StdLib/StdLib/OUTPUT/LibStdLib.lib
d:/uefi_specs_personal_collections/csdn/Build/OvmfX64/DEBUG_VS2019/X64/MdePkg/Library/UefiApplicationEntryPoint/UefiApplicationEntryPoint/OUTPUT/UefiApplicationEntryPoint.lib
d:/uefi_specs_personal_collections/csdn/Build/OvmfX64/DEBUG_VS2019/X64/MdePkg/Library/RegisterFilterLibNull/RegisterFilterLibNull/OUTPUT/FilterLibNull.lib
d:/uefi_specs_personal_collections/csdn/Build/OvmfX64/DEBUG_VS2019/X64/MdePkg/Library/BaseLib/BaseLib/OUTPUT/BaseLib.lib
d:/uefi_specs_personal_collections/csdn/Build/OvmfX64/DEBUG_VS2019/X64/MdePkg/Library/UefiMemoryAllocationLib/UefiMemoryAllocationLib/OUTPUT/UefiMemoryAllocationLib.lib
d:/uefi_specs_personal_collections/csdn/Build/OvmfX64/DEBUG_VS2019/X64/MdePkg/Library/DxePcdLib/DxePcdLib/OUTPUT/DxePcdLib.lib
d:/uefi_specs_personal_collections/csdn/Build/OvmfX64/DEBUG_VS2019/X64/MdePkg/Library/BasePrintLib/BasePrintLib/OUTPUT/BasePrintLib.lib
d:/uefi_specs_personal_collections/csdn/Build/OvmfX64/DEBUG_VS2019/X64/ShellPkg/Library/UefiShellCEntryLib/UefiShellCEntryLib/OUTPUT/UefiShellCEntryLib.lib
d:/uefi_specs_personal_collections/csdn/Build/OvmfX64/DEBUG_VS2019/X64/StdLib/LibC/LibC/OUTPUT/LibC.lib
d:/uefi_specs_personal_collections/csdn/Build/OvmfX64/DEBUG_VS2019/X64/MdePkg/Library/BaseMemoryLibRepStr/BaseMemoryLibRepStr/OUTPUT/BaseMemoryLibRepStr.lib
d:/uefi_specs_personal_collections/csdn/Build/OvmfX64/DEBUG_VS2019/X64/MdePkg/Library/TdxLib/TdxLib/OUTPUT/TdxLib.lib
d:/uefi_specs_personal_collections/csdn/Build/OvmfX64/DEBUG_VS2019/X64/OvmfPkg/Library/CcProbeLib/DxeCcProbeLib/OUTPUT/DxeCcProbeLib.lib
d:/uefi_specs_personal_collections/csdn/Build/OvmfX64/DEBUG_VS2019/X64/MdePkg/Library/BaseIoLibIntrinsic/BaseIoLibIntrinsicSev/OUTPUT/BaseIoLibIntrinsicSev.lib
d:/uefi_specs_personal_collections/csdn/Build/OvmfX64/DEBUG_VS2019/X64/MdePkg/Library/BaseDebugPrintErrorLevelLib/BaseDebugPrintErrorLevelLib/OUTPUT/BaseDebugPrintErrorLevelLib.lib
d:/uefi_specs_personal_collections/csdn/Build/OvmfX64/DEBUG_VS2019/X64/PcAtChipsetPkg/Library/SerialIoLib/SerialIoLib/OUTPUT/PcAtSerialPortLib.lib
d:/uefi_specs_personal_collections/csdn/Build/OvmfX64/DEBUG_VS2019/X64/MdePkg/Library/BaseDebugLibSerialPort/BaseDebugLibSerialPort/OUTPUT/BaseDebugLibSerialPort.lib
d:/uefi_specs_personal_collections/csdn/Build/OvmfX64/DEBUG_VS2019/X64/MdePkg/Library/UefiBootServicesTableLib/UefiBootServicesTableLib/OUTPUT/UefiBootServicesTableLib.lib
d:/uefi_specs_personal_collections/csdn/Build/OvmfX64/DEBUG_VS2019/X64/MdePkg/Library/UefiRuntimeServicesTableLib/UefiRuntimeServicesTableLib/OUTPUT/UefiRuntimeServicesTableLib.lib
d:/uefi_specs_personal_collections/csdn/Build/OvmfX64/DEBUG_VS2019/X64/MdePkg/Library/UefiDevicePathLibDevicePathProtocol/UefiDevicePathLibDevicePathProtocol/OUTPUT/UefiDevicePathLibDevicePathProtocol.lib
d:/uefi_specs_personal_collections/csdn/Build/OvmfX64/DEBUG_VS2019/X64/MdeModulePkg/Library/UefiSortLib/UefiSortLib/OUTPUT/UefiSortLib.lib
d:/uefi_specs_personal_collections/csdn/Build/OvmfX64/DEBUG_VS2019/X64/MdeModulePkg/Library/UefiHiiLib/UefiHiiLib/OUTPUT/UefiHiiLib.lib
d:/uefi_specs_personal_collections/csdn/Build/OvmfX64/DEBUG_VS2019/X64/MdePkg/Library/UefiFileHandleLib/UefiFileHandleLib/OUTPUT/UefiFileHandleLib.lib
d:/uefi_specs_personal_collections/csdn/Build/OvmfX64/DEBUG_VS2019/X64/MdePkg/Library/UefiLib/UefiLib/OUTPUT/UefiLib.lib
d:/uefi_specs_personal_collections/csdn/Build/OvmfX64/DEBUG_VS2019/X64/ShellPkg/Library/UefiShellLib/UefiShellLib/OUTPUT/UefiShellLib.lib
d:/uefi_specs_personal_collections/csdn/Build/OvmfX64/DEBUG_VS2019/X64/StdLib/LibC/Wchar/Wchar/OUTPUT/LibWchar.lib
d:/uefi_specs_personal_collections/csdn/Build/OvmfX64/DEBUG_VS2019/X64/MdeModulePkg/Library/UefiHiiServicesLib/UefiHiiServicesLib/OUTPUT/UefiHiiServicesLib.lib
d:/uefi_specs_personal_collections/csdn/Build/OvmfX64/DEBUG_VS2019/X64/StdLib/LibC/Containers/ContainerLib/OUTPUT/LibContainer.lib
d:/uefi_specs_personal_collections/csdn/Build/OvmfX64/DEBUG_VS2019/X64/StdLib/LibC/Uefi/InteractiveIO/IIO/OUTPUT/LibIIO.lib
d:/uefi_specs_personal_collections/csdn/Build/OvmfX64/DEBUG_VS2019/X64/StdLib/LibC/Uefi/Devices/daConsole/OUTPUT/DevConsole.lib
d:/uefi_specs_personal_collections/csdn/Build/OvmfX64/DEBUG_VS2019/X64/StdLib/BsdSocketLib/BsdSocketLib/OUTPUT/BsdSocketLib.lib
d:/uefi_specs_personal_collections/csdn/Build/OvmfX64/DEBUG_VS2019/X64/StdLib/EfiSocketLib/EfiSocketLib/OUTPUT/EfiSocketLib.lib
d:/uefi_specs_personal_collections/csdn/Build/OvmfX64/DEBUG_VS2019/X64/StdLib/LibC/Math/Math/OUTPUT/LibMath.lib