d:/uefi_specs_personal_collections/csdn/Build/OvmfX64/DEBUG_VS2019/X64/StdLib/BsdSocketLib/BsdSocketLib/OUTPUT/accept.obj
d:/uefi_specs_personal_collections/csdn/Build/OvmfX64/DEBUG_VS2019/X64/StdLib/BsdSocketLib/BsdSocketLib/OUTPUT/base64.obj
d:/uefi_specs_personal_collections/csdn/Build/OvmfX64/DEBUG_VS2019/X64/StdLib/BsdSocketLib/BsdSocketLib/OUTPUT/bind.obj
d:/uefi_specs_personal_collections/csdn/Build/OvmfX64/DEBUG_VS2019/X64/StdLib/BsdSocketLib/BsdSocketLib/OUTPUT/close.obj
d:/uefi_specs_personal_collections/csdn/Build/OvmfX64/DEBUG_VS2019/X64/StdLib/BsdSocketLib/BsdSocketLib/OUTPUT/connect.obj
d:/uefi_specs_personal_collections/csdn/Build/OvmfX64/DEBUG_VS2019/X64/StdLib/BsdSocketLib/BsdSocketLib/OUTPUT/getaddrinfo.obj
d:/uefi_specs_personal_collections/csdn/Build/OvmfX64/DEBUG_VS2019/X64/StdLib/BsdSocketLib/BsdSocketLib/OUTPUT/gethostbydns.obj
d:/uefi_specs_personal_collections/csdn/Build/OvmfX64/DEBUG_VS2019/X64/StdLib/BsdSocketLib/BsdSocketLib/OUTPUT/gethostbyht.obj
d:/uefi_specs_personal_collections/csdn/Build/OvmfX64/DEBUG_VS2019/X64/StdLib/BsdSocketLib/BsdSocketLib/OUTPUT/gethostbynis.obj
d:/uefi_specs_personal_collections/csdn/Build/OvmfX64/DEBUG_VS2019/X64/StdLib/BsdSocketLib/BsdSocketLib/OUTPUT/gethostname.obj
d:/uefi_specs_personal_collections/csdn/Build/OvmfX64/DEBUG_VS2019/X64/StdLib/BsdSocketLib/BsdSocketLib/OUTPUT/gethostnamadr.obj
d:/uefi_specs_personal_collections/csdn/Build/OvmfX64/DEBUG_VS2019/X64/StdLib/BsdSocketLib/BsdSocketLib/OUTPUT/getnameinfo.obj
d:/uefi_specs_personal_collections/csdn/Build/OvmfX64/DEBUG_VS2019/X64/StdLib/BsdSocketLib/BsdSocketLib/OUTPUT/getnetbydns.obj
d:/uefi_specs_personal_collections/csdn/Build/OvmfX64/DEBUG_VS2019/X64/StdLib/BsdSocketLib/BsdSocketLib/OUTPUT/getnetbynis.obj
d:/uefi_specs_personal_collections/csdn/Build/OvmfX64/DEBUG_VS2019/X64/StdLib/BsdSocketLib/BsdSocketLib/OUTPUT/getnetbyht.obj
d:/uefi_specs_personal_collections/csdn/Build/OvmfX64/DEBUG_VS2019/X64/StdLib/BsdSocketLib/BsdSocketLib/OUTPUT/getnetnamadr.obj
d:/uefi_specs_personal_collections/csdn/Build/OvmfX64/DEBUG_VS2019/X64/StdLib/BsdSocketLib/BsdSocketLib/OUTPUT/getpeername.obj
d:/uefi_specs_personal_collections/csdn/Build/OvmfX64/DEBUG_VS2019/X64/StdLib/BsdSocketLib/BsdSocketLib/OUTPUT/getprotoent.obj
d:/uefi_specs_personal_collections/csdn/Build/OvmfX64/DEBUG_VS2019/X64/StdLib/BsdSocketLib/BsdSocketLib/OUTPUT/getprotoname.obj
d:/uefi_specs_personal_collections/csdn/Build/OvmfX64/DEBUG_VS2019/X64/StdLib/BsdSocketLib/BsdSocketLib/OUTPUT/getproto.obj
d:/uefi_specs_personal_collections/csdn/Build/OvmfX64/DEBUG_VS2019/X64/StdLib/BsdSocketLib/BsdSocketLib/OUTPUT/getservbyname.obj
d:/uefi_specs_personal_collections/csdn/Build/OvmfX64/DEBUG_VS2019/X64/StdLib/BsdSocketLib/BsdSocketLib/OUTPUT/getservbyport.obj
d:/uefi_specs_personal_collections/csdn/Build/OvmfX64/DEBUG_VS2019/X64/StdLib/BsdSocketLib/BsdSocketLib/OUTPUT/getservent.obj
d:/uefi_specs_personal_collections/csdn/Build/OvmfX64/DEBUG_VS2019/X64/StdLib/BsdSocketLib/BsdSocketLib/OUTPUT/getsockname.obj
d:/uefi_specs_personal_collections/csdn/Build/OvmfX64/DEBUG_VS2019/X64/StdLib/BsdSocketLib/BsdSocketLib/OUTPUT/getsockopt.obj
d:/uefi_specs_personal_collections/csdn/Build/OvmfX64/DEBUG_VS2019/X64/StdLib/BsdSocketLib/BsdSocketLib/OUTPUT/herror.obj
d:/uefi_specs_personal_collections/csdn/Build/OvmfX64/DEBUG_VS2019/X64/StdLib/BsdSocketLib/BsdSocketLib/OUTPUT/inet_net_ntop.obj
d:/uefi_specs_personal_collections/csdn/Build/OvmfX64/DEBUG_VS2019/X64/StdLib/BsdSocketLib/BsdSocketLib/OUTPUT/inet_net_pton.obj
d:/uefi_specs_personal_collections/csdn/Build/OvmfX64/DEBUG_VS2019/X64/StdLib/BsdSocketLib/BsdSocketLib/OUTPUT/inet_neta.obj
d:/uefi_specs_personal_collections/csdn/Build/OvmfX64/DEBUG_VS2019/X64/StdLib/BsdSocketLib/BsdSocketLib/OUTPUT/inet_pton.obj
d:/uefi_specs_personal_collections/csdn/Build/OvmfX64/DEBUG_VS2019/X64/StdLib/BsdSocketLib/BsdSocketLib/OUTPUT/Ip6Addr_Any.obj
d:/uefi_specs_personal_collections/csdn/Build/OvmfX64/DEBUG_VS2019/X64/StdLib/BsdSocketLib/BsdSocketLib/OUTPUT/Ip6Addr_Loopback.obj
d:/uefi_specs_personal_collections/csdn/Build/OvmfX64/DEBUG_VS2019/X64/StdLib/BsdSocketLib/BsdSocketLib/OUTPUT/Ip6Addr_NodeLocal_AllNodes.obj
d:/uefi_specs_personal_collections/csdn/Build/OvmfX64/DEBUG_VS2019/X64/StdLib/BsdSocketLib/BsdSocketLib/OUTPUT/Ip6Addr_LinkLocal_AllNodes.obj
d:/uefi_specs_personal_collections/csdn/Build/OvmfX64/DEBUG_VS2019/X64/StdLib/BsdSocketLib/BsdSocketLib/OUTPUT/Ip6Addr_LinkLocal_AllRouters.obj
d:/uefi_specs_personal_collections/csdn/Build/OvmfX64/DEBUG_VS2019/X64/StdLib/BsdSocketLib/BsdSocketLib/OUTPUT/listen.obj
d:/uefi_specs_personal_collections/csdn/Build/OvmfX64/DEBUG_VS2019/X64/StdLib/BsdSocketLib/BsdSocketLib/OUTPUT/map_v4v6.obj
d:/uefi_specs_personal_collections/csdn/Build/OvmfX64/DEBUG_VS2019/X64/StdLib/BsdSocketLib/BsdSocketLib/OUTPUT/ns_addr.obj
d:/uefi_specs_personal_collections/csdn/Build/OvmfX64/DEBUG_VS2019/X64/StdLib/BsdSocketLib/BsdSocketLib/OUTPUT/ns_name.obj
d:/uefi_specs_personal_collections/csdn/Build/OvmfX64/DEBUG_VS2019/X64/StdLib/BsdSocketLib/BsdSocketLib/OUTPUT/ns_netint.obj
d:/uefi_specs_personal_collections/csdn/Build/OvmfX64/DEBUG_VS2019/X64/StdLib/BsdSocketLib/BsdSocketLib/OUTPUT/ns_ntoa.obj
d:/uefi_specs_personal_collections/csdn/Build/OvmfX64/DEBUG_VS2019/X64/StdLib/BsdSocketLib/BsdSocketLib/OUTPUT/ns_parse.obj
d:/uefi_specs_personal_collections/csdn/Build/OvmfX64/DEBUG_VS2019/X64/StdLib/BsdSocketLib/BsdSocketLib/OUTPUT/ns_print.obj
d:/uefi_specs_personal_collections/csdn/Build/OvmfX64/DEBUG_VS2019/X64/StdLib/BsdSocketLib/BsdSocketLib/OUTPUT/ns_ttl.obj
d:/uefi_specs_personal_collections/csdn/Build/OvmfX64/DEBUG_VS2019/X64/StdLib/BsdSocketLib/BsdSocketLib/OUTPUT/nsap_addr.obj
d:/uefi_specs_personal_collections/csdn/Build/OvmfX64/DEBUG_VS2019/X64/StdLib/BsdSocketLib/BsdSocketLib/OUTPUT/poll.obj
d:/uefi_specs_personal_collections/csdn/Build/OvmfX64/DEBUG_VS2019/X64/StdLib/BsdSocketLib/BsdSocketLib/OUTPUT/read.obj
d:/uefi_specs_personal_collections/csdn/Build/OvmfX64/DEBUG_VS2019/X64/StdLib/BsdSocketLib/BsdSocketLib/OUTPUT/recv.obj
d:/uefi_specs_personal_collections/csdn/Build/OvmfX64/DEBUG_VS2019/X64/StdLib/BsdSocketLib/BsdSocketLib/OUTPUT/recvfrom.obj
d:/uefi_specs_personal_collections/csdn/Build/OvmfX64/DEBUG_VS2019/X64/StdLib/BsdSocketLib/BsdSocketLib/OUTPUT/res_comp.obj
d:/uefi_specs_personal_collections/csdn/Build/OvmfX64/DEBUG_VS2019/X64/StdLib/BsdSocketLib/BsdSocketLib/OUTPUT/res_data.obj
d:/uefi_specs_personal_collections/csdn/Build/OvmfX64/DEBUG_VS2019/X64/StdLib/BsdSocketLib/BsdSocketLib/OUTPUT/res_debug.obj
d:/uefi_specs_personal_collections/csdn/Build/OvmfX64/DEBUG_VS2019/X64/StdLib/BsdSocketLib/BsdSocketLib/OUTPUT/res_init.obj
d:/uefi_specs_personal_collections/csdn/Build/OvmfX64/DEBUG_VS2019/X64/StdLib/BsdSocketLib/BsdSocketLib/OUTPUT/res_mkquery.obj
d:/uefi_specs_personal_collections/csdn/Build/OvmfX64/DEBUG_VS2019/X64/StdLib/BsdSocketLib/BsdSocketLib/OUTPUT/res_mkupdate.obj
d:/uefi_specs_personal_collections/csdn/Build/OvmfX64/DEBUG_VS2019/X64/StdLib/BsdSocketLib/BsdSocketLib/OUTPUT/res_query.obj
d:/uefi_specs_personal_collections/csdn/Build/OvmfX64/DEBUG_VS2019/X64/StdLib/BsdSocketLib/BsdSocketLib/OUTPUT/res_send.obj
d:/uefi_specs_personal_collections/csdn/Build/OvmfX64/DEBUG_VS2019/X64/StdLib/BsdSocketLib/BsdSocketLib/OUTPUT/res_update.obj
d:/uefi_specs_personal_collections/csdn/Build/OvmfX64/DEBUG_VS2019/X64/StdLib/BsdSocketLib/BsdSocketLib/OUTPUT/send.obj
d:/uefi_specs_personal_collections/csdn/Build/OvmfX64/DEBUG_VS2019/X64/StdLib/BsdSocketLib/BsdSocketLib/OUTPUT/sendto.obj
d:/uefi_specs_personal_collections/csdn/Build/OvmfX64/DEBUG_VS2019/X64/StdLib/BsdSocketLib/BsdSocketLib/OUTPUT/sethostname.obj
d:/uefi_specs_personal_collections/csdn/Build/OvmfX64/DEBUG_VS2019/X64/StdLib/BsdSocketLib/BsdSocketLib/OUTPUT/setsockopt.obj
d:/uefi_specs_personal_collections/csdn/Build/OvmfX64/DEBUG_VS2019/X64/StdLib/BsdSocketLib/BsdSocketLib/OUTPUT/shutdown.obj
d:/uefi_specs_personal_collections/csdn/Build/OvmfX64/DEBUG_VS2019/X64/StdLib/BsdSocketLib/BsdSocketLib/OUTPUT/socket.obj
d:/uefi_specs_personal_collections/csdn/Build/OvmfX64/DEBUG_VS2019/X64/StdLib/BsdSocketLib/BsdSocketLib/OUTPUT/write.obj