d:/uefi_specs_personal_collections/csdn/Build/OvmfX64/DEBUG_VS2019/X64/OvmfPkg/QemuVideoDxe/QemuVideoDxe/OUTPUT/QemuVideoDxe.lib
d:/uefi_specs_personal_collections/csdn/Build/OvmfX64/DEBUG_VS2019/X64/MdePkg/Library/RegisterFilterLibNull/RegisterFilterLibNull/OUTPUT/FilterLibNull.lib
d:/uefi_specs_personal_collections/csdn/Build/OvmfX64/DEBUG_VS2019/X64/MdePkg/Library/BaseLib/BaseLib/OUTPUT/BaseLib.lib
d:/uefi_specs_personal_collections/csdn/Build/OvmfX64/DEBUG_VS2019/X64/MdePkg/Library/DxePcdLib/DxePcdLib/OUTPUT/DxePcdLib.lib
d:/uefi_specs_personal_collections/csdn/Build/OvmfX64/DEBUG_VS2019/X64/MdePkg/Library/BaseMemoryLibRepStr/BaseMemoryLibRepStr/OUTPUT/BaseMemoryLibRepStr.lib
d:/uefi_specs_personal_collections/csdn/Build/OvmfX64/DEBUG_VS2019/X64/MdePkg/Library/TdxLib/TdxLib/OUTPUT/TdxLib.lib
d:/uefi_specs_personal_collections/csdn/Build/OvmfX64/DEBUG_VS2019/X64/MdePkg/Library/BaseIoLibIntrinsic/BaseIoLibIntrinsicSev/OUTPUT/BaseIoLibIntrinsicSev.lib
d:/uefi_specs_personal_collections/csdn/Build/OvmfX64/DEBUG_VS2019/X64/MdePkg/Library/BaseDebugPrintErrorLevelLib/BaseDebugPrintErrorLevelLib/OUTPUT/BaseDebugPrintErrorLevelLib.lib
d:/uefi_specs_personal_collections/csdn/Build/OvmfX64/DEBUG_VS2019/X64/PcAtChipsetPkg/Library/SerialIoLib/SerialIoLib/OUTPUT/PcAtSerialPortLib.lib
d:/uefi_specs_personal_collections/csdn/Build/OvmfX64/DEBUG_VS2019/X64/MdePkg/Library/BasePrintLib/BasePrintLib/OUTPUT/BasePrintLib.lib
d:/uefi_specs_personal_collections/csdn/Build/OvmfX64/DEBUG_VS2019/X64/MdePkg/Library/BaseDebugLibSerialPort/BaseDebugLibSerialPort/OUTPUT/BaseDebugLibSerialPort.lib
d:/uefi_specs_personal_collections/csdn/Build/OvmfX64/DEBUG_VS2019/X64/OvmfPkg/Library/CcProbeLib/DxeCcProbeLib/OUTPUT/DxeCcProbeLib.lib
d:/uefi_specs_personal_collections/csdn/Build/OvmfX64/DEBUG_VS2019/X64/MdePkg/Library/UefiBootServicesTableLib/UefiBootServicesTableLib/OUTPUT/UefiBootServicesTableLib.lib
d:/uefi_specs_personal_collections/csdn/Build/OvmfX64/DEBUG_VS2019/X64/MdePkg/Library/UefiMemoryAllocationLib/UefiMemoryAllocationLib/OUTPUT/UefiMemoryAllocationLib.lib
d:/uefi_specs_personal_collections/csdn/Build/OvmfX64/DEBUG_VS2019/X64/MdePkg/Library/UefiRuntimeServicesTableLib/UefiRuntimeServicesTableLib/OUTPUT/UefiRuntimeServicesTableLib.lib
d:/uefi_specs_personal_collections/csdn/Build/OvmfX64/DEBUG_VS2019/X64/MdePkg/Library/UefiDevicePathLibDevicePathProtocol/UefiDevicePathLibDevicePathProtocol/OUTPUT/UefiDevicePathLibDevicePathProtocol.lib
d:/uefi_specs_personal_collections/csdn/Build/OvmfX64/DEBUG_VS2019/X64/MdePkg/Library/UefiLib/UefiLib/OUTPUT/UefiLib.lib
d:/uefi_specs_personal_collections/csdn/Build/OvmfX64/DEBUG_VS2019/X64/MdePkg/Library/BasePciExpressLib/BasePciExpressLib/OUTPUT/BasePciExpressLib.lib
d:/uefi_specs_personal_collections/csdn/Build/OvmfX64/DEBUG_VS2019/X64/MdePkg/Library/BasePciCf8Lib/BasePciCf8Lib/OUTPUT/BasePciCf8Lib.lib
d:/uefi_specs_personal_collections/csdn/Build/OvmfX64/DEBUG_VS2019/X64/MdePkg/Library/DxeHobLib/DxeHobLib/OUTPUT/DxeHobLib.lib
d:/uefi_specs_personal_collections/csdn/Build/OvmfX64/DEBUG_VS2019/X64/OvmfPkg/Library/DxePciLibI440FxQ35/DxePciLibI440FxQ35/OUTPUT/DxePciLibI440FxQ35.lib
d:/uefi_specs_personal_collections/csdn/Build/OvmfX64/DEBUG_VS2019/X64/MdePkg/Library/DxeServicesTableLib/DxeServicesTableLib/OUTPUT/DxeServicesTableLib.lib
d:/uefi_specs_personal_collections/csdn/Build/OvmfX64/DEBUG_VS2019/X64/MdeModulePkg/Library/FrameBufferBltLib/FrameBufferBltLib/OUTPUT/FrameBufferBltLib.lib
d:/uefi_specs_personal_collections/csdn/Build/OvmfX64/DEBUG_VS2019/X64/OvmfPkg/Library/AcpiTimerLib/DxeAcpiTimerLib/OUTPUT/DxeAcpiTimerLib.lib
d:/uefi_specs_personal_collections/csdn/Build/OvmfX64/DEBUG_VS2019/X64/MdePkg/Library/UefiDriverEntryPoint/UefiDriverEntryPoint/OUTPUT/UefiDriverEntryPoint.lib