//
//  VFR compiler version  2.01 (UEFI 2.4) Developer Build based on Revision: Unknown
//
#line 1 "D:\\uefi_specs_personal_collections\\edk2\\MdeModulePkg\\Universal\\Disk\\RamDiskDxe\\RamDiskHii.vfr"
#line 1 "d:\\uefi_specs_personal_collections\\csdn\\Build\\OvmfX64\\DEBUG_VS2019\\X64\\MdeModulePkg\\Universal\\Disk\\RamDiskDxe\\RamDiskDxe\\DEBUG\\RamDiskDxeStrDefs.h"










































extern unsigned char RamDiskDxeStrings[];






































#line 83 "d:\\uefi_specs_personal_collections\\csdn\\Build\\OvmfX64\\DEBUG_VS2019\\X64\\MdeModulePkg\\Universal\\Disk\\RamDiskDxe\\RamDiskDxe\\DEBUG\\RamDiskDxeStrDefs.h"

#line 85 "d:\\uefi_specs_personal_collections\\csdn\\Build\\OvmfX64\\DEBUG_VS2019\\X64\\MdeModulePkg\\Universal\\Disk\\RamDiskDxe\\RamDiskDxe\\DEBUG\\RamDiskDxeStrDefs.h"
#line 1 "D:\\uefi_specs_personal_collections\\edk2\\MdeModulePkg\\Universal\\Disk\\RamDiskDxe\\RamDiskHii.vfr"









#line 1 "D:\\uefi_specs_personal_collections\\edk2\\MdeModulePkg\\Universal\\Disk\\RamDiskDxe\\RamDiskNVData.h"












#line 1 "D:\\uefi_specs_personal_collections\\edk2\\MdePkg\\Include\\Guid/HiiPlatformSetupFormset.h"



























extern EFI_GUID  gEfiHiiPlatformSetupFormsetGuid;
extern EFI_GUID  gEfiHiiDriverHealthFormsetGuid;
extern EFI_GUID  gEfiHiiUserCredentialFormsetGuid;
extern EFI_GUID  gEfiHiiRestStyleFormsetGuid;

#line 34 "D:\\uefi_specs_personal_collections\\edk2\\MdePkg\\Include\\Guid/HiiPlatformSetupFormset.h"
#line 14 "D:\\uefi_specs_personal_collections\\edk2\\MdeModulePkg\\Universal\\Disk\\RamDiskDxe\\RamDiskNVData.h"
#line 1 "D:\\uefi_specs_personal_collections\\edk2\\MdeModulePkg\\Include\\Guid/RamDiskHii.h"
















extern EFI_GUID  { 0x2a46715f, 0x3581, 0x4a55, { 0x8e, 0x73, 0x2b, 0x76, 0x9a, 0xaa, 0x30, 0xc5 }};

#line 20 "D:\\uefi_specs_personal_collections\\edk2\\MdeModulePkg\\Include\\Guid/RamDiskHii.h"
#line 15 "D:\\uefi_specs_personal_collections\\edk2\\MdeModulePkg\\Universal\\Disk\\RamDiskDxe\\RamDiskNVData.h"


















typedef struct {
  
  
  
  UINT64    Size;
  
  
  
  UINT8     MemType;
} RAM_DISK_CONFIGURATION;

#line 45 "D:\\uefi_specs_personal_collections\\edk2\\MdeModulePkg\\Universal\\Disk\\RamDiskDxe\\RamDiskNVData.h"
#line 11 "D:\\uefi_specs_personal_collections\\edk2\\MdeModulePkg\\Universal\\Disk\\RamDiskDxe\\RamDiskHii.vfr"

formset
>00000000: 0E A7 5F 71 46 2A 81 35 55 4A 8E 73 2B 76 9A AA 30 C5 02 00 03 00 01 71 99 03 93 45 85 04 4B B4 5E 32 EB 83 26 04 0E 
>00000027: 5C 06 00 00 00 00 
>0000002D: 5C 06 00 00 01 00 
  guid      = { 0x2a46715f, 0x3581, 0x4a55, {0x8e, 0x73, 0x2b, 0x76, 0x9a, 0xaa, 0x30, 0xc5} },
  title     = STRING_TOKEN(0x0002),
  help      = STRING_TOKEN(0x0003),
  classguid = { 0x93039971, 0x8545, 0x4b04, { 0xb4, 0x5e, 0x32, 0xeb, 0x83, 0x26, 0x4, 0xe } },

  
  
  
  form formid = 0x1000,
>00000033: 01 86 00 10 04 00 
    title  = STRING_TOKEN(0x0004);

    oneof
>00000039: 05 91 11 00 12 00 04 20 00 00 FF FF 04 10 00 01 00 
      questionid  = 0x2004,
        prompt      = STRING_TOKEN(0x0011),
        help        = STRING_TOKEN(0x0012),
        flags       = NUMERIC_SIZE_1 | INTERACTIVE,
        option text = STRING_TOKEN(0x0013), value = 0x00, flags = DEFAULT;
>0000004A: 09 07 13 00 10 00 00 
        option text = STRING_TOKEN(0x0014), value = 0x01, flags = 0;
>00000051: 09 07 14 00 00 00 01 
    endoneof;
>00000058: 29 02 

    subtitle text = STRING_TOKEN(0x0005);
>0000005A: 02 87 05 00 00 00 00 
>00000061: 29 02 

    goto 0x2000,
>00000063: 0F 0F 08 00 09 00 01 00 00 00 FF FF 00 00 20 
      prompt = STRING_TOKEN(0x0008),
      help   = STRING_TOKEN(0x0009);

    goto 0x1000,
>00000072: 0F 0F 0A 00 0B 00 01 10 00 00 FF FF 04 00 10 
      prompt = STRING_TOKEN(0x000A),
      help   = STRING_TOKEN(0x000B),
      flags  = INTERACTIVE,
      key    = 0x1001;

    subtitle text = STRING_TOKEN(0x0005);
>00000081: 02 87 05 00 00 00 00 
>00000088: 29 02 
    subtitle text = STRING_TOKEN(0x0006);
>0000008A: 02 87 06 00 00 00 00 
>00000091: 29 02 

    label 0x1003;
>00000093: 5F 15 35 17 0B 0F A0 87 93 41 B2 66 53 8C 38 AF 48 CE 00 03 10 
    label 0x1004;
>000000A8: 5F 15 35 17 0B 0F A0 87 93 41 B2 66 53 8C 38 AF 48 CE 00 04 10 

    subtitle text = STRING_TOKEN(0x0005);
>000000BD: 02 87 05 00 00 00 00 
>000000C4: 29 02 

    text
      help   = STRING_TOKEN(0x000C),
      text   = STRING_TOKEN(0x000D),
      flags  = INTERACTIVE,
>000000C6: 0C 8F 0D 00 0C 00 02 10 00 00 FF FF 04 00 00 
      key    = 0x1002;
>000000D5: 29 02 

  endform;
>000000D7: 29 02 

  
  
  
  form formid = 0x2000,
>000000D9: 01 86 00 20 0E 00 
    title  = STRING_TOKEN(0x000E);

    subtitle text = STRING_TOKEN(0x0005);
>000000DF: 02 87 05 00 00 00 00 
>000000E6: 29 02 

    numeric
>000000E8: 07 A6 0F 00 10 00 01 20 00 00 FF FF 04 23 01 00 00 00 00 00 00 00 FF FF FF FF FF FF FF FF 00 00 00 00 00 00 00 00 
      questionid = 0x2001,
      prompt  = STRING_TOKEN(0x000F),
      help    = STRING_TOKEN(0x0010),
      flags   = NUMERIC_SIZE_8 | DISPLAY_UINT_HEX | INTERACTIVE,
      minimum = 1,
      maximum = 0xFFFFFFFFFFFFFFFF,
    endnumeric;
>0000010E: 29 02 

    subtitle text = STRING_TOKEN(0x0005);
>00000110: 02 87 05 00 00 00 00 
>00000117: 29 02 

    text
      help   = STRING_TOKEN(0x0015),
      text   = STRING_TOKEN(0x0016),
      flags  = INTERACTIVE,
>00000119: 0C 8F 16 00 15 00 02 20 00 00 FF FF 04 00 00 
      key    = 0x2002;
>00000128: 29 02 

    text
      help   = STRING_TOKEN(0x0017),
      text   = STRING_TOKEN(0x0018),
      flags  = INTERACTIVE,
>0000012A: 0C 8F 18 00 17 00 03 20 00 00 FF FF 04 00 00 
      key    = 0x2003;
>00000139: 29 02 

  endform;
>0000013B: 29 02 

endformset;
>0000013D: 29 02 

//
// All Opcode Record List 
//
>00000000: 0E A7 5F 71 46 2A 81 35 55 4A 8E 73 2B 76 9A AA 30 C5 02 00 03 00 01 71 99 03 93 45 85 04 4B B4 5E 32 EB 83 26 04 0E 
>00000027: 5C 06 00 00 00 00 
>0000002D: 5C 06 00 00 01 00 
>00000033: 01 86 00 10 04 00 
>00000039: 05 91 11 00 12 00 04 20 00 00 FF FF 04 10 00 01 00 
>0000004A: 09 07 13 00 10 00 00 
>00000051: 09 07 14 00 00 00 01 
>00000058: 29 02 
>0000005A: 02 87 05 00 00 00 00 
>00000061: 29 02 
>00000063: 0F 0F 08 00 09 00 01 00 00 00 FF FF 00 00 20 
>00000072: 0F 0F 0A 00 0B 00 01 10 00 00 FF FF 04 00 10 
>00000081: 02 87 05 00 00 00 00 
>00000088: 29 02 
>0000008A: 02 87 06 00 00 00 00 
>00000091: 29 02 
>00000093: 5F 15 35 17 0B 0F A0 87 93 41 B2 66 53 8C 38 AF 48 CE 00 03 10 
>000000A8: 5F 15 35 17 0B 0F A0 87 93 41 B2 66 53 8C 38 AF 48 CE 00 04 10 
>000000BD: 02 87 05 00 00 00 00 
>000000C4: 29 02 
>000000C6: 0C 8F 0D 00 0C 00 02 10 00 00 FF FF 04 00 00 
>000000D5: 29 02 
>000000D7: 29 02 
>000000D9: 01 86 00 20 0E 00 
>000000DF: 02 87 05 00 00 00 00 
>000000E6: 29 02 
>000000E8: 07 A6 0F 00 10 00 01 20 00 00 FF FF 04 23 01 00 00 00 00 00 00 00 FF FF FF FF FF FF FF FF 00 00 00 00 00 00 00 00 
>0000010E: 29 02 
>00000110: 02 87 05 00 00 00 00 
>00000117: 29 02 
>00000119: 0C 8F 16 00 15 00 02 20 00 00 FF FF 04 00 00 
>00000128: 29 02 
>0000012A: 0C 8F 18 00 17 00 03 20 00 00 FF FF 04 00 00 
>00000139: 29 02 
>0000013B: 29 02 
>0000013D: 29 02 

Total Size of all record is 0x0000013F


***************************************************************
		mPackAlign = 8
		struct RAM_DISK_CONFIGURATION : mAlign [8] mTotalSize [0x10]

		struct RAM_DISK_CONFIGURATION {
			+00000000[00000000] Size <UINT64>
			+00000008[00000008] MemType <UINT8>
		};
---------------------------------------------------------------
		struct EFI_HII_REF : mAlign [16] mTotalSize [0x16]

		struct EFI_HII_REF {
			+00000000[00000000] QuestionId <UINT16>
			+00000002[00000002] FormId <UINT16>
			+00000004[00000004] FormSetGuid <(null)>
			+00000020[00000014] DevicePath <EFI_STRING_ID>
		};
---------------------------------------------------------------
		struct EFI_HII_TIME : mAlign [1] mTotalSize [0x3]

		struct EFI_HII_TIME {
			+00000000[00000000] Hours <UINT8>
			+00000001[00000001] Minutes <UINT8>
			+00000002[00000002] Seconds <UINT8>
		};
---------------------------------------------------------------
		struct EFI_STRING_ID : mAlign [2] mTotalSize [0x2]

		struct EFI_STRING_ID {
		};
---------------------------------------------------------------
		struct EFI_HII_DATE : mAlign [2] mTotalSize [0x4]

		struct EFI_HII_DATE {
			+00000000[00000000] Year <UINT16>
			+00000002[00000002] Month <UINT8>
			+00000003[00000003] Day <UINT8>
		};
---------------------------------------------------------------
		struct BOOLEAN : mAlign [1] mTotalSize [0x1]

		struct BOOLEAN {
		};
---------------------------------------------------------------
		struct UINT8 : mAlign [1] mTotalSize [0x1]

		struct UINT8 {
		};
---------------------------------------------------------------
		struct UINT16 : mAlign [2] mTotalSize [0x2]

		struct UINT16 {
		};
---------------------------------------------------------------
		struct UINT32 : mAlign [4] mTotalSize [0x4]

		struct UINT32 {
		};
---------------------------------------------------------------
		struct UINT64 : mAlign [8] mTotalSize [0x8]

		struct UINT64 {
		};
---------------------------------------------------------------
***************************************************************
