d:/uefi_specs_personal_collections/csdn/Build/OvmfX64/DEBUG_VS2019/X64/StdLib/LibC/Stdio/Stdio/OUTPUT/clrerr.obj
d:/uefi_specs_personal_collections/csdn/Build/OvmfX64/DEBUG_VS2019/X64/StdLib/LibC/Stdio/Stdio/OUTPUT/fclose.obj
d:/uefi_specs_personal_collections/csdn/Build/OvmfX64/DEBUG_VS2019/X64/StdLib/LibC/Stdio/Stdio/OUTPUT/fdopen.obj
d:/uefi_specs_personal_collections/csdn/Build/OvmfX64/DEBUG_VS2019/X64/StdLib/LibC/Stdio/Stdio/OUTPUT/feof.obj
d:/uefi_specs_personal_collections/csdn/Build/OvmfX64/DEBUG_VS2019/X64/StdLib/LibC/Stdio/Stdio/OUTPUT/ferror.obj
d:/uefi_specs_personal_collections/csdn/Build/OvmfX64/DEBUG_VS2019/X64/StdLib/LibC/Stdio/Stdio/OUTPUT/fflush.obj
d:/uefi_specs_personal_collections/csdn/Build/OvmfX64/DEBUG_VS2019/X64/StdLib/LibC/Stdio/Stdio/OUTPUT/fgetc.obj
d:/uefi_specs_personal_collections/csdn/Build/OvmfX64/DEBUG_VS2019/X64/StdLib/LibC/Stdio/Stdio/OUTPUT/fgetln.obj
d:/uefi_specs_personal_collections/csdn/Build/OvmfX64/DEBUG_VS2019/X64/StdLib/LibC/Stdio/Stdio/OUTPUT/fgetpos.obj
d:/uefi_specs_personal_collections/csdn/Build/OvmfX64/DEBUG_VS2019/X64/StdLib/LibC/Stdio/Stdio/OUTPUT/fgets.obj
d:/uefi_specs_personal_collections/csdn/Build/OvmfX64/DEBUG_VS2019/X64/StdLib/LibC/Stdio/Stdio/OUTPUT/fopen.obj
d:/uefi_specs_personal_collections/csdn/Build/OvmfX64/DEBUG_VS2019/X64/StdLib/LibC/Stdio/Stdio/OUTPUT/fprintf.obj
d:/uefi_specs_personal_collections/csdn/Build/OvmfX64/DEBUG_VS2019/X64/StdLib/LibC/Stdio/Stdio/OUTPUT/fputc.obj
d:/uefi_specs_personal_collections/csdn/Build/OvmfX64/DEBUG_VS2019/X64/StdLib/LibC/Stdio/Stdio/OUTPUT/fputs.obj
d:/uefi_specs_personal_collections/csdn/Build/OvmfX64/DEBUG_VS2019/X64/StdLib/LibC/Stdio/Stdio/OUTPUT/fread.obj
d:/uefi_specs_personal_collections/csdn/Build/OvmfX64/DEBUG_VS2019/X64/StdLib/LibC/Stdio/Stdio/OUTPUT/freopen.obj
d:/uefi_specs_personal_collections/csdn/Build/OvmfX64/DEBUG_VS2019/X64/StdLib/LibC/Stdio/Stdio/OUTPUT/fscanf.obj
d:/uefi_specs_personal_collections/csdn/Build/OvmfX64/DEBUG_VS2019/X64/StdLib/LibC/Stdio/Stdio/OUTPUT/fseek.obj
d:/uefi_specs_personal_collections/csdn/Build/OvmfX64/DEBUG_VS2019/X64/StdLib/LibC/Stdio/Stdio/OUTPUT/fsetpos.obj
d:/uefi_specs_personal_collections/csdn/Build/OvmfX64/DEBUG_VS2019/X64/StdLib/LibC/Stdio/Stdio/OUTPUT/ftell.obj
d:/uefi_specs_personal_collections/csdn/Build/OvmfX64/DEBUG_VS2019/X64/StdLib/LibC/Stdio/Stdio/OUTPUT/fwrite.obj
d:/uefi_specs_personal_collections/csdn/Build/OvmfX64/DEBUG_VS2019/X64/StdLib/LibC/Stdio/Stdio/OUTPUT/getc.obj
d:/uefi_specs_personal_collections/csdn/Build/OvmfX64/DEBUG_VS2019/X64/StdLib/LibC/Stdio/Stdio/OUTPUT/getchar.obj
d:/uefi_specs_personal_collections/csdn/Build/OvmfX64/DEBUG_VS2019/X64/StdLib/LibC/Stdio/Stdio/OUTPUT/gets.obj
d:/uefi_specs_personal_collections/csdn/Build/OvmfX64/DEBUG_VS2019/X64/StdLib/LibC/Stdio/Stdio/OUTPUT/perror.obj
d:/uefi_specs_personal_collections/csdn/Build/OvmfX64/DEBUG_VS2019/X64/StdLib/LibC/Stdio/Stdio/OUTPUT/printf.obj
d:/uefi_specs_personal_collections/csdn/Build/OvmfX64/DEBUG_VS2019/X64/StdLib/LibC/Stdio/Stdio/OUTPUT/putc.obj
d:/uefi_specs_personal_collections/csdn/Build/OvmfX64/DEBUG_VS2019/X64/StdLib/LibC/Stdio/Stdio/OUTPUT/putchar.obj
d:/uefi_specs_personal_collections/csdn/Build/OvmfX64/DEBUG_VS2019/X64/StdLib/LibC/Stdio/Stdio/OUTPUT/puts.obj
d:/uefi_specs_personal_collections/csdn/Build/OvmfX64/DEBUG_VS2019/X64/StdLib/LibC/Stdio/Stdio/OUTPUT/remove.obj
d:/uefi_specs_personal_collections/csdn/Build/OvmfX64/DEBUG_VS2019/X64/StdLib/LibC/Stdio/Stdio/OUTPUT/rewind.obj
d:/uefi_specs_personal_collections/csdn/Build/OvmfX64/DEBUG_VS2019/X64/StdLib/LibC/Stdio/Stdio/OUTPUT/scanf.obj
d:/uefi_specs_personal_collections/csdn/Build/OvmfX64/DEBUG_VS2019/X64/StdLib/LibC/Stdio/Stdio/OUTPUT/setbuf.obj
d:/uefi_specs_personal_collections/csdn/Build/OvmfX64/DEBUG_VS2019/X64/StdLib/LibC/Stdio/Stdio/OUTPUT/setvbuf.obj
d:/uefi_specs_personal_collections/csdn/Build/OvmfX64/DEBUG_VS2019/X64/StdLib/LibC/Stdio/Stdio/OUTPUT/sprintf.obj
d:/uefi_specs_personal_collections/csdn/Build/OvmfX64/DEBUG_VS2019/X64/StdLib/LibC/Stdio/Stdio/OUTPUT/sscanf.obj
d:/uefi_specs_personal_collections/csdn/Build/OvmfX64/DEBUG_VS2019/X64/StdLib/LibC/Stdio/Stdio/OUTPUT/tempnam.obj
d:/uefi_specs_personal_collections/csdn/Build/OvmfX64/DEBUG_VS2019/X64/StdLib/LibC/Stdio/Stdio/OUTPUT/tmpfile.obj
d:/uefi_specs_personal_collections/csdn/Build/OvmfX64/DEBUG_VS2019/X64/StdLib/LibC/Stdio/Stdio/OUTPUT/tmpnam.obj
d:/uefi_specs_personal_collections/csdn/Build/OvmfX64/DEBUG_VS2019/X64/StdLib/LibC/Stdio/Stdio/OUTPUT/ungetc.obj
d:/uefi_specs_personal_collections/csdn/Build/OvmfX64/DEBUG_VS2019/X64/StdLib/LibC/Stdio/Stdio/OUTPUT/vfprintf.obj
d:/uefi_specs_personal_collections/csdn/Build/OvmfX64/DEBUG_VS2019/X64/StdLib/LibC/Stdio/Stdio/OUTPUT/vfwprintf.obj
d:/uefi_specs_personal_collections/csdn/Build/OvmfX64/DEBUG_VS2019/X64/StdLib/LibC/Stdio/Stdio/OUTPUT/vprintf.obj
d:/uefi_specs_personal_collections/csdn/Build/OvmfX64/DEBUG_VS2019/X64/StdLib/LibC/Stdio/Stdio/OUTPUT/vsprintf.obj
d:/uefi_specs_personal_collections/csdn/Build/OvmfX64/DEBUG_VS2019/X64/StdLib/LibC/Stdio/Stdio/OUTPUT/snprintf.obj
d:/uefi_specs_personal_collections/csdn/Build/OvmfX64/DEBUG_VS2019/X64/StdLib/LibC/Stdio/Stdio/OUTPUT/vsnprintf.obj
d:/uefi_specs_personal_collections/csdn/Build/OvmfX64/DEBUG_VS2019/X64/StdLib/LibC/Stdio/Stdio/OUTPUT/fparseln.obj
d:/uefi_specs_personal_collections/csdn/Build/OvmfX64/DEBUG_VS2019/X64/StdLib/LibC/Stdio/Stdio/OUTPUT/fgetwc.obj
d:/uefi_specs_personal_collections/csdn/Build/OvmfX64/DEBUG_VS2019/X64/StdLib/LibC/Stdio/Stdio/OUTPUT/fgetws.obj
d:/uefi_specs_personal_collections/csdn/Build/OvmfX64/DEBUG_VS2019/X64/StdLib/LibC/Stdio/Stdio/OUTPUT/fputwc.obj
d:/uefi_specs_personal_collections/csdn/Build/OvmfX64/DEBUG_VS2019/X64/StdLib/LibC/Stdio/Stdio/OUTPUT/fputws.obj
d:/uefi_specs_personal_collections/csdn/Build/OvmfX64/DEBUG_VS2019/X64/StdLib/LibC/Stdio/Stdio/OUTPUT/fwide.obj
d:/uefi_specs_personal_collections/csdn/Build/OvmfX64/DEBUG_VS2019/X64/StdLib/LibC/Stdio/Stdio/OUTPUT/fwprintf.obj
d:/uefi_specs_personal_collections/csdn/Build/OvmfX64/DEBUG_VS2019/X64/StdLib/LibC/Stdio/Stdio/OUTPUT/fwscanf.obj
d:/uefi_specs_personal_collections/csdn/Build/OvmfX64/DEBUG_VS2019/X64/StdLib/LibC/Stdio/Stdio/OUTPUT/getwc.obj
d:/uefi_specs_personal_collections/csdn/Build/OvmfX64/DEBUG_VS2019/X64/StdLib/LibC/Stdio/Stdio/OUTPUT/getwchar.obj
d:/uefi_specs_personal_collections/csdn/Build/OvmfX64/DEBUG_VS2019/X64/StdLib/LibC/Stdio/Stdio/OUTPUT/putwc.obj
d:/uefi_specs_personal_collections/csdn/Build/OvmfX64/DEBUG_VS2019/X64/StdLib/LibC/Stdio/Stdio/OUTPUT/putwchar.obj
d:/uefi_specs_personal_collections/csdn/Build/OvmfX64/DEBUG_VS2019/X64/StdLib/LibC/Stdio/Stdio/OUTPUT/swprintf.obj
d:/uefi_specs_personal_collections/csdn/Build/OvmfX64/DEBUG_VS2019/X64/StdLib/LibC/Stdio/Stdio/OUTPUT/swscanf.obj
d:/uefi_specs_personal_collections/csdn/Build/OvmfX64/DEBUG_VS2019/X64/StdLib/LibC/Stdio/Stdio/OUTPUT/ungetwc.obj
d:/uefi_specs_personal_collections/csdn/Build/OvmfX64/DEBUG_VS2019/X64/StdLib/LibC/Stdio/Stdio/OUTPUT/vfwscanf.obj
d:/uefi_specs_personal_collections/csdn/Build/OvmfX64/DEBUG_VS2019/X64/StdLib/LibC/Stdio/Stdio/OUTPUT/vswprintf.obj
d:/uefi_specs_personal_collections/csdn/Build/OvmfX64/DEBUG_VS2019/X64/StdLib/LibC/Stdio/Stdio/OUTPUT/vswscanf.obj
d:/uefi_specs_personal_collections/csdn/Build/OvmfX64/DEBUG_VS2019/X64/StdLib/LibC/Stdio/Stdio/OUTPUT/vwprintf.obj
d:/uefi_specs_personal_collections/csdn/Build/OvmfX64/DEBUG_VS2019/X64/StdLib/LibC/Stdio/Stdio/OUTPUT/vwscanf.obj
d:/uefi_specs_personal_collections/csdn/Build/OvmfX64/DEBUG_VS2019/X64/StdLib/LibC/Stdio/Stdio/OUTPUT/wprintf.obj
d:/uefi_specs_personal_collections/csdn/Build/OvmfX64/DEBUG_VS2019/X64/StdLib/LibC/Stdio/Stdio/OUTPUT/wscanf.obj
d:/uefi_specs_personal_collections/csdn/Build/OvmfX64/DEBUG_VS2019/X64/StdLib/LibC/Stdio/Stdio/OUTPUT/fgetstr.obj
d:/uefi_specs_personal_collections/csdn/Build/OvmfX64/DEBUG_VS2019/X64/StdLib/LibC/Stdio/Stdio/OUTPUT/findfp.obj
d:/uefi_specs_personal_collections/csdn/Build/OvmfX64/DEBUG_VS2019/X64/StdLib/LibC/Stdio/Stdio/OUTPUT/flags.obj
d:/uefi_specs_personal_collections/csdn/Build/OvmfX64/DEBUG_VS2019/X64/StdLib/LibC/Stdio/Stdio/OUTPUT/fseeko.obj
d:/uefi_specs_personal_collections/csdn/Build/OvmfX64/DEBUG_VS2019/X64/StdLib/LibC/Stdio/Stdio/OUTPUT/ftello.obj
d:/uefi_specs_personal_collections/csdn/Build/OvmfX64/DEBUG_VS2019/X64/StdLib/LibC/Stdio/Stdio/OUTPUT/fvwrite.obj
d:/uefi_specs_personal_collections/csdn/Build/OvmfX64/DEBUG_VS2019/X64/StdLib/LibC/Stdio/Stdio/OUTPUT/fwalk.obj
d:/uefi_specs_personal_collections/csdn/Build/OvmfX64/DEBUG_VS2019/X64/StdLib/LibC/Stdio/Stdio/OUTPUT/gettemp.obj
d:/uefi_specs_personal_collections/csdn/Build/OvmfX64/DEBUG_VS2019/X64/StdLib/LibC/Stdio/Stdio/OUTPUT/makebuf.obj
d:/uefi_specs_personal_collections/csdn/Build/OvmfX64/DEBUG_VS2019/X64/StdLib/LibC/Stdio/Stdio/OUTPUT/mkstemp.obj
d:/uefi_specs_personal_collections/csdn/Build/OvmfX64/DEBUG_VS2019/X64/StdLib/LibC/Stdio/Stdio/OUTPUT/mktemp.obj
d:/uefi_specs_personal_collections/csdn/Build/OvmfX64/DEBUG_VS2019/X64/StdLib/LibC/Stdio/Stdio/OUTPUT/refill.obj
d:/uefi_specs_personal_collections/csdn/Build/OvmfX64/DEBUG_VS2019/X64/StdLib/LibC/Stdio/Stdio/OUTPUT/rget.obj
d:/uefi_specs_personal_collections/csdn/Build/OvmfX64/DEBUG_VS2019/X64/StdLib/LibC/Stdio/Stdio/OUTPUT/stdio.obj
d:/uefi_specs_personal_collections/csdn/Build/OvmfX64/DEBUG_VS2019/X64/StdLib/LibC/Stdio/Stdio/OUTPUT/vfscanf.obj
d:/uefi_specs_personal_collections/csdn/Build/OvmfX64/DEBUG_VS2019/X64/StdLib/LibC/Stdio/Stdio/OUTPUT/wbuf.obj
d:/uefi_specs_personal_collections/csdn/Build/OvmfX64/DEBUG_VS2019/X64/StdLib/LibC/Stdio/Stdio/OUTPUT/wsetup.obj