d:/uefi_specs_personal_collections/csdn/Build/OvmfX64/DEBUG_VS2019/X64/OvmfPkg/Sec/SecMain/OUTPUT/SecMain.lib
d:/uefi_specs_personal_collections/csdn/Build/OvmfX64/DEBUG_VS2019/X64/MdePkg/Library/PeiServicesTablePointerLibIdt/PeiServicesTablePointerLibIdt/OUTPUT/PeiServicesTablePointerLibIdt.lib
d:/uefi_specs_personal_collections/csdn/Build/OvmfX64/DEBUG_VS2019/X64/MdePkg/Library/RegisterFilterLibNull/RegisterFilterLibNull/OUTPUT/FilterLibNull.lib
d:/uefi_specs_personal_collections/csdn/Build/OvmfX64/DEBUG_VS2019/X64/OvmfPkg/Library/AmdSvsmLib/AmdSvsmLib/OUTPUT/AmdSvsmLib.lib
d:/uefi_specs_personal_collections/csdn/Build/OvmfX64/DEBUG_VS2019/X64/OvmfPkg/Library/CcExitLib/SecCcExitLib/OUTPUT/SecCcExitLib.lib
d:/uefi_specs_personal_collections/csdn/Build/OvmfX64/DEBUG_VS2019/X64/MdePkg/Library/PeiMemoryAllocationLib/PeiMemoryAllocationLib/OUTPUT/PeiMemoryAllocationLib.lib
d:/uefi_specs_personal_collections/csdn/Build/OvmfX64/DEBUG_VS2019/X64/MdePkg/Library/TdxLib/TdxLib/OUTPUT/TdxLib.lib
d:/uefi_specs_personal_collections/csdn/Build/OvmfX64/DEBUG_VS2019/X64/MdePkg/Library/PeiHobLib/PeiHobLib/OUTPUT/PeiHobLib.lib
d:/uefi_specs_personal_collections/csdn/Build/OvmfX64/DEBUG_VS2019/X64/OvmfPkg/Library/CcProbeLib/SecPeiCcProbeLib/OUTPUT/SecPeiCcProbeLib.lib
d:/uefi_specs_personal_collections/csdn/Build/OvmfX64/DEBUG_VS2019/X64/OvmfPkg/Library/BaseMemEncryptSevLib/SecMemEncryptSevLib/OUTPUT/SecMemEncryptSevLib.lib
d:/uefi_specs_personal_collections/csdn/Build/OvmfX64/DEBUG_VS2019/X64/UefiCpuPkg/Library/BaseXApicX2ApicLib/BaseXApicX2ApicLib/OUTPUT/BaseXApicX2ApicLib.lib
d:/uefi_specs_personal_collections/csdn/Build/OvmfX64/DEBUG_VS2019/X64/MdePkg/Library/BaseIoLibIntrinsic/BaseIoLibIntrinsicSev/OUTPUT/BaseIoLibIntrinsicSev.lib
d:/uefi_specs_personal_collections/csdn/Build/OvmfX64/DEBUG_VS2019/X64/MdePkg/Library/BaseCpuLib/BaseCpuLib/OUTPUT/BaseCpuLib.lib
d:/uefi_specs_personal_collections/csdn/Build/OvmfX64/DEBUG_VS2019/X64/MdePkg/Library/BasePcdLibNull/BasePcdLibNull/OUTPUT/BasePcdLibNull.lib
d:/uefi_specs_personal_collections/csdn/Build/OvmfX64/DEBUG_VS2019/X64/MdePkg/Library/PeiServicesLib/PeiServicesLib/OUTPUT/PeiServicesLib.lib
d:/uefi_specs_personal_collections/csdn/Build/OvmfX64/DEBUG_VS2019/X64/MdePkg/Library/BaseMemoryLibRepStr/BaseMemoryLibRepStr/OUTPUT/BaseMemoryLibRepStr.lib
d:/uefi_specs_personal_collections/csdn/Build/OvmfX64/DEBUG_VS2019/X64/MdePkg/Library/BaseLib/BaseLib/OUTPUT/BaseLib.lib
d:/uefi_specs_personal_collections/csdn/Build/OvmfX64/DEBUG_VS2019/X64/MdePkg/Library/BaseDebugPrintErrorLevelLib/BaseDebugPrintErrorLevelLib/OUTPUT/BaseDebugPrintErrorLevelLib.lib
d:/uefi_specs_personal_collections/csdn/Build/OvmfX64/DEBUG_VS2019/X64/PcAtChipsetPkg/Library/SerialIoLib/SerialIoLib/OUTPUT/PcAtSerialPortLib.lib
d:/uefi_specs_personal_collections/csdn/Build/OvmfX64/DEBUG_VS2019/X64/MdePkg/Library/BasePrintLib/BasePrintLib/OUTPUT/BasePrintLib.lib
d:/uefi_specs_personal_collections/csdn/Build/OvmfX64/DEBUG_VS2019/X64/MdePkg/Library/BaseDebugLibSerialPort/BaseDebugLibSerialPort/OUTPUT/BaseDebugLibSerialPort.lib
d:/uefi_specs_personal_collections/csdn/Build/OvmfX64/DEBUG_VS2019/X64/MdePkg/Library/BasePciCf8Lib/BasePciCf8Lib/OUTPUT/BasePciCf8Lib.lib
d:/uefi_specs_personal_collections/csdn/Build/OvmfX64/DEBUG_VS2019/X64/MdePkg/Library/BasePciLibCf8/BasePciLibCf8/OUTPUT/BasePciLibCf8.lib
d:/uefi_specs_personal_collections/csdn/Build/OvmfX64/DEBUG_VS2019/X64/OvmfPkg/Library/AcpiTimerLib/BaseRomAcpiTimerLib/OUTPUT/BaseRomAcpiTimerLib.lib
d:/uefi_specs_personal_collections/csdn/Build/OvmfX64/DEBUG_VS2019/X64/MdeModulePkg/Library/BaseRngLibTimerLib/BaseRngLibTimerLib/OUTPUT/BaseRngLibTimerLib.lib
d:/uefi_specs_personal_collections/csdn/Build/OvmfX64/DEBUG_VS2019/X64/MdePkg/Library/BaseSynchronizationLib/BaseSynchronizationLib/OUTPUT/BaseSynchronizationLib.lib
d:/uefi_specs_personal_collections/csdn/Build/OvmfX64/DEBUG_VS2019/X64/MdeModulePkg/Library/DebugAgentLibNull/DebugAgentLibNull/OUTPUT/DebugAgentLibNull.lib
d:/uefi_specs_personal_collections/csdn/Build/OvmfX64/DEBUG_VS2019/X64/CryptoPkg/Library/IntrinsicLib/IntrinsicLib/OUTPUT/BaseIntrinsicLib.lib
d:/uefi_specs_personal_collections/csdn/Build/OvmfX64/DEBUG_VS2019/X64/CryptoPkg/Library/OpensslLib/OpensslLibCrypto/OUTPUT/OpensslLibCrypto.lib
d:/uefi_specs_personal_collections/csdn/Build/OvmfX64/DEBUG_VS2019/X64/MdePkg/Library/BasePeCoffExtraActionLibNull/BasePeCoffExtraActionLibNull/OUTPUT/PeCoffExtraActionLibNull.lib
d:/uefi_specs_personal_collections/csdn/Build/OvmfX64/DEBUG_VS2019/X64/MdePkg/Library/BasePeCoffGetEntryPointLib/BasePeCoffGetEntryPointLib/OUTPUT/BasePeCoffGetEntryPointLib.lib
d:/uefi_specs_personal_collections/csdn/Build/OvmfX64/DEBUG_VS2019/X64/MdePkg/Library/BaseExtractGuidedSectionLib/BaseExtractGuidedSectionLib/OUTPUT/BaseExtractGuidedSectionLib.lib
d:/uefi_specs_personal_collections/csdn/Build/OvmfX64/DEBUG_VS2019/X64/OvmfPkg/Library/TdxMailboxLib/TdxMailboxLib/OUTPUT/TdxMailboxLib.lib
d:/uefi_specs_personal_collections/csdn/Build/OvmfX64/DEBUG_VS2019/X64/CryptoPkg/Library/BaseCryptLib/SecCryptLib/OUTPUT/SecCryptLib.lib
d:/uefi_specs_personal_collections/csdn/Build/OvmfX64/DEBUG_VS2019/X64/MdePkg/Library/BasePeCoffLib/BasePeCoffLib/OUTPUT/BasePeCoffLib.lib
d:/uefi_specs_personal_collections/csdn/Build/OvmfX64/DEBUG_VS2019/X64/UefiCpuPkg/Library/CpuExceptionHandlerLib/SecPeiCpuExceptionHandlerLib/OUTPUT/SecPeiCpuExceptionHandlerLib.lib
d:/uefi_specs_personal_collections/csdn/Build/OvmfX64/DEBUG_VS2019/X64/UefiCpuPkg/Library/CpuPageTableLib/CpuPageTableLib/OUTPUT/CpuPageTableLib.lib
d:/uefi_specs_personal_collections/csdn/Build/OvmfX64/DEBUG_VS2019/X64/MdeModulePkg/Library/LzmaCustomDecompressLib/LzmaCustomDecompressLib/OUTPUT/LzmaDecompressLib.lib
d:/uefi_specs_personal_collections/csdn/Build/OvmfX64/DEBUG_VS2019/X64/OvmfPkg/IntelTdx/TdxHelperLib/SecTdxHelperLib/OUTPUT/SecTdxHelperLib.lib