//
//  VFR compiler version  2.01 (UEFI 2.4) Developer Build based on Revision: Unknown
//
#line 1 "D:\\uefi_specs_personal_collections\\edk2\\NetworkPkg\\IScsiDxe\\IScsiConfigVfr.vfr"
#line 1 "d:\\uefi_specs_personal_collections\\csdn\\Build\\OvmfX64\\DEBUG_VS2019\\X64\\NetworkPkg\\IScsiDxe\\IScsiDxe\\DEBUG\\IScsiDxeStrDefs.h"






















































































extern unsigned char IScsiDxeStrings[];































































#line 152 "d:\\uefi_specs_personal_collections\\csdn\\Build\\OvmfX64\\DEBUG_VS2019\\X64\\NetworkPkg\\IScsiDxe\\IScsiDxe\\DEBUG\\IScsiDxeStrDefs.h"

#line 154 "d:\\uefi_specs_personal_collections\\csdn\\Build\\OvmfX64\\DEBUG_VS2019\\X64\\NetworkPkg\\IScsiDxe\\IScsiDxe\\DEBUG\\IScsiDxeStrDefs.h"
#line 1 "D:\\uefi_specs_personal_collections\\edk2\\NetworkPkg\\IScsiDxe\\IScsiConfigVfr.vfr"








#line 1 "D:\\uefi_specs_personal_collections\\edk2\\NetworkPkg\\IScsiDxe\\IScsiConfigNVDataStruc.h"











#line 1 "D:\\uefi_specs_personal_collections\\edk2\\NetworkPkg\\Include\\Guid/IScsiConfigHii.h"

















extern EFI_GUID  { 0x4b47d616, 0xa8d6, 0x4552, { 0x9d, 0x44, 0xcc, 0xad, 0x2e, 0xf, 0x4c, 0xf9}};

#line 21 "D:\\uefi_specs_personal_collections\\edk2\\NetworkPkg\\Include\\Guid/IScsiConfigHii.h"
#line 13 "D:\\uefi_specs_personal_collections\\edk2\\NetworkPkg\\IScsiDxe\\IScsiConfigNVDataStruc.h"







































































































































#pragma pack(1)




typedef struct {
  CHAR16    ISCSIIsId[13];
  CHAR16    ISCSIInitiatorIpAddress[16];
  CHAR16    ISCSIInitiatorNetmask[16];
  CHAR16    ISCSIInitiatorGateway[16];
  CHAR16    ISCSITargetName[224];
  CHAR16    ISCSITargetIpAddress[255];
  CHAR16    ISCSILun[21];
  CHAR16    ISCSIChapUsername[127];
  CHAR16    ISCSIChapSecret[17];
  CHAR16    ISCSIReverseChapUsername[127];
  CHAR16    ISCSIReverseChapSecret[17];
} KEYWORD_STR;

typedef struct _ISCSI_CONFIG_IFR_NVDATA {
  CHAR16         InitiatorName[224];
  CHAR16         AttemptName[12];
  UINT8          Enabled;
  UINT8          IpMode;

  UINT8          ConnectRetryCount;
  UINT8          Padding1;
  UINT16         ConnectTimeout; 

  UINT8          InitiatorInfoFromDhcp;
  UINT8          TargetInfoFromDhcp;
  CHAR16         LocalIp[16];
  CHAR16         SubnetMask[16];
  CHAR16         Gateway[16];

  CHAR16         TargetName[224];
  CHAR16         TargetIp[255];
  UINT16         TargetPort;
  CHAR16         BootLun[21];

  UINT8          AuthenticationType;

  UINT8          CHAPType;
  CHAR16         CHAPName[127];
  CHAR16         CHAPSecret[17];
  CHAR16         ReverseCHAPName[127];
  CHAR16         ReverseCHAPSecret[17];

  BOOLEAN        MutualRequired;
  UINT8          Padding2;
  CHAR16         KerberosUserName[96];
  CHAR16         KerberosUserSecret[17];
  CHAR16         KerberosKDCName[96];
  CHAR16         KerberosKDCRealm[96];
  CHAR16         KerberosKDCIp[40];
  UINT16         KerberosKDCPort;

  UINT8          DynamicOrderedList[0x08];
  UINT8          DeleteAttemptList[0x08];
  UINT8          AddAttemptList[0x08];
  CHAR16         IsId[13];

  
  
  
  CHAR16         ISCSIMacAddr[96];
  CHAR16         ISCSIAttemptOrder[96];
  CHAR16         ISCSIAddAttemptList[96];
  CHAR16         ISCSIDeleteAttemptList[96];
  CHAR16         ISCSIDisplayAttemptList[96];
  CHAR16         ISCSIAttemptName[96];
  UINT8          ISCSIBootEnableList[0x08];
  UINT8          ISCSIIpAddressTypeList[0x08];
  UINT8          ISCSIConnectRetry[0x08];
  UINT16         ISCSIConnectTimeout[0x08];
  UINT8          ISCSIInitiatorInfoViaDHCP[0x08];
  UINT8          ISCSITargetInfoViaDHCP[0x08];
  UINT16         ISCSITargetTcpPort[0x08];
  UINT8          ISCSIAuthenticationMethod[0x08];
  UINT8          ISCSIChapType[0x08];
  KEYWORD_STR    Keyword[0x08];
} ISCSI_CONFIG_IFR_NVDATA;
#pragma pack()

#line 233 "D:\\uefi_specs_personal_collections\\edk2\\NetworkPkg\\IScsiDxe\\IScsiConfigNVDataStruc.h"
#line 10 "D:\\uefi_specs_personal_collections\\edk2\\NetworkPkg\\IScsiDxe\\IScsiConfigVfr.vfr"



formset
>00000000: 0E A7 16 D6 47 4B D6 A8 52 45 9D 44 CC AD 2E 0F 4C F9 02 00 03 00 01 71 99 03 93 45 85 04 4B B4 5E 32 EB 83 26 04 0E 
>00000027: 5C 06 00 00 00 00 
>0000002D: 5C 06 00 00 01 00 
  guid     = { 0x4b47d616, 0xa8d6, 0x4552, { 0x9d, 0x44, 0xcc, 0xad, 0x2e, 0xf, 0x4c, 0xf9 } },
  title    = STRING_TOKEN(0x0002),
  help     = STRING_TOKEN(0x0003),

  varstore ISCSI_CONFIG_IFR_NVDATA,
>00000033: 24 2E 16 D6 47 4B D6 A8 52 45 9D 44 CC AD 2E 0F 4C F9 66 66 3C 45 49 53 43 53 49 5F 43 4F 4E 46 49 47 5F 49 46 52 5F 4E 56 44 41 54 41 00 
    varid = 0x6666,
    name = ISCSI_CONFIG_IFR_NVDATA,
    guid = { 0x4b47d616, 0xa8d6, 0x4552, { 0x9d, 0x44, 0xcc, 0xad, 0x2e, 0xf, 0x4c, 0xf9 } };

  form formid = 1,
>00000061: 01 86 01 00 04 00 
    title  = STRING_TOKEN(0x0004);

    string  varid   = ISCSI_CONFIG_IFR_NVDATA.InitiatorName,
>00000067: 1C 90 06 00 07 00 01 01 66 66 00 00 04 04 DF 00 
            prompt  = STRING_TOKEN(0x0006),
            help    = STRING_TOKEN(0x0007),
            flags   = INTERACTIVE,
            key     = 0x101,
            minsize = 4,
            maxsize = 223,
    endstring;
>00000077: 29 02 

    subtitle text = STRING_TOKEN(0x003A);
>00000079: 02 87 3A 00 00 00 00 
>00000080: 29 02 

    goto 2,
>00000082: 0F 0F 0E 00 0E 00 0E 01 00 00 FF FF 04 02 00 
         prompt = STRING_TOKEN(0x000E),
         help   = STRING_TOKEN(0x000E),
         flags  = INTERACTIVE,
         key    = 0x10e;

    label 0x9000;
>00000091: 5F 15 35 17 0B 0F A0 87 93 41 B2 66 53 8C 38 AF 48 CE 00 00 90 
    label 0xffff;
>000000A6: 5F 15 35 17 0B 0F A0 87 93 41 B2 66 53 8C 38 AF 48 CE 00 FF FF 

    subtitle text = STRING_TOKEN(0x003A);
>000000BB: 02 87 3A 00 00 00 00 
>000000C2: 29 02 

    goto 5,
>000000C4: 0F 0F 10 00 11 00 16 01 00 00 FF FF 04 05 00 
      prompt = STRING_TOKEN (0x0010),
      help   = STRING_TOKEN (0x0011),
      flags  = INTERACTIVE,
      key    = 0x116;

    subtitle text = STRING_TOKEN(0x003A);
>000000D3: 02 87 3A 00 00 00 00 
>000000DA: 29 02 

    goto 4,
>000000DC: 0F 0F 12 00 12 00 10 01 00 00 FF FF 04 04 00 
      prompt = STRING_TOKEN (0x0012),
      help   = STRING_TOKEN (0x0012),
      flags  = INTERACTIVE,
      key    = 0x110;

    subtitle text = STRING_TOKEN(0x003A);
>000000EB: 02 87 3A 00 00 00 00 
>000000F2: 29 02 

  endform;
>000000F4: 29 02 

  form formid = 2,
>000000F6: 01 86 02 00 05 00 
    title  = STRING_TOKEN(0x0005);

    label 0x3000;
>000000FC: 5F 15 35 17 0B 0F A0 87 93 41 B2 66 53 8C 38 AF 48 CE 00 00 30 
    label 0xffff;
>00000111: 5F 15 35 17 0B 0F A0 87 93 41 B2 66 53 8C 38 AF 48 CE 00 FF FF 

  endform;
>00000126: 29 02 

  form formid = 4,
>00000128: 01 86 04 00 12 00 
    title  = STRING_TOKEN(0x0012);

    label 0x4000;
>0000012E: 5F 15 35 17 0B 0F A0 87 93 41 B2 66 53 8C 38 AF 48 CE 00 00 40 
    label 0xffff;
>00000143: 5F 15 35 17 0B 0F A0 87 93 41 B2 66 53 8C 38 AF 48 CE 00 FF FF 

    text
      help   = STRING_TOKEN (0x003B),
      text   = STRING_TOKEN (0x003B),
      flags  = INTERACTIVE,
>00000158: 0C 8F 3B 00 3B 00 11 01 00 00 FF FF 04 00 00 
      key    = 0x111;
>00000167: 29 02 

    text
      help   = STRING_TOKEN (0x003C),
      text   = STRING_TOKEN (0x003C),
      flags  = INTERACTIVE,
>00000169: 0C 8F 3C 00 3C 00 12 01 00 00 FF FF 04 00 00 
      key    = 0x112;
>00000178: 29 02 
  endform;
>0000017A: 29 02 

  form formid = 5,
>0000017C: 01 86 05 00 10 00 
    title  = STRING_TOKEN(0x0010);

    label 0x5000;
>00000182: 5F 15 35 17 0B 0F A0 87 93 41 B2 66 53 8C 38 AF 48 CE 00 00 50 
    label 0xffff;
>00000197: 5F 15 35 17 0B 0F A0 87 93 41 B2 66 53 8C 38 AF 48 CE 00 FF FF 

    text
      help   = STRING_TOKEN (0x003B),
      text   = STRING_TOKEN (0x003B),
      flags  = INTERACTIVE,
>000001AC: 0C 8F 3B 00 3B 00 14 01 00 00 FF FF 04 00 00 
      key    = 0x114;
>000001BB: 29 02 

    text
      help   = STRING_TOKEN (0x003C),
      text   = STRING_TOKEN (0x003C),
      flags  = INTERACTIVE,
>000001BD: 0C 8F 3C 00 3C 00 15 01 00 00 FF FF 04 00 00 
      key    = 0x115;
>000001CC: 29 02 
  endform;
>000001CE: 29 02 

  form formid = 3,
>000001D0: 01 86 03 00 0F 00 
    title  = STRING_TOKEN(0x000F);

    string  varid   = ISCSI_CONFIG_IFR_NVDATA.AttemptName,
>000001D6: 1C 90 08 00 09 00 01 00 66 66 C0 01 01 00 0C 00 
            prompt  = STRING_TOKEN(0x0008),
            help    = STRING_TOKEN(0x0009),
            flags   = READ_ONLY,
            key     = 0x113,
            minsize = 0,
            maxsize = 12,
    endstring;
>000001E6: 29 02 

    subtitle text = STRING_TOKEN(0x003A);
>000001E8: 02 87 3A 00 00 00 00 
>000001EF: 29 02 

    oneof varid  = ISCSI_CONFIG_IFR_NVDATA.Enabled,
>000001F1: 05 91 13 00 14 00 02 00 66 66 D8 01 00 10 00 02 00 
          prompt = STRING_TOKEN(0x0013),
          help   = STRING_TOKEN(0x0014),
          option text = STRING_TOKEN(0x0015),         value = 0,         flags = DEFAULT;
>00000202: 09 07 15 00 10 00 00 
          option text = STRING_TOKEN(0x0016),          value = 1,          flags = 0;
>00000209: 09 07 16 00 00 00 01 
          option text = STRING_TOKEN(0x0017), value = 2, flags = 0;
>00000210: 09 07 17 00 00 00 02 
    endoneof;
>00000217: 29 02 

    subtitle text = STRING_TOKEN(0x003A);
>00000219: 02 87 3A 00 00 00 00 
>00000220: 29 02 

    oneof varid  = ISCSI_CONFIG_IFR_NVDATA.IpMode,
>00000222: 05 91 18 00 19 00 1C 01 66 66 D9 01 04 10 00 02 00 
          questionid = 0x11c,
          prompt = STRING_TOKEN(0x0018),
          help   = STRING_TOKEN(0x0019),
          option text = STRING_TOKEN(0x001A),        value = 0,        flags = INTERACTIVE;
>00000233: 09 07 1A 00 00 00 00 
          option text = STRING_TOKEN(0x001B),        value = 1,        flags = INTERACTIVE;
>0000023A: 09 07 1B 00 00 00 01 
          option text = STRING_TOKEN(0x001C), value = 2, flags = INTERACTIVE;
>00000241: 09 07 1C 00 00 00 02 
    endoneof;
>00000248: 29 02 

    subtitle text = STRING_TOKEN(0x003A);
>0000024A: 02 87 3A 00 00 00 00 
>00000251: 29 02 

    numeric varid   = ISCSI_CONFIG_IFR_NVDATA.ConnectRetryCount,
>00000253: 07 91 0A 00 0B 00 03 00 66 66 DA 01 00 10 00 10 00 
            prompt  = STRING_TOKEN(0x000A),
            help    = STRING_TOKEN(0x000B),
            flags   = 0,
            minimum = 0,
            maximum = 16,
            step    = 0,
    endnumeric;
>00000264: 29 02 

    numeric varid   = ISCSI_CONFIG_IFR_NVDATA.ConnectTimeout,
>00000266: 07 94 0C 00 0D 00 04 00 66 66 DC 01 00 11 64 00 20 4E 00 00 
            prompt  = STRING_TOKEN(0x000C),
            help    = STRING_TOKEN(0x000D),
            flags   = 0,
            minimum = 100,
            maximum = 20000,
            step    = 0,
            default = 1000,
>0000027A: 5B 07 00 00 01 E8 03 
    endnumeric;
>00000281: 29 02 

    subtitle text = STRING_TOKEN(0x003A);
>00000283: 02 87 3A 00 00 00 00 
>0000028A: 29 02 

    string  varid   = ISCSI_CONFIG_IFR_NVDATA.IsId,
>0000028C: 1C 90 3D 00 3E 00 1E 01 66 66 3A 0B 04 06 0C 00 
            prompt  = STRING_TOKEN(0x003D),
            help    = STRING_TOKEN(0x003E),
            flags   = INTERACTIVE,
            key     = 0x11e,
            minsize = 6,
            maxsize = 12,
    endstring;
>0000029C: 29 02 

    subtitle text = STRING_TOKEN(0x003A);
>0000029E: 02 87 3A 00 00 00 00 
>000002A5: 29 02 

    suppressif ideqval ISCSI_CONFIG_IFR_NVDATA.IpMode == 2;
>000002A7: 0A 82 
>000002A9: 12 06 1C 01 02 00 
    checkbox varid = ISCSI_CONFIG_IFR_NVDATA.InitiatorInfoFromDhcp,
>000002AF: 06 8E 2C 00 2C 00 02 01 66 66 DE 01 04 00 
            prompt = STRING_TOKEN(0x002C),
            help   = STRING_TOKEN(0x002C),
            flags  = INTERACTIVE,
            key    = 0x102,
    endcheckbox;
>000002BD: 29 02 
    endif;
>000002BF: 29 02 

    suppressif ideqval ISCSI_CONFIG_IFR_NVDATA.IpMode == 1 OR
>000002C1: 0A 82 
>000002C3: 12 86 1C 01 01 00 
>000002CF: 16 02 
>000002D1: 29 02 
               ideqval ISCSI_CONFIG_IFR_NVDATA.IpMode == 2;
>000002C9: 12 06 1C 01 02 00 

    grayoutif ideqval ISCSI_CONFIG_IFR_NVDATA.InitiatorInfoFromDhcp == 0x01;
>000002D3: 19 82 
>000002D5: 12 06 02 01 01 00 
    string  varid   = ISCSI_CONFIG_IFR_NVDATA.LocalIp,
>000002DB: 1C 90 21 00 24 00 03 01 66 66 E0 01 04 07 0F 00 
            prompt  = STRING_TOKEN(0x0021),
            help    = STRING_TOKEN(0x0024),
            flags   = INTERACTIVE,
            key     = 0x103,
            minsize = 7,
            maxsize = 15,
    endstring;
>000002EB: 29 02 

    string  varid   = ISCSI_CONFIG_IFR_NVDATA.SubnetMask,
>000002ED: 1C 90 22 00 24 00 04 01 66 66 00 02 04 07 0F 00 
            prompt  = STRING_TOKEN(0x0022),
            help    = STRING_TOKEN(0x0024),
            flags   = INTERACTIVE,
            key     = 0x104,
            minsize = 7,
            maxsize = 15,
    endstring;
>000002FD: 29 02 

    string  varid   = ISCSI_CONFIG_IFR_NVDATA.Gateway,
>000002FF: 1C 90 23 00 24 00 05 01 66 66 20 02 04 07 0F 00 
            prompt  = STRING_TOKEN(0x0023),
            help    = STRING_TOKEN(0x0024),
            flags   = INTERACTIVE,
            key     = 0x105,
            minsize = 7,
            maxsize = 15,
    endstring;
>0000030F: 29 02 
    endif;
>00000311: 29 02 

    endif;
>00000313: 29 02 

    suppressif ideqval ISCSI_CONFIG_IFR_NVDATA.IpMode == 2;
>00000315: 0A 82 
>00000317: 12 06 1C 01 02 00 
    subtitle text = STRING_TOKEN(0x003A);
>0000031D: 02 87 3A 00 00 00 00 
>00000324: 29 02 
    endif;
>00000326: 29 02 

    suppressif ideqval ISCSI_CONFIG_IFR_NVDATA.IpMode == 2 OR
>00000328: 0A 82 
>0000032A: 12 86 1C 01 02 00 
>00000336: 16 02 
>00000338: 29 02 
               ideqval ISCSI_CONFIG_IFR_NVDATA.InitiatorInfoFromDhcp == 0x00;
>00000330: 12 06 02 01 00 00 
    checkbox varid  = ISCSI_CONFIG_IFR_NVDATA.TargetInfoFromDhcp,
>0000033A: 06 8E 2D 00 2D 00 05 00 66 66 DF 01 00 00 
             prompt = STRING_TOKEN(0x002D),
             help   = STRING_TOKEN(0x002D),
             flags  = 0,
    endcheckbox;
>00000348: 29 02 
    endif;
>0000034A: 29 02 

    suppressif ideqval ISCSI_CONFIG_IFR_NVDATA.IpMode == 2 OR
>0000034C: 0A 82 
>0000034E: 12 86 1C 01 02 00 
>0000035A: 16 02 
>0000035C: 29 02 
               ideqval ISCSI_CONFIG_IFR_NVDATA.TargetInfoFromDhcp == 0x01;
>00000354: 12 06 05 00 01 00 

    string  varid   = ISCSI_CONFIG_IFR_NVDATA.TargetName,
>0000035E: 1C 90 25 00 26 00 0C 01 66 66 40 02 04 04 DF 00 
            prompt  = STRING_TOKEN(0x0025),
            help    = STRING_TOKEN(0x0026),
            flags   = INTERACTIVE,
            key     = 0x10c,
            minsize = 4,
            maxsize = 223,
    endstring;
>0000036E: 29 02 

    string  varid   = ISCSI_CONFIG_IFR_NVDATA.TargetIp,
>00000370: 1C 90 27 00 28 00 06 01 66 66 00 04 04 00 FF 00 
            prompt  = STRING_TOKEN(0x0027),
            help    = STRING_TOKEN(0x0028),
            flags   = INTERACTIVE,
            key     = 0x106,
            minsize = 0,
            maxsize = 255,
    endstring;
>00000380: 29 02 

    numeric varid   = ISCSI_CONFIG_IFR_NVDATA.TargetPort,
>00000382: 07 94 29 00 29 00 06 00 66 66 FE 05 00 11 00 00 FF FF 00 00 
            prompt  = STRING_TOKEN(0x0029),
            help    = STRING_TOKEN(0x0029),
            flags   = 0,
            minimum = 0,
            maximum = 65535,
            step    = 0,
    endnumeric;
>00000396: 29 02 

    string varid    = ISCSI_CONFIG_IFR_NVDATA.BootLun,
>00000398: 1C 90 2A 00 2B 00 0D 01 66 66 00 06 04 01 14 00 
            prompt  = STRING_TOKEN(0x002A),
            help    = STRING_TOKEN(0x002B),
            flags   = INTERACTIVE,
            key     = 0x10d,
            minsize = 1,
            maxsize = 20,
    endstring;
>000003A8: 29 02 

    endif;
>000003AA: 29 02 

    suppressif ideqval ISCSI_CONFIG_IFR_NVDATA.IpMode == 2;
>000003AC: 0A 82 
>000003AE: 12 06 1C 01 02 00 
    subtitle text = STRING_TOKEN(0x003A);
>000003B4: 02 87 3A 00 00 00 00 
>000003BB: 29 02 
    endif;
>000003BD: 29 02 

    oneof varid  = ISCSI_CONFIG_IFR_NVDATA.AuthenticationType,
>000003BF: 05 91 1D 00 1E 00 1D 01 66 66 2A 06 00 10 00 01 00 
          questionid = 0x11d,
          prompt = STRING_TOKEN(0x001D),
          help   = STRING_TOKEN(0x001E),
          option text = STRING_TOKEN(0x001F),     value = 1, flags = 0;
>000003D0: 09 07 1F 00 00 00 01 
          option text = STRING_TOKEN(0x0020),     value = 0, flags = DEFAULT;
>000003D7: 09 07 20 00 10 00 00 
    endoneof;
>000003DE: 29 02 

    suppressif NOT ideqval ISCSI_CONFIG_IFR_NVDATA.AuthenticationType == 1;
>000003E0: 0A 82 
>000003E2: 12 86 1D 01 01 00 
>000003E8: 17 02 
>000003EA: 29 02 
    oneof varid  = ISCSI_CONFIG_IFR_NVDATA.CHAPType,
>000003EC: 05 91 2E 00 2F 00 07 00 66 66 2B 06 00 10 00 01 00 
          prompt = STRING_TOKEN(0x002E),
          help   = STRING_TOKEN(0x002F),
          option text = STRING_TOKEN(0x0030),    value = 0,    flags = 0;
>000003FD: 09 07 30 00 00 00 00 
          option text = STRING_TOKEN(0x0031), value = 1, flags = DEFAULT;
>00000404: 09 07 31 00 10 00 01 
    endoneof;
>0000040B: 29 02 
    endif;
>0000040D: 29 02 

    suppressif NOT ideqval ISCSI_CONFIG_IFR_NVDATA.AuthenticationType == 1;
>0000040F: 0A 82 
>00000411: 12 86 1D 01 01 00 
>00000417: 17 02 
>00000419: 29 02 
    string  varid   = ISCSI_CONFIG_IFR_NVDATA.CHAPName,
>0000041B: 1C 90 32 00 32 00 07 01 66 66 2C 06 04 00 7E 00 
            prompt  = STRING_TOKEN(0x0032),
            help    = STRING_TOKEN(0x0032),
            flags   = INTERACTIVE,
            key     = 0x107,
            minsize = 0,
            maxsize = 126,
    endstring;
>0000042B: 29 02 

    string  varid    = ISCSI_CONFIG_IFR_NVDATA.CHAPSecret,
>0000042D: 1C 90 33 00 34 00 08 01 66 66 2A 07 04 0C 10 00 
            prompt   = STRING_TOKEN(0x0033),
            help     = STRING_TOKEN(0x0034),
            flags    = INTERACTIVE,
            key      = 0x108,
            minsize  = 12,
            maxsize  = 16,
    endstring;
>0000043D: 29 02 

    endif;
>0000043F: 29 02 

    suppressif NOT ideqval ISCSI_CONFIG_IFR_NVDATA.AuthenticationType == 1 OR
>00000441: 0A 82 
>00000443: 12 86 1D 01 01 00 
>00000449: 17 02 
>00000453: 16 02 
>00000455: 29 02 
               NOT ideqval ISCSI_CONFIG_IFR_NVDATA.CHAPType == 1;
>0000044B: 12 06 07 00 01 00 
>00000451: 17 02 

    string  varid   = ISCSI_CONFIG_IFR_NVDATA.ReverseCHAPName,
>00000457: 1C 90 35 00 35 00 09 01 66 66 4C 07 04 00 7E 00 
            prompt  = STRING_TOKEN(0x0035),
            help    = STRING_TOKEN(0x0035),
            flags   = INTERACTIVE,
            key     = 0x109,
            minsize = 0,
            maxsize = 126,
    endstring;
>00000467: 29 02 

    string  varid    = ISCSI_CONFIG_IFR_NVDATA.ReverseCHAPSecret,
>00000469: 1C 90 36 00 34 00 0A 01 66 66 4A 08 04 0C 10 00 
            prompt   = STRING_TOKEN(0x0036),
            help     = STRING_TOKEN(0x0034),
            flags    = INTERACTIVE,
            key      = 0x10a,
            minsize  = 12,
            maxsize  = 16,
    endstring;
>00000479: 29 02 

    endif;
>0000047B: 29 02 

    suppressif TRUE;
>0000047D: 0A 82 
>0000047F: 46 02 

    string  varid   = ISCSI_CONFIG_IFR_NVDATA.ISCSIMacAddr,
>00000481: 1C 90 3F 00 3F 00 08 00 66 66 54 0B 00 00 60 00 
            prompt  = STRING_TOKEN(0x003F),
            help    = STRING_TOKEN(0x003F),
            minsize = 0,
            maxsize = 96,
    endstring;
>00000491: 29 02 

    string  varid   = ISCSI_CONFIG_IFR_NVDATA.ISCSIAttemptOrder,
>00000493: 1C 90 43 00 43 00 09 00 66 66 14 0C 00 00 60 00 
            prompt  = STRING_TOKEN(0x0043),
            help    = STRING_TOKEN(0x0043),
            minsize = 0,
            maxsize = 96,
    endstring;
>000004A3: 29 02 

    string  varid   = ISCSI_CONFIG_IFR_NVDATA.ISCSIAddAttemptList,
>000004A5: 1C 90 40 00 40 00 0A 00 66 66 D4 0C 00 00 60 00 
            prompt  = STRING_TOKEN(0x0040),
            help    = STRING_TOKEN(0x0040),
            minsize = 0,
            maxsize = 96,
    endstring;
>000004B5: 29 02 

    string  varid   = ISCSI_CONFIG_IFR_NVDATA.ISCSIDeleteAttemptList,
>000004B7: 1C 90 41 00 41 00 0B 00 66 66 94 0D 00 00 60 00 
            prompt  = STRING_TOKEN(0x0041),
            help    = STRING_TOKEN(0x0041),
            minsize = 0,
            maxsize = 96,
    endstring;
>000004C7: 29 02 

    string  varid   = ISCSI_CONFIG_IFR_NVDATA.ISCSIDisplayAttemptList,
>000004C9: 1C 90 42 00 42 00 0C 00 66 66 54 0E 01 00 60 00 
            prompt  = STRING_TOKEN(0x0042),
            help    = STRING_TOKEN(0x0042),
            flags   = READ_ONLY,
            minsize = 0,
            maxsize = 96,
    endstring;
>000004D9: 29 02 

    label 0x6000;
>000004DB: 5F 15 35 17 0B 0F A0 87 93 41 B2 66 53 8C 38 AF 48 CE 00 00 60 
    label 0xffff;
>000004F0: 5F 15 35 17 0B 0F A0 87 93 41 B2 66 53 8C 38 AF 48 CE 00 FF FF 
    endif;
>00000505: 29 02 

    subtitle text = STRING_TOKEN(0x003A);
>00000507: 02 87 3A 00 00 00 00 
>0000050E: 29 02 

    text
      help   = STRING_TOKEN (0x0039),
      text   = STRING_TOKEN (0x0038),
      flags  = INTERACTIVE,
>00000510: 0C 8F 38 00 39 00 0F 01 00 00 FF FF 04 00 00 
      key    = 0x10f;
>0000051F: 29 02 

    goto 1,
>00000521: 0F 0F 37 00 37 00 0D 00 00 00 FF FF 00 01 00 
    prompt = STRING_TOKEN (0x0037),
    help   = STRING_TOKEN (0x0037),
    flags  = 0;

  endform;
>00000530: 29 02 

endformset;
>00000532: 29 02 


//
// All Opcode Record List 
//
>00000000: 0E A7 16 D6 47 4B D6 A8 52 45 9D 44 CC AD 2E 0F 4C F9 02 00 03 00 01 71 99 03 93 45 85 04 4B B4 5E 32 EB 83 26 04 0E 
>00000027: 5C 06 00 00 00 00 
>0000002D: 5C 06 00 00 01 00 
>00000033: 24 2E 16 D6 47 4B D6 A8 52 45 9D 44 CC AD 2E 0F 4C F9 66 66 3C 45 49 53 43 53 49 5F 43 4F 4E 46 49 47 5F 49 46 52 5F 4E 56 44 41 54 41 00 
>00000061: 01 86 01 00 04 00 
>00000067: 1C 90 06 00 07 00 01 01 66 66 00 00 04 04 DF 00 
>00000077: 29 02 
>00000079: 02 87 3A 00 00 00 00 
>00000080: 29 02 
>00000082: 0F 0F 0E 00 0E 00 0E 01 00 00 FF FF 04 02 00 
>00000091: 5F 15 35 17 0B 0F A0 87 93 41 B2 66 53 8C 38 AF 48 CE 00 00 90 
>000000A6: 5F 15 35 17 0B 0F A0 87 93 41 B2 66 53 8C 38 AF 48 CE 00 FF FF 
>000000BB: 02 87 3A 00 00 00 00 
>000000C2: 29 02 
>000000C4: 0F 0F 10 00 11 00 16 01 00 00 FF FF 04 05 00 
>000000D3: 02 87 3A 00 00 00 00 
>000000DA: 29 02 
>000000DC: 0F 0F 12 00 12 00 10 01 00 00 FF FF 04 04 00 
>000000EB: 02 87 3A 00 00 00 00 
>000000F2: 29 02 
>000000F4: 29 02 
>000000F6: 01 86 02 00 05 00 
>000000FC: 5F 15 35 17 0B 0F A0 87 93 41 B2 66 53 8C 38 AF 48 CE 00 00 30 
>00000111: 5F 15 35 17 0B 0F A0 87 93 41 B2 66 53 8C 38 AF 48 CE 00 FF FF 
>00000126: 29 02 
>00000128: 01 86 04 00 12 00 
>0000012E: 5F 15 35 17 0B 0F A0 87 93 41 B2 66 53 8C 38 AF 48 CE 00 00 40 
>00000143: 5F 15 35 17 0B 0F A0 87 93 41 B2 66 53 8C 38 AF 48 CE 00 FF FF 
>00000158: 0C 8F 3B 00 3B 00 11 01 00 00 FF FF 04 00 00 
>00000167: 29 02 
>00000169: 0C 8F 3C 00 3C 00 12 01 00 00 FF FF 04 00 00 
>00000178: 29 02 
>0000017A: 29 02 
>0000017C: 01 86 05 00 10 00 
>00000182: 5F 15 35 17 0B 0F A0 87 93 41 B2 66 53 8C 38 AF 48 CE 00 00 50 
>00000197: 5F 15 35 17 0B 0F A0 87 93 41 B2 66 53 8C 38 AF 48 CE 00 FF FF 
>000001AC: 0C 8F 3B 00 3B 00 14 01 00 00 FF FF 04 00 00 
>000001BB: 29 02 
>000001BD: 0C 8F 3C 00 3C 00 15 01 00 00 FF FF 04 00 00 
>000001CC: 29 02 
>000001CE: 29 02 
>000001D0: 01 86 03 00 0F 00 
>000001D6: 1C 90 08 00 09 00 01 00 66 66 C0 01 01 00 0C 00 
>000001E6: 29 02 
>000001E8: 02 87 3A 00 00 00 00 
>000001EF: 29 02 
>000001F1: 05 91 13 00 14 00 02 00 66 66 D8 01 00 10 00 02 00 
>00000202: 09 07 15 00 10 00 00 
>00000209: 09 07 16 00 00 00 01 
>00000210: 09 07 17 00 00 00 02 
>00000217: 29 02 
>00000219: 02 87 3A 00 00 00 00 
>00000220: 29 02 
>00000222: 05 91 18 00 19 00 1C 01 66 66 D9 01 04 10 00 02 00 
>00000233: 09 07 1A 00 00 00 00 
>0000023A: 09 07 1B 00 00 00 01 
>00000241: 09 07 1C 00 00 00 02 
>00000248: 29 02 
>0000024A: 02 87 3A 00 00 00 00 
>00000251: 29 02 
>00000253: 07 91 0A 00 0B 00 03 00 66 66 DA 01 00 10 00 10 00 
>00000264: 29 02 
>00000266: 07 94 0C 00 0D 00 04 00 66 66 DC 01 00 11 64 00 20 4E 00 00 
>0000027A: 5B 07 00 00 01 E8 03 
>00000281: 29 02 
>00000283: 02 87 3A 00 00 00 00 
>0000028A: 29 02 
>0000028C: 1C 90 3D 00 3E 00 1E 01 66 66 3A 0B 04 06 0C 00 
>0000029C: 29 02 
>0000029E: 02 87 3A 00 00 00 00 
>000002A5: 29 02 
>000002A7: 0A 82 
>000002A9: 12 06 1C 01 02 00 
>000002AF: 06 8E 2C 00 2C 00 02 01 66 66 DE 01 04 00 
>000002BD: 29 02 
>000002BF: 29 02 
>000002C1: 0A 82 
>000002C3: 12 86 1C 01 01 00 
>000002C9: 12 06 1C 01 02 00 
>000002CF: 16 02 
>000002D1: 29 02 
>000002D3: 19 82 
>000002D5: 12 06 02 01 01 00 
>000002DB: 1C 90 21 00 24 00 03 01 66 66 E0 01 04 07 0F 00 
>000002EB: 29 02 
>000002ED: 1C 90 22 00 24 00 04 01 66 66 00 02 04 07 0F 00 
>000002FD: 29 02 
>000002FF: 1C 90 23 00 24 00 05 01 66 66 20 02 04 07 0F 00 
>0000030F: 29 02 
>00000311: 29 02 
>00000313: 29 02 
>00000315: 0A 82 
>00000317: 12 06 1C 01 02 00 
>0000031D: 02 87 3A 00 00 00 00 
>00000324: 29 02 
>00000326: 29 02 
>00000328: 0A 82 
>0000032A: 12 86 1C 01 02 00 
>00000330: 12 06 02 01 00 00 
>00000336: 16 02 
>00000338: 29 02 
>0000033A: 06 8E 2D 00 2D 00 05 00 66 66 DF 01 00 00 
>00000348: 29 02 
>0000034A: 29 02 
>0000034C: 0A 82 
>0000034E: 12 86 1C 01 02 00 
>00000354: 12 06 05 00 01 00 
>0000035A: 16 02 
>0000035C: 29 02 
>0000035E: 1C 90 25 00 26 00 0C 01 66 66 40 02 04 04 DF 00 
>0000036E: 29 02 
>00000370: 1C 90 27 00 28 00 06 01 66 66 00 04 04 00 FF 00 
>00000380: 29 02 
>00000382: 07 94 29 00 29 00 06 00 66 66 FE 05 00 11 00 00 FF FF 00 00 
>00000396: 29 02 
>00000398: 1C 90 2A 00 2B 00 0D 01 66 66 00 06 04 01 14 00 
>000003A8: 29 02 
>000003AA: 29 02 
>000003AC: 0A 82 
>000003AE: 12 06 1C 01 02 00 
>000003B4: 02 87 3A 00 00 00 00 
>000003BB: 29 02 
>000003BD: 29 02 
>000003BF: 05 91 1D 00 1E 00 1D 01 66 66 2A 06 00 10 00 01 00 
>000003D0: 09 07 1F 00 00 00 01 
>000003D7: 09 07 20 00 10 00 00 
>000003DE: 29 02 
>000003E0: 0A 82 
>000003E2: 12 86 1D 01 01 00 
>000003E8: 17 02 
>000003EA: 29 02 
>000003EC: 05 91 2E 00 2F 00 07 00 66 66 2B 06 00 10 00 01 00 
>000003FD: 09 07 30 00 00 00 00 
>00000404: 09 07 31 00 10 00 01 
>0000040B: 29 02 
>0000040D: 29 02 
>0000040F: 0A 82 
>00000411: 12 86 1D 01 01 00 
>00000417: 17 02 
>00000419: 29 02 
>0000041B: 1C 90 32 00 32 00 07 01 66 66 2C 06 04 00 7E 00 
>0000042B: 29 02 
>0000042D: 1C 90 33 00 34 00 08 01 66 66 2A 07 04 0C 10 00 
>0000043D: 29 02 
>0000043F: 29 02 
>00000441: 0A 82 
>00000443: 12 86 1D 01 01 00 
>00000449: 17 02 
>0000044B: 12 06 07 00 01 00 
>00000451: 17 02 
>00000453: 16 02 
>00000455: 29 02 
>00000457: 1C 90 35 00 35 00 09 01 66 66 4C 07 04 00 7E 00 
>00000467: 29 02 
>00000469: 1C 90 36 00 34 00 0A 01 66 66 4A 08 04 0C 10 00 
>00000479: 29 02 
>0000047B: 29 02 
>0000047D: 0A 82 
>0000047F: 46 02 
>00000481: 1C 90 3F 00 3F 00 08 00 66 66 54 0B 00 00 60 00 
>00000491: 29 02 
>00000493: 1C 90 43 00 43 00 09 00 66 66 14 0C 00 00 60 00 
>000004A3: 29 02 
>000004A5: 1C 90 40 00 40 00 0A 00 66 66 D4 0C 00 00 60 00 
>000004B5: 29 02 
>000004B7: 1C 90 41 00 41 00 0B 00 66 66 94 0D 00 00 60 00 
>000004C7: 29 02 
>000004C9: 1C 90 42 00 42 00 0C 00 66 66 54 0E 01 00 60 00 
>000004D9: 29 02 
>000004DB: 5F 15 35 17 0B 0F A0 87 93 41 B2 66 53 8C 38 AF 48 CE 00 00 60 
>000004F0: 5F 15 35 17 0B 0F A0 87 93 41 B2 66 53 8C 38 AF 48 CE 00 FF FF 
>00000505: 29 02 
>00000507: 02 87 3A 00 00 00 00 
>0000050E: 29 02 
>00000510: 0C 8F 38 00 39 00 0F 01 00 00 FF FF 04 00 00 
>0000051F: 29 02 
>00000521: 0F 0F 37 00 37 00 0D 00 00 00 FF FF 00 01 00 
>00000530: 29 02 
>00000532: 29 02 

Total Size of all record is 0x00000534


***************************************************************
		mPackAlign = 1
		struct ISCSI_CONFIG_IFR_NVDATA : mAlign [1] mTotalSize [0x453c]

		struct ISCSI_CONFIG_IFR_NVDATA {
			+00000000[00000000] InitiatorName[224] <UINT16>
			+00000448[000001c0] AttemptName[12] <UINT16>
			+00000472[000001d8] Enabled <UINT8>
			+00000473[000001d9] IpMode <UINT8>
			+00000474[000001da] ConnectRetryCount <UINT8>
			+00000475[000001db] Padding1 <UINT8>
			+00000476[000001dc] ConnectTimeout <UINT16>
			+00000478[000001de] InitiatorInfoFromDhcp <UINT8>
			+00000479[000001df] TargetInfoFromDhcp <UINT8>
			+00000480[000001e0] LocalIp[16] <UINT16>
			+00000512[00000200] SubnetMask[16] <UINT16>
			+00000544[00000220] Gateway[16] <UINT16>
			+00000576[00000240] TargetName[224] <UINT16>
			+00001024[00000400] TargetIp[255] <UINT16>
			+00001534[000005fe] TargetPort <UINT16>
			+00001536[00000600] BootLun[21] <UINT16>
			+00001578[0000062a] AuthenticationType <UINT8>
			+00001579[0000062b] CHAPType <UINT8>
			+00001580[0000062c] CHAPName[127] <UINT16>
			+00001834[0000072a] CHAPSecret[17] <UINT16>
			+00001868[0000074c] ReverseCHAPName[127] <UINT16>
			+00002122[0000084a] ReverseCHAPSecret[17] <UINT16>
			+00002156[0000086c] MutualRequired <BOOLEAN>
			+00002157[0000086d] Padding2 <UINT8>
			+00002158[0000086e] KerberosUserName[96] <UINT16>
			+00002350[0000092e] KerberosUserSecret[17] <UINT16>
			+00002384[00000950] KerberosKDCName[96] <UINT16>
			+00002576[00000a10] KerberosKDCRealm[96] <UINT16>
			+00002768[00000ad0] KerberosKDCIp[40] <UINT16>
			+00002848[00000b20] KerberosKDCPort <UINT16>
			+00002850[00000b22] DynamicOrderedList[8] <UINT8>
			+00002858[00000b2a] DeleteAttemptList[8] <UINT8>
			+00002866[00000b32] AddAttemptList[8] <UINT8>
			+00002874[00000b3a] IsId[13] <UINT16>
			+00002900[00000b54] ISCSIMacAddr[96] <UINT16>
			+00003092[00000c14] ISCSIAttemptOrder[96] <UINT16>
			+00003284[00000cd4] ISCSIAddAttemptList[96] <UINT16>
			+00003476[00000d94] ISCSIDeleteAttemptList[96] <UINT16>
			+00003668[00000e54] ISCSIDisplayAttemptList[96] <UINT16>
			+00003860[00000f14] ISCSIAttemptName[96] <UINT16>
			+00004052[00000fd4] ISCSIBootEnableList[8] <UINT8>
			+00004060[00000fdc] ISCSIIpAddressTypeList[8] <UINT8>
			+00004068[00000fe4] ISCSIConnectRetry[8] <UINT8>
			+00004076[00000fec] ISCSIConnectTimeout[8] <UINT16>
			+00004092[00000ffc] ISCSIInitiatorInfoViaDHCP[8] <UINT8>
			+00004100[00001004] ISCSITargetInfoViaDHCP[8] <UINT8>
			+00004108[0000100c] ISCSITargetTcpPort[8] <UINT16>
			+00004124[0000101c] ISCSIAuthenticationMethod[8] <UINT8>
			+00004132[00001024] ISCSIChapType[8] <UINT8>
			+00004140[0000102c] Keyword[8] <KEYWORD_STR>
		};
---------------------------------------------------------------
		struct KEYWORD_STR : mAlign [1] mTotalSize [0x6a2]

		struct KEYWORD_STR {
			+00000000[00000000] ISCSIIsId[13] <UINT16>
			+00000026[0000001a] ISCSIInitiatorIpAddress[16] <UINT16>
			+00000058[0000003a] ISCSIInitiatorNetmask[16] <UINT16>
			+00000090[0000005a] ISCSIInitiatorGateway[16] <UINT16>
			+00000122[0000007a] ISCSITargetName[224] <UINT16>
			+00000570[0000023a] ISCSITargetIpAddress[255] <UINT16>
			+00001080[00000438] ISCSILun[21] <UINT16>
			+00001122[00000462] ISCSIChapUsername[127] <UINT16>
			+00001376[00000560] ISCSIChapSecret[17] <UINT16>
			+00001410[00000582] ISCSIReverseChapUsername[127] <UINT16>
			+00001664[00000680] ISCSIReverseChapSecret[17] <UINT16>
		};
---------------------------------------------------------------
		struct EFI_HII_REF : mAlign [16] mTotalSize [0x16]

		struct EFI_HII_REF {
			+00000000[00000000] QuestionId <UINT16>
			+00000002[00000002] FormId <UINT16>
			+00000004[00000004] FormSetGuid <(null)>
			+00000020[00000014] DevicePath <EFI_STRING_ID>
		};
---------------------------------------------------------------
		struct EFI_HII_TIME : mAlign [1] mTotalSize [0x3]

		struct EFI_HII_TIME {
			+00000000[00000000] Hours <UINT8>
			+00000001[00000001] Minutes <UINT8>
			+00000002[00000002] Seconds <UINT8>
		};
---------------------------------------------------------------
		struct EFI_STRING_ID : mAlign [2] mTotalSize [0x2]

		struct EFI_STRING_ID {
		};
---------------------------------------------------------------
		struct EFI_HII_DATE : mAlign [2] mTotalSize [0x4]

		struct EFI_HII_DATE {
			+00000000[00000000] Year <UINT16>
			+00000002[00000002] Month <UINT8>
			+00000003[00000003] Day <UINT8>
		};
---------------------------------------------------------------
		struct BOOLEAN : mAlign [1] mTotalSize [0x1]

		struct BOOLEAN {
		};
---------------------------------------------------------------
		struct UINT8 : mAlign [1] mTotalSize [0x1]

		struct UINT8 {
		};
---------------------------------------------------------------
		struct UINT16 : mAlign [2] mTotalSize [0x2]

		struct UINT16 {
		};
---------------------------------------------------------------
		struct UINT32 : mAlign [4] mTotalSize [0x4]

		struct UINT32 {
		};
---------------------------------------------------------------
		struct UINT64 : mAlign [8] mTotalSize [0x8]

		struct UINT64 {
		};
---------------------------------------------------------------
***************************************************************
