d:/uefi_specs_personal_collections/csdn/Build/OvmfX64/DEBUG_VS2019/X64/StdLib/LibC/Math/Math/OUTPUT/e_acos.obj
d:/uefi_specs_personal_collections/csdn/Build/OvmfX64/DEBUG_VS2019/X64/StdLib/LibC/Math/Math/OUTPUT/e_asin.obj
d:/uefi_specs_personal_collections/csdn/Build/OvmfX64/DEBUG_VS2019/X64/StdLib/LibC/Math/Math/OUTPUT/e_atan2.obj
d:/uefi_specs_personal_collections/csdn/Build/OvmfX64/DEBUG_VS2019/X64/StdLib/LibC/Math/Math/OUTPUT/e_cosh.obj
d:/uefi_specs_personal_collections/csdn/Build/OvmfX64/DEBUG_VS2019/X64/StdLib/LibC/Math/Math/OUTPUT/e_exp.obj
d:/uefi_specs_personal_collections/csdn/Build/OvmfX64/DEBUG_VS2019/X64/StdLib/LibC/Math/Math/OUTPUT/e_sinh.obj
d:/uefi_specs_personal_collections/csdn/Build/OvmfX64/DEBUG_VS2019/X64/StdLib/LibC/Math/Math/OUTPUT/e_log.obj
d:/uefi_specs_personal_collections/csdn/Build/OvmfX64/DEBUG_VS2019/X64/StdLib/LibC/Math/Math/OUTPUT/e_log2.obj
d:/uefi_specs_personal_collections/csdn/Build/OvmfX64/DEBUG_VS2019/X64/StdLib/LibC/Math/Math/OUTPUT/e_log10.obj
d:/uefi_specs_personal_collections/csdn/Build/OvmfX64/DEBUG_VS2019/X64/StdLib/LibC/Math/Math/OUTPUT/e_pow.obj
d:/uefi_specs_personal_collections/csdn/Build/OvmfX64/DEBUG_VS2019/X64/StdLib/LibC/Math/Math/OUTPUT/e_sqrt.obj
d:/uefi_specs_personal_collections/csdn/Build/OvmfX64/DEBUG_VS2019/X64/StdLib/LibC/Math/Math/OUTPUT/e_fmod.obj
d:/uefi_specs_personal_collections/csdn/Build/OvmfX64/DEBUG_VS2019/X64/StdLib/LibC/Math/Math/OUTPUT/e_rem_pio2.obj
d:/uefi_specs_personal_collections/csdn/Build/OvmfX64/DEBUG_VS2019/X64/StdLib/LibC/Math/Math/OUTPUT/k_cos.obj
d:/uefi_specs_personal_collections/csdn/Build/OvmfX64/DEBUG_VS2019/X64/StdLib/LibC/Math/Math/OUTPUT/k_sin.obj
d:/uefi_specs_personal_collections/csdn/Build/OvmfX64/DEBUG_VS2019/X64/StdLib/LibC/Math/Math/OUTPUT/k_tan.obj
d:/uefi_specs_personal_collections/csdn/Build/OvmfX64/DEBUG_VS2019/X64/StdLib/LibC/Math/Math/OUTPUT/k_rem_pio2.obj
d:/uefi_specs_personal_collections/csdn/Build/OvmfX64/DEBUG_VS2019/X64/StdLib/LibC/Math/Math/OUTPUT/s_atan.obj
d:/uefi_specs_personal_collections/csdn/Build/OvmfX64/DEBUG_VS2019/X64/StdLib/LibC/Math/Math/OUTPUT/s_cos.obj
d:/uefi_specs_personal_collections/csdn/Build/OvmfX64/DEBUG_VS2019/X64/StdLib/LibC/Math/Math/OUTPUT/s_sin.obj
d:/uefi_specs_personal_collections/csdn/Build/OvmfX64/DEBUG_VS2019/X64/StdLib/LibC/Math/Math/OUTPUT/s_tan.obj
d:/uefi_specs_personal_collections/csdn/Build/OvmfX64/DEBUG_VS2019/X64/StdLib/LibC/Math/Math/OUTPUT/s_expm1.obj
d:/uefi_specs_personal_collections/csdn/Build/OvmfX64/DEBUG_VS2019/X64/StdLib/LibC/Math/Math/OUTPUT/s_tanh.obj
d:/uefi_specs_personal_collections/csdn/Build/OvmfX64/DEBUG_VS2019/X64/StdLib/LibC/Math/Math/OUTPUT/s_frexp.obj
d:/uefi_specs_personal_collections/csdn/Build/OvmfX64/DEBUG_VS2019/X64/StdLib/LibC/Math/Math/OUTPUT/s_ldexp.obj
d:/uefi_specs_personal_collections/csdn/Build/OvmfX64/DEBUG_VS2019/X64/StdLib/LibC/Math/Math/OUTPUT/s_scalbn.obj
d:/uefi_specs_personal_collections/csdn/Build/OvmfX64/DEBUG_VS2019/X64/StdLib/LibC/Math/Math/OUTPUT/s_copysign.obj
d:/uefi_specs_personal_collections/csdn/Build/OvmfX64/DEBUG_VS2019/X64/StdLib/LibC/Math/Math/OUTPUT/s_finite.obj
d:/uefi_specs_personal_collections/csdn/Build/OvmfX64/DEBUG_VS2019/X64/StdLib/LibC/Math/Math/OUTPUT/s_infinity.obj
d:/uefi_specs_personal_collections/csdn/Build/OvmfX64/DEBUG_VS2019/X64/StdLib/LibC/Math/Math/OUTPUT/s_modf.obj
d:/uefi_specs_personal_collections/csdn/Build/OvmfX64/DEBUG_VS2019/X64/StdLib/LibC/Math/Math/OUTPUT/s_fabs.obj
d:/uefi_specs_personal_collections/csdn/Build/OvmfX64/DEBUG_VS2019/X64/StdLib/LibC/Math/Math/OUTPUT/s_ceil.obj
d:/uefi_specs_personal_collections/csdn/Build/OvmfX64/DEBUG_VS2019/X64/StdLib/LibC/Math/Math/OUTPUT/s_floor.obj
d:/uefi_specs_personal_collections/csdn/Build/OvmfX64/DEBUG_VS2019/X64/StdLib/LibC/Math/Math/OUTPUT/w_acos.obj
d:/uefi_specs_personal_collections/csdn/Build/OvmfX64/DEBUG_VS2019/X64/StdLib/LibC/Math/Math/OUTPUT/w_asin.obj
d:/uefi_specs_personal_collections/csdn/Build/OvmfX64/DEBUG_VS2019/X64/StdLib/LibC/Math/Math/OUTPUT/w_atan2.obj
d:/uefi_specs_personal_collections/csdn/Build/OvmfX64/DEBUG_VS2019/X64/StdLib/LibC/Math/Math/OUTPUT/w_cosh.obj
d:/uefi_specs_personal_collections/csdn/Build/OvmfX64/DEBUG_VS2019/X64/StdLib/LibC/Math/Math/OUTPUT/w_sinh.obj
d:/uefi_specs_personal_collections/csdn/Build/OvmfX64/DEBUG_VS2019/X64/StdLib/LibC/Math/Math/OUTPUT/w_exp.obj
d:/uefi_specs_personal_collections/csdn/Build/OvmfX64/DEBUG_VS2019/X64/StdLib/LibC/Math/Math/OUTPUT/w_log.obj
d:/uefi_specs_personal_collections/csdn/Build/OvmfX64/DEBUG_VS2019/X64/StdLib/LibC/Math/Math/OUTPUT/w_log2.obj
d:/uefi_specs_personal_collections/csdn/Build/OvmfX64/DEBUG_VS2019/X64/StdLib/LibC/Math/Math/OUTPUT/w_log10.obj
d:/uefi_specs_personal_collections/csdn/Build/OvmfX64/DEBUG_VS2019/X64/StdLib/LibC/Math/Math/OUTPUT/w_pow.obj
d:/uefi_specs_personal_collections/csdn/Build/OvmfX64/DEBUG_VS2019/X64/StdLib/LibC/Math/Math/OUTPUT/w_sqrt.obj
d:/uefi_specs_personal_collections/csdn/Build/OvmfX64/DEBUG_VS2019/X64/StdLib/LibC/Math/Math/OUTPUT/w_fmod.obj